TN:
SF:src/pnut-ts.ts
FN:36,PNutInTypeScript
FN:61,setArgs
FN:67,run
FN:76,writeOut
FN:77,writeErr
FN:79,outputError
FN:586,errorColor
FN:591,prefixName
FN:599,runCommand
FNF:9
FNH:3
FNDA:122,PNutInTypeScript
FNDA:0,setArgs
FNDA:122,run
FNDA:0,writeOut
FNDA:0,writeErr
FNDA:0,outputError
FNDA:0,errorColor
FNDA:0,prefixName
FNDA:122,runCommand
DA:1,1
DA:2,1
DA:3,1
DA:4,1
DA:5,1
DA:6,1
DA:7,1
DA:8,1
DA:9,1
DA:10,1
DA:11,1
DA:12,1
DA:13,1
DA:14,1
DA:15,1
DA:16,1
DA:17,1
DA:18,1
DA:19,1
DA:20,1
DA:21,1
DA:22,1
DA:23,1
DA:24,1
DA:25,1
DA:26,1
DA:27,1
DA:28,1
DA:29,1
DA:30,1
DA:31,1
DA:32,1
DA:33,1
DA:34,1
DA:35,1
DA:36,1
DA:37,122
DA:38,122
DA:39,119
DA:40,119
DA:41,119
DA:42,122
DA:43,0
DA:44,0
DA:45,122
DA:46,122
DA:47,122
DA:48,0
DA:49,0
DA:50,122
DA:51,122
DA:52,0
DA:53,122
DA:54,122
DA:55,122
DA:56,0
DA:57,122
DA:58,122
DA:59,122
DA:60,1
DA:61,1
DA:62,0
DA:63,0
DA:64,0
DA:65,0
DA:66,1
DA:67,1
DA:68,122
DA:69,122
DA:70,0
DA:71,0
DA:72,122
DA:73,122
DA:74,122
DA:75,122
DA:76,122
DA:77,122
DA:78,122
DA:79,122
DA:80,122
DA:81,122
DA:82,122
DA:83,122
DA:84,122
DA:85,122
DA:86,122
DA:87,122
DA:88,122
DA:89,122
DA:90,122
DA:91,122
DA:92,122
DA:93,122
DA:94,122
DA:95,122
DA:96,122
DA:97,122
DA:98,122
DA:99,122
DA:100,122
DA:101,122
DA:102,122
DA:103,122
DA:104,122
DA:105,122
DA:106,122
DA:107,122
DA:108,122
DA:109,122
DA:110,122
DA:111,122
DA:112,122
DA:113,122
DA:114,122
DA:115,122
DA:116,122
DA:117,122
DA:118,122
DA:119,122
DA:120,122
DA:121,122
DA:122,122
DA:123,122
DA:124,122
DA:125,122
DA:126,122
DA:127,122
DA:128,122
DA:129,122
DA:130,122
DA:131,122
DA:132,122
DA:133,122
DA:134,122
DA:135,122
DA:136,122
DA:137,122
DA:138,122
DA:139,122
DA:140,122
DA:141,122
DA:142,122
DA:143,122
DA:144,122
DA:145,122
DA:146,122
DA:147,122
DA:148,122
DA:149,122
DA:150,122
DA:151,122
DA:152,122
DA:153,0
DA:154,0
DA:155,122
DA:156,122
DA:157,122
DA:158,122
DA:159,122
DA:160,122
DA:161,122
DA:162,122
DA:163,122
DA:164,122
DA:165,122
DA:166,122
DA:167,122
DA:168,122
DA:169,122
DA:170,122
DA:171,0
DA:172,0
DA:173,0
DA:174,0
DA:175,0
DA:176,0
DA:177,0
DA:178,0
DA:179,0
DA:180,0
DA:181,0
DA:182,0
DA:183,0
DA:184,0
DA:185,0
DA:186,0
DA:187,0
DA:188,0
DA:189,0
DA:190,0
DA:191,0
DA:192,0
DA:193,122
DA:194,122
DA:195,0
DA:196,0
DA:197,122
DA:198,122
DA:199,122
DA:200,122
DA:201,122
DA:202,122
DA:203,122
DA:204,122
DA:205,122
DA:206,122
DA:207,122
DA:208,122
DA:209,122
DA:210,122
DA:211,122
DA:212,122
DA:213,122
DA:214,122
DA:215,122
DA:216,122
DA:217,122
DA:218,122
DA:219,5
DA:220,5
DA:221,122
DA:222,5
DA:223,5
DA:224,122
DA:225,1
DA:226,1
DA:227,122
DA:228,114
DA:229,114
DA:230,122
DA:231,122
DA:232,122
DA:233,122
DA:234,122
DA:235,122
DA:236,0
DA:237,0
DA:238,0
DA:239,122
DA:240,122
DA:241,122
DA:242,122
DA:243,122
DA:244,122
DA:245,122
DA:246,109
DA:247,109
DA:248,122
DA:249,122
DA:250,122
DA:251,122
DA:252,122
DA:253,122
DA:254,122
DA:255,122
DA:256,122
DA:257,122
DA:258,122
DA:259,122
DA:260,122
DA:261,122
DA:262,122
DA:263,122
DA:264,122
DA:265,122
DA:266,122
DA:267,122
DA:268,0
DA:269,0
DA:270,0
DA:271,0
DA:272,0
DA:273,122
DA:274,122
DA:275,122
DA:276,122
DA:277,3
DA:278,122
DA:279,119
DA:280,119
DA:281,122
DA:282,122
DA:283,122
DA:284,122
DA:285,122
DA:286,119
DA:287,119
DA:288,119
DA:289,0
DA:290,0
DA:291,119
DA:292,119
DA:293,122
DA:294,122
DA:295,3
DA:296,3
DA:297,6
DA:298,0
DA:299,0
DA:300,0
DA:301,0
DA:302,0
DA:303,0
DA:304,0
DA:305,0
DA:306,6
DA:307,3
DA:308,0
DA:309,0
DA:310,3
DA:311,122
DA:312,122
DA:313,122
DA:314,122
DA:315,122
DA:316,122
DA:317,122
DA:318,122
DA:319,119
DA:320,119
DA:321,119
DA:322,119
DA:323,119
DA:324,114
DA:325,114
DA:326,114
DA:327,119
DA:328,0
DA:329,0
DA:330,0
DA:331,119
DA:332,5
DA:333,5
DA:334,5
DA:335,119
DA:336,0
DA:337,0
DA:338,0
DA:339,119
DA:340,122
DA:341,122
DA:342,0
DA:343,0
DA:344,0
DA:345,0
DA:346,0
DA:347,0
DA:348,0
DA:349,0
DA:350,0
DA:351,0
DA:352,0
DA:353,0
DA:354,0
DA:355,0
DA:356,0
DA:357,0
DA:358,0
DA:359,0
DA:360,0
DA:361,0
DA:362,0
DA:363,0
DA:364,0
DA:365,0
DA:366,0
DA:367,0
DA:368,0
DA:369,0
DA:370,0
DA:371,0
DA:372,0
DA:373,0
DA:374,0
DA:375,0
DA:376,0
DA:377,122
DA:378,122
DA:379,1
DA:380,1
DA:381,1
DA:382,1
DA:383,1
DA:384,1
DA:385,1
DA:386,1
DA:387,1
DA:388,0
DA:389,0
DA:390,0
DA:391,1
DA:392,0
DA:393,0
DA:394,0
DA:395,1
DA:396,122
DA:397,122
DA:398,0
DA:399,0
DA:400,0
DA:401,0
DA:402,0
DA:403,122
DA:404,122
DA:405,122
DA:406,122
DA:407,122
DA:408,122
DA:409,122
DA:410,122
DA:411,122
DA:412,122
DA:413,35
DA:414,35
DA:415,35
DA:416,35
DA:417,122
DA:418,122
DA:419,0
DA:420,0
DA:421,0
DA:422,0
DA:423,122
DA:424,122
DA:425,122
DA:426,122
DA:427,122
DA:428,122
DA:429,122
DA:430,122
DA:431,122
DA:432,122
DA:433,122
DA:434,122
DA:435,122
DA:436,122
DA:437,122
DA:438,122
DA:439,122
DA:440,122
DA:441,3
DA:442,3
DA:443,3
DA:444,122
DA:445,119
DA:446,119
DA:447,119
DA:448,122
DA:449,122
DA:450,122
DA:451,122
DA:452,1
DA:453,1
DA:454,1
DA:455,1
DA:456,1
DA:457,1
DA:458,122
DA:459,122
DA:460,2
DA:461,2
DA:462,2
DA:463,2
DA:464,2
DA:465,2
DA:466,2
DA:467,122
DA:468,122
DA:469,1
DA:470,1
DA:471,1
DA:472,1
DA:473,1
DA:474,1
DA:475,1
DA:476,122
DA:477,122
DA:478,122
DA:479,0
DA:480,0
DA:481,0
DA:482,122
DA:483,122
DA:484,119
DA:485,119
DA:486,119
DA:487,119
DA:488,0
DA:489,0
DA:490,119
DA:491,119
DA:492,119
DA:493,119
DA:494,119
DA:495,119
DA:496,119
DA:497,119
DA:498,119
DA:499,119
DA:500,119
DA:501,119
DA:502,114
DA:503,114
DA:504,119
DA:505,109
DA:506,109
DA:507,109
DA:508,119
DA:509,122
DA:510,3
DA:511,0
DA:512,0
DA:513,0
DA:514,0
DA:515,0
DA:516,0
DA:517,0
DA:518,0
DA:519,3
DA:520,122
DA:521,122
DA:522,122
DA:523,122
DA:524,122
DA:525,122
DA:526,122
DA:527,122
DA:528,122
DA:529,122
DA:530,122
DA:531,122
DA:532,122
DA:533,122
DA:534,122
DA:535,122
DA:536,122
DA:537,122
DA:538,122
DA:539,122
DA:540,122
DA:541,0
DA:542,0
DA:543,0
DA:544,0
DA:545,0
DA:546,0
DA:547,0
DA:548,0
DA:549,0
DA:550,0
DA:551,0
DA:552,0
DA:553,0
DA:554,122
DA:555,122
DA:556,122
DA:557,119
DA:558,119
DA:559,118
DA:560,118
DA:561,118
DA:562,118
DA:563,0
DA:564,0
DA:565,0
DA:566,0
DA:567,118
DA:568,119
DA:569,122
DA:570,122
DA:571,122
DA:572,122
DA:573,0
DA:574,122
DA:575,122
DA:576,122
DA:577,122
DA:578,122
DA:579,122
DA:580,1
DA:581,1
DA:582,1
DA:583,1
DA:584,1
DA:585,1
DA:586,1
DA:587,0
DA:588,0
DA:589,0
DA:590,1
DA:591,1
DA:592,0
DA:593,0
DA:594,0
DA:595,0
DA:596,0
DA:597,0
DA:598,1
DA:599,1
DA:600,122
DA:601,122
DA:602,122
DA:603,122
DA:604,0
DA:605,0
DA:606,122
DA:607,0
DA:608,0
DA:609,122
DA:610,122
DA:611,122
DA:612,0
DA:613,0
DA:614,0
DA:615,0
DA:616,0
DA:617,0
DA:618,0
DA:619,0
DA:620,122
DA:621,122
DA:622,1
DA:623,1
DA:624,1
DA:625,1
DA:626,1
DA:627,1
DA:628,1
DA:629,1
DA:630,1
LF:630
LH:464
BRDA:36,0,0,122
BRDA:38,1,0,119
BRDA:67,2,0,122
BRDA:69,3,0,0
BRDA:152,4,0,0
BRDA:152,5,0,0
BRDA:155,6,0,3
BRDA:155,7,0,119
BRDA:170,8,0,0
BRDA:194,9,0,0
BRDA:218,10,0,5
BRDA:221,11,0,5
BRDA:224,12,0,1
BRDA:227,13,0,114
BRDA:235,14,0,0
BRDA:245,15,0,109
BRDA:267,16,0,0
BRDA:276,17,0,3
BRDA:278,18,0,119
BRDA:285,19,0,119
BRDA:288,20,0,0
BRDA:294,21,0,3
BRDA:296,22,0,6
BRDA:297,23,0,0
BRDA:307,24,0,0
BRDA:318,25,0,119
BRDA:323,26,0,114
BRDA:327,27,0,0
BRDA:331,28,0,5
BRDA:335,29,0,0
BRDA:341,30,0,0
BRDA:378,31,0,1
BRDA:387,32,0,0
BRDA:391,33,0,0
BRDA:397,34,0,0
BRDA:412,35,0,35
BRDA:418,36,0,0
BRDA:440,37,0,3
BRDA:444,38,0,119
BRDA:451,39,0,1
BRDA:459,40,0,2
BRDA:468,41,0,1
BRDA:478,42,0,119
BRDA:478,43,0,0
BRDA:483,44,0,119
BRDA:483,45,0,119
BRDA:487,46,0,0
BRDA:501,47,0,114
BRDA:504,48,0,109
BRDA:509,49,0,3
BRDA:510,50,0,0
BRDA:540,51,0,0
BRDA:556,52,0,119
BRDA:556,53,0,119
BRDA:558,54,0,118
BRDA:562,55,0,0
BRDA:572,56,0,0
BRDA:88,57,0,122
BRDA:599,58,0,122
BRDA:600,59,0,122
BRDA:611,60,0,0
BRDA:602,61,0,122
BRDA:603,62,0,0
BRDA:606,63,0,0
BRF:64
BRH:38
end_of_record
TN:
SF:src/classes/blockStack.ts
FN:18,BlockNestLevel
FN:26,get type
FN:30,setType
FN:34,setValue
FN:42,value
FN:52,logMessage
FN:65,BlockStack
FN:69,reset
FN:74,get topIndex
FN:78,get isEmpty
FN:82,get topNestLevel
FN:87,add
FN:94,remove
FN:102,overrideType
FN:110,write
FN:118,read
FN:128,readAtLevel
FN:139,typeAtLevel
FN:150,enableLogging
FN:155,nestLevelAt
FN:165,logMessage
FNF:21
FNH:19
FNDA:4300,BlockNestLevel
FNDA:27112,get type
FNDA:239,setType
FNDA:30631,setValue
FNDA:22980,value
FNDA:0,logMessage
FNDA:118,BlockStack
FNDA:342,reset
FNDA:14284,get topIndex
FNDA:0,get isEmpty
FNDA:48405,get topNestLevel
FNDA:4300,add
FNDA:4300,remove
FNDA:239,overrideType
FNDA:30631,write
FNDA:17535,read
FNDA:5445,readAtLevel
FNDA:27112,typeAtLevel
FNDA:118,enableLogging
FNDA:32557,nestLevelAt
FNDA:8942,logMessage
DA:1,1
DA:2,1
DA:3,1
DA:4,1
DA:5,1
DA:6,1
DA:7,1
DA:8,1
DA:9,1
DA:10,1
DA:11,1
DA:12,1
DA:13,1
DA:14,1
DA:15,1
DA:16,1
DA:17,1
DA:18,1
DA:19,4300
DA:20,4300
DA:21,4300
DA:22,4300
DA:23,4300
DA:24,4300
DA:25,1
DA:26,1
DA:27,27112
DA:28,27112
DA:29,1
DA:30,1
DA:31,239
DA:32,239
DA:33,1
DA:34,1
DA:35,30631
DA:36,30631
DA:37,30631
DA:38,0
DA:39,0
DA:40,30631
DA:41,1
DA:42,1
DA:43,22980
DA:44,22980
DA:45,22980
DA:46,22980
DA:47,0
DA:48,0
DA:49,22980
DA:50,22980
DA:51,1
DA:52,1
DA:53,0
DA:54,0
DA:55,0
DA:56,0
DA:57,1
DA:58,1
DA:59,1
DA:60,1
DA:61,1
DA:62,1
DA:63,1
DA:64,1
DA:65,1
DA:66,118
DA:67,118
DA:68,1
DA:69,1
DA:70,342
DA:71,342
DA:72,342
DA:73,1
DA:74,1
DA:75,14284
DA:76,14284
DA:77,1
DA:78,1
DA:79,0
DA:80,0
DA:81,1
DA:82,1
DA:83,48405
DA:84,48405
DA:85,48405
DA:86,1
DA:87,1
DA:88,4300
DA:89,4300
DA:90,4300
DA:91,4300
DA:92,4300
DA:93,1
DA:94,1
DA:95,4300
DA:96,4300
DA:97,4300
DA:98,4300
DA:99,4300
DA:100,4300
DA:101,1
DA:102,1
DA:103,239
DA:104,239
DA:105,239
DA:106,0
DA:107,0
DA:108,239
DA:109,1
DA:110,1
DA:111,30631
DA:112,30631
DA:113,30631
DA:114,0
DA:115,0
DA:116,30631
DA:117,1
DA:118,1
DA:119,17535
DA:120,17535
DA:121,17535
DA:122,17535
DA:123,0
DA:124,0
DA:125,17535
DA:126,17535
DA:127,1
DA:128,1
DA:129,5445
DA:130,5445
DA:131,5445
DA:132,5445
DA:133,5445
DA:134,5445
DA:135,5445
DA:136,5445
DA:137,5445
DA:138,1
DA:139,1
DA:140,27112
DA:141,27112
DA:142,27112
DA:143,27112
DA:144,27112
DA:145,27112
DA:146,27112
DA:147,27112
DA:148,27112
DA:149,1
DA:150,1
DA:151,118
DA:152,118
DA:153,118
DA:154,1
DA:155,1
DA:156,32557
DA:157,32557
DA:158,32557
DA:159,32557
DA:160,0
DA:161,0
DA:162,32557
DA:163,32557
DA:164,1
DA:165,1
DA:166,8942
DA:167,0
DA:168,0
DA:169,8942
DA:170,1
LF:170
LH:150
BRDA:18,0,0,4300
BRDA:26,1,0,27112
BRDA:30,2,0,239
BRDA:34,3,0,30631
BRDA:37,4,0,0
BRDA:42,5,0,22980
BRDA:46,6,0,0
BRDA:65,7,0,118
BRDA:69,8,0,342
BRDA:74,9,0,14284
BRDA:75,10,0,0
BRDA:82,11,0,48405
BRDA:87,12,0,4300
BRDA:94,13,0,4300
BRDA:102,14,0,239
BRDA:105,15,0,0
BRDA:110,16,0,30631
BRDA:113,17,0,0
BRDA:118,18,0,17535
BRDA:122,19,0,0
BRDA:128,20,0,5445
BRDA:139,21,0,27112
BRDA:150,22,0,118
BRDA:155,23,0,32557
BRDA:159,24,0,0
BRDA:165,25,0,8942
BRDA:166,26,0,0
BRF:27
BRH:19
end_of_record
TN:
SF:src/classes/childObjectsImage.ts
FN:32,ChildObjectsImage
FN:39,ensureCapacity
FN:57,refreshLogging
FN:62,ensureFits
FN:74,get rawUint8Array
FN:78,get id
FN:82,clear
FN:86,get objectFileCount
FN:90,get objectFileRanges
FN:94,checksum
FN:104,recordLengthOffsetForFile
FN:116,recordLengthOffsetForFilename
FN:132,getOffsetAndLengthForFile
FN:145,getOffsetAndLengthForFilename
FN:158,setOffset
FN:168,get offset
FN:172,readSymbolName
FN:184,nextLong
FN:195,nextWord
FN:204,peekWord
FN:213,nextByte
FN:221,nextBytes
FN:229,writeByte
FN:235,dumpBytes
FN:247,logMessage
FN:253,logMessageOutline
FNF:26
FNH:23
FNDA:362,ChildObjectsImage
FNDA:344,ensureCapacity
FNDA:472,refreshLogging
FNDA:269,ensureFits
FNDA:344,get rawUint8Array
FNDA:18,get id
FNDA:40,clear
FNDA:309,get objectFileCount
FNDA:166,get objectFileRanges
FNDA:75,checksum
FNDA:263,recordLengthOffsetForFile
FNDA:6,recordLengthOffsetForFilename
FNDA:266,getOffsetAndLengthForFile
FNDA:12,getOffsetAndLengthForFilename
FNDA:616,setOffset
FNDA:462,get offset
FNDA:156,readSymbolName
FNDA:597,nextLong
FNDA:0,nextWord
FNDA:2,peekWord
FNDA:647738,nextByte
FNDA:2,nextBytes
FNDA:0,writeByte
FNDA:0,dumpBytes
FNDA:649759,logMessage
FNDA:3,logMessageOutline
DA:1,1
DA:2,1
DA:3,1
DA:4,1
DA:5,1
DA:6,1
DA:7,1
DA:8,1
DA:9,1
DA:10,1
DA:11,1
DA:12,1
DA:13,1
DA:14,1
DA:15,1
DA:16,1
DA:17,1
DA:18,1
DA:19,1
DA:20,1
DA:21,1
DA:22,1
DA:23,1
DA:24,1
DA:25,1
DA:26,1
DA:27,1
DA:28,1
DA:29,1
DA:30,1
DA:31,1
DA:32,1
DA:33,362
DA:34,362
DA:35,362
DA:36,362
DA:37,362
DA:38,1
DA:39,1
DA:40,344
DA:41,3
DA:42,3
DA:43,3
DA:44,3
DA:45,3
DA:46,3
DA:47,3
DA:48,3
DA:49,3
DA:50,3
DA:51,344
DA:52,0
DA:53,0
DA:54,0
DA:55,344
DA:56,1
DA:57,1
DA:58,472
DA:59,472
DA:60,472
DA:61,1
DA:62,1
DA:63,269
DA:64,269
DA:65,269
DA:66,0
DA:67,0
DA:68,0
DA:69,0
DA:70,0
DA:71,0
DA:72,269
DA:73,1
DA:74,1
DA:75,344
DA:76,344
DA:77,1
DA:78,1
DA:79,18
DA:80,18
DA:81,1
DA:82,1
DA:83,40
DA:84,40
DA:85,1
DA:86,1
DA:87,309
DA:88,309
DA:89,1
DA:90,1
DA:91,166
DA:92,166
DA:93,1
DA:94,1
DA:95,75
DA:96,75
DA:97,75
DA:98,6262
DA:99,6262
DA:100,75
DA:101,75
DA:102,75
DA:103,1
DA:104,1
DA:105,263
DA:106,263
DA:107,263
DA:108,263
DA:109,263
DA:110,263
DA:111,263
DA:112,38
DA:113,38
DA:114,263
DA:115,1
DA:116,1
DA:117,6
DA:118,6
DA:119,6
DA:120,6
DA:121,6
DA:122,10
DA:123,10
DA:124,0
DA:125,0
DA:126,10
DA:127,6
DA:128,6
DA:129,6
DA:130,6
DA:131,1
DA:132,1
DA:133,266
DA:134,266
DA:135,266
DA:136,266
DA:137,266
DA:138,266
DA:139,0
DA:140,0
DA:141,0
DA:142,266
DA:143,266
DA:144,1
DA:145,1
DA:146,12
DA:147,12
DA:148,12
DA:149,52
DA:150,52
DA:151,12
DA:152,12
DA:153,12
DA:154,52
DA:155,12
DA:156,12
DA:157,1
DA:158,1
DA:159,616
DA:160,616
DA:161,616
DA:162,616
DA:163,616
DA:164,0
DA:165,0
DA:166,616
DA:167,1
DA:168,1
DA:169,462
DA:170,462
DA:171,1
DA:172,1
DA:173,156
DA:174,156
DA:175,156
DA:176,156
DA:177,831
DA:178,831
DA:179,831
DA:180,156
DA:181,156
DA:182,156
DA:183,1
DA:184,1
DA:185,597
DA:186,597
DA:187,597
DA:188,597
DA:189,597
DA:190,597
DA:191,597
DA:192,597
DA:193,597
DA:194,1
DA:195,1
DA:196,0
DA:197,0
DA:198,0
DA:199,0
DA:200,0
DA:201,0
DA:202,0
DA:203,1
DA:204,1
DA:205,2
DA:206,2
DA:207,2
DA:208,2
DA:209,2
DA:210,2
DA:211,2
DA:212,1
DA:213,1
DA:214,647738
DA:215,647738
DA:216,647738
DA:217,647738
DA:218,647738
DA:219,647738
DA:220,1
DA:221,1
DA:222,2
DA:223,2
DA:224,2
DA:225,2
DA:226,2
DA:227,2
DA:228,1
DA:229,1
DA:230,0
DA:231,0
DA:232,0
DA:233,0
DA:234,1
DA:235,1
DA:236,0
DA:237,0
DA:238,0
DA:239,0
DA:240,0
DA:241,0
DA:242,0
DA:243,0
DA:244,0
DA:245,0
DA:246,1
DA:247,1
DA:248,649759
DA:249,0
DA:250,0
DA:251,649759
DA:252,1
DA:253,1
DA:254,3
DA:255,0
DA:256,0
DA:257,3
DA:258,1
LF:258
LH:217
BRDA:32,0,0,362
BRDA:39,1,0,344
BRDA:40,2,0,3
BRDA:40,3,0,3
BRDA:43,4,0,0
BRDA:51,5,0,341
BRDA:51,6,0,0
BRDA:57,7,0,472
BRDA:62,8,0,269
BRDA:65,9,0,0
BRDA:74,10,0,344
BRDA:78,11,0,18
BRDA:82,12,0,40
BRDA:86,13,0,309
BRDA:90,14,0,166
BRDA:94,15,0,75
BRDA:97,16,0,6262
BRDA:104,17,0,263
BRDA:111,18,0,38
BRDA:116,19,0,6
BRDA:121,20,0,10
BRDA:123,21,0,0
BRDA:132,22,0,266
BRDA:138,23,0,0
BRDA:145,24,0,12
BRDA:148,25,0,52
BRDA:150,26,0,12
BRDA:158,27,0,616
BRDA:163,28,0,0
BRDA:168,29,0,462
BRDA:172,30,0,156
BRDA:176,31,0,831
BRDA:184,32,0,597
BRDA:204,33,0,2
BRDA:213,34,0,647738
BRDA:221,35,0,2
BRDA:247,36,0,649759
BRDA:248,37,0,0
BRDA:253,38,0,3
BRDA:254,39,0,0
BRF:40
BRH:32
end_of_record
TN:
SF:src/classes/compiler.ts
FN:40,Compiler
FN:58,Compile
FN:111,compileRecursively
FN:277,uniqueObjectName
FN:291,logMessage
FN:297,logMessageOutline
FNF:6
FNH:5
FNDA:118,Compiler
FNDA:118,Compile
FNDA:193,compileRecursively
FNDA:0,uniqueObjectName
FNDA:311,logMessage
FNDA:1911,logMessageOutline
DA:1,1
DA:2,1
DA:3,1
DA:4,1
DA:5,1
DA:6,1
DA:7,1
DA:8,1
DA:9,1
DA:10,1
DA:11,1
DA:12,1
DA:13,1
DA:14,1
DA:15,1
DA:16,1
DA:17,1
DA:18,1
DA:19,1
DA:20,1
DA:21,1
DA:22,1
DA:23,1
DA:24,1
DA:25,1
DA:26,1
DA:27,1
DA:28,1
DA:29,1
DA:30,1
DA:31,1
DA:32,1
DA:33,1
DA:34,1
DA:35,1
DA:36,1
DA:37,1
DA:38,1
DA:39,1
DA:40,1
DA:41,118
DA:42,118
DA:43,118
DA:44,118
DA:45,118
DA:46,118
DA:47,118
DA:48,118
DA:49,118
DA:50,118
DA:51,118
DA:52,118
DA:53,118
DA:54,118
DA:55,118
DA:56,118
DA:57,1
DA:58,1
DA:59,118
DA:60,118
DA:61,118
DA:62,118
DA:63,118
DA:64,118
DA:65,0
DA:66,0
DA:67,0
DA:68,118
DA:69,118
DA:70,118
DA:71,0
DA:72,0
DA:73,0
DA:74,118
DA:75,118
DA:76,118
DA:77,118
DA:78,118
DA:79,118
DA:80,118
DA:81,118
DA:82,118
DA:83,118
DA:84,118
DA:85,118
DA:86,118
DA:87,118
DA:88,5
DA:89,5
DA:90,5
DA:91,5
DA:92,5
DA:93,5
DA:94,5
DA:95,5
DA:96,5
DA:97,5
DA:98,5
DA:99,5
DA:100,5
DA:101,5
DA:102,5
DA:103,0
DA:104,0
DA:105,0
DA:106,5
DA:107,118
DA:108,118
DA:109,1
DA:110,1
DA:111,1
DA:112,193
DA:113,193
DA:114,193
DA:115,0
DA:116,0
DA:117,193
DA:118,193
DA:119,193
DA:120,193
DA:121,193
DA:122,193
DA:123,193
DA:124,193
DA:125,193
DA:126,193
DA:127,193
DA:128,193
DA:129,193
DA:130,193
DA:131,193
DA:132,193
DA:133,193
DA:134,193
DA:135,193
DA:136,193
DA:137,193
DA:138,0
DA:139,0
DA:140,193
DA:141,40
DA:142,40
DA:143,40
DA:144,75
DA:145,75
DA:146,75
DA:147,75
DA:148,75
DA:149,36
DA:150,36
DA:151,36
DA:152,36
DA:153,75
DA:154,75
DA:155,75
DA:156,75
DA:157,75
DA:158,75
DA:159,75
DA:160,75
DA:161,75
DA:162,40
DA:163,193
DA:164,193
DA:165,193
DA:166,193
DA:167,193
DA:168,193
DA:169,193
DA:170,193
DA:171,193
DA:172,40
DA:173,40
DA:174,40
DA:175,40
DA:176,75
DA:177,75
DA:178,75
DA:179,75
DA:180,75
DA:181,75
DA:182,75
DA:183,75
DA:184,75
DA:185,75
DA:186,75
DA:187,75
DA:188,75
DA:189,75
DA:190,75
DA:191,75
DA:192,75
DA:193,75
DA:194,75
DA:195,75
DA:196,75
DA:197,75
DA:198,75
DA:199,0
DA:200,0
DA:201,0
DA:202,0
DA:203,0
DA:204,0
DA:205,0
DA:206,75
DA:207,40
DA:208,193
DA:209,193
DA:210,193
DA:211,193
DA:212,2
DA:213,2
DA:214,2
DA:215,2
DA:216,6
DA:217,6
DA:218,6
DA:219,6
DA:220,6
DA:221,6
DA:222,6
DA:223,6
DA:224,6
DA:225,6
DA:226,6
DA:227,6
DA:228,6
DA:229,6
DA:230,6
DA:231,6
DA:232,6
DA:233,6
DA:234,6
DA:235,6
DA:236,6
DA:237,6
DA:238,2
DA:239,193
DA:240,193
DA:241,193
DA:242,193
DA:243,193
DA:244,193
DA:245,193
DA:246,193
DA:247,0
DA:248,0
DA:249,188
DA:250,188
DA:251,188
DA:252,188
DA:253,188
DA:254,188
DA:255,188
DA:256,188
DA:257,188
DA:258,188
DA:259,188
DA:260,188
DA:261,188
DA:262,188
DA:263,188
DA:264,188
DA:265,188
DA:266,188
DA:267,188
DA:268,188
DA:269,188
DA:270,188
DA:271,193
DA:272,193
DA:273,188
DA:274,188
DA:275,188
DA:276,1
DA:277,1
DA:278,0
DA:279,0
DA:280,0
DA:281,0
DA:282,0
DA:283,0
DA:284,0
DA:285,0
DA:286,0
DA:287,0
DA:288,0
DA:289,0
DA:290,1
DA:291,1
DA:292,311
DA:293,0
DA:294,0
DA:295,311
DA:296,1
DA:297,1
DA:298,1911
DA:299,0
DA:300,0
DA:301,1911
DA:302,1
LF:302
LH:264
BRDA:40,0,0,118
BRDA:58,1,0,118
BRDA:64,2,0,0
BRDA:70,3,0,0
BRDA:85,4,0,113
BRDA:87,5,0,5
BRDA:91,6,0,0
BRDA:102,7,0,0
BRDA:111,8,0,193
BRDA:114,9,0,0
BRDA:137,10,0,24
BRDA:137,11,0,0
BRDA:140,12,0,40
BRDA:143,13,0,75
BRDA:148,14,0,36
BRDA:171,15,0,40
BRDA:175,16,0,75
BRDA:198,17,0,0
BRDA:211,18,0,2
BRDA:215,19,0,6
BRDA:219,20,0,0
BRDA:246,21,0,188
BRDA:246,22,0,0
BRDA:273,23,0,188
BRDA:291,24,0,311
BRDA:292,25,0,0
BRDA:297,26,0,1911
BRDA:298,27,0,0
BRF:28
BRH:17
end_of_record
TN:
SF:src/classes/debugData.ts
FN:20,DebugRecord
FN:25,get length
FN:29,append
FN:37,byteAt
FN:45,get rawUint8Array
FN:49,clear
FN:65,DebugData
FN:74,setLogging
FN:78,get rawUint8Array
FN:82,get offset
FN:87,get offsetHex
FN:92,get length
FN:96,get collapseDebugData
FN:121,recordExists
FN:126,recordIsMatch
FN:141,setRecord
FN:160,setOffsetTo
FN:166,read
FN:175,updateMax
FN:181,readWord
FN:191,replaceWord
FN:204,reset
FN:210,dumpBytes
FN:234,logMessage
FNF:24
FNH:15
FNDA:118,DebugRecord
FNDA:39076,get length
FNDA:8929,append
FNDA:17926,byteAt
FNDA:0,get rawUint8Array
FNDA:653,clear
FNDA:118,DebugData
FNDA:0,setLogging
FNDA:0,get rawUint8Array
FNDA:0,get offset
FNDA:0,get offsetHex
FNDA:70,get length
FNDA:35,get collapseDebugData
FNDA:1654,recordExists
FNDA:1495,recordIsMatch
FNDA:159,setRecord
FNDA:159,setOffsetTo
FNDA:0,read
FNDA:0,updateMax
FNDA:3731,readWord
FNDA:436,replaceWord
FNDA:0,reset
FNDA:0,dumpBytes
FNDA:2249,logMessage
DA:1,1
DA:2,1
DA:3,1
DA:4,1
DA:5,1
DA:6,1
DA:7,1
DA:8,1
DA:9,1
DA:10,1
DA:11,1
DA:12,1
DA:13,1
DA:14,1
DA:15,1
DA:16,1
DA:17,1
DA:18,1
DA:19,1
DA:20,1
DA:21,118
DA:22,118
DA:23,118
DA:24,1
DA:25,1
DA:26,39076
DA:27,39076
DA:28,1
DA:29,1
DA:30,8929
DA:31,0
DA:32,0
DA:33,0
DA:34,8929
DA:35,8929
DA:36,1
DA:37,1
DA:38,17926
DA:39,17926
DA:40,17926
DA:41,17926
DA:42,17926
DA:43,17926
DA:44,1
DA:45,1
DA:46,0
DA:47,0
DA:48,1
DA:49,1
DA:50,653
DA:51,653
DA:52,1
DA:53,1
DA:54,1
DA:55,1
DA:56,1
DA:57,1
DA:58,1
DA:59,1
DA:60,1
DA:61,1
DA:62,1
DA:63,1
DA:64,1
DA:65,1
DA:66,118
DA:67,118
DA:68,118
DA:69,118
DA:70,118
DA:71,118
DA:72,118
DA:73,1
DA:74,1
DA:75,0
DA:76,0
DA:77,1
DA:78,1
DA:79,0
DA:80,0
DA:81,1
DA:82,1
DA:83,0
DA:84,0
DA:85,0
DA:86,1
DA:87,1
DA:88,0
DA:89,0
DA:90,0
DA:91,1
DA:92,1
DA:93,70
DA:94,70
DA:95,1
DA:96,1
DA:97,35
DA:98,35
DA:99,35
DA:100,35
DA:101,35
DA:102,229
DA:103,229
DA:104,35
DA:105,35
DA:106,194
DA:107,194
DA:108,35
DA:109,35
DA:110,35
DA:111,35
DA:112,35
DA:113,194
DA:114,194
DA:115,194
DA:116,194
DA:117,35
DA:118,35
DA:119,35
DA:120,1
DA:121,1
DA:122,1654
DA:123,1654
DA:124,1654
DA:125,1
DA:126,1
DA:127,1495
DA:128,1495
DA:129,1495
DA:130,1495
DA:131,12954
DA:132,12954
DA:133,1340
DA:134,1340
DA:135,1340
DA:136,12954
DA:137,1495
DA:138,1495
DA:139,1495
DA:140,1
DA:141,1
DA:142,159
DA:143,159
DA:144,159
DA:145,159
DA:146,0
DA:147,0
DA:148,0
DA:149,159
DA:150,159
DA:151,4972
DA:152,4972
DA:153,159
DA:154,159
DA:155,159
DA:156,159
DA:157,159
DA:158,159
DA:159,1
DA:160,1
DA:161,159
DA:162,159
DA:163,159
DA:164,159
DA:165,1
DA:166,1
DA:167,0
DA:168,0
DA:169,0
DA:170,0
DA:171,0
DA:172,0
DA:173,0
DA:174,1
DA:175,1
DA:176,0
DA:177,0
DA:178,0
DA:179,0
DA:180,1
DA:181,1
DA:182,3731
DA:183,3731
DA:184,3731
DA:185,3731
DA:186,3731
DA:187,3731
DA:188,3731
DA:189,3731
DA:190,1
DA:191,1
DA:192,436
DA:193,436
DA:194,436
DA:195,436
DA:196,436
DA:197,436
DA:198,436
DA:199,436
DA:200,436
DA:201,436
DA:202,436
DA:203,1
DA:204,1
DA:205,0
DA:206,0
DA:207,0
DA:208,0
DA:209,1
DA:210,1
DA:211,0
DA:212,0
DA:213,0
DA:214,0
DA:215,0
DA:216,0
DA:217,0
DA:218,0
DA:219,0
DA:220,0
DA:221,0
DA:222,0
DA:223,0
DA:224,0
DA:225,0
DA:226,0
DA:227,0
DA:228,0
DA:229,0
DA:230,0
DA:231,0
DA:232,0
DA:233,1
DA:234,1
DA:235,2249
DA:236,0
DA:237,0
DA:238,2249
DA:239,1
LF:239
LH:182
BRDA:20,0,0,118
BRDA:25,1,0,39076
BRDA:29,2,0,8929
BRDA:30,3,0,0
BRDA:37,4,0,17926
BRDA:49,5,0,653
BRDA:65,6,0,118
BRDA:92,7,0,70
BRDA:96,8,0,35
BRDA:101,9,0,229
BRDA:103,10,0,35
BRDA:106,11,0,194
BRDA:112,12,0,194
BRDA:121,13,0,1654
BRDA:126,14,0,1495
BRDA:130,15,0,12954
BRDA:132,16,0,1340
BRDA:141,17,0,159
BRDA:145,18,0,0
BRDA:150,19,0,4972
BRDA:160,20,0,159
BRDA:181,21,0,3731
BRDA:191,22,0,436
BRDA:234,23,0,2249
BRDA:235,24,0,0
BRF:25
BRH:22
end_of_record
TN:
SF:src/classes/distillerList.ts
FN:28,DistillerRecord
FN:37,get objectId
FN:40,get objectOffset
FN:43,get subObjectCount
FN:46,get methodCount
FN:49,get objectSize
FN:52,get subObjectIds
FN:56,toString
FN:67,DistillerList
FN:72,enableLogging
FN:77,get recordCount
FN:81,addrecord
FN:86,record
FN:95,dumpRecords
FN:109,logMessage
FNF:15
FNH:2
FNDA:0,DistillerRecord
FNDA:0,get objectId
FNDA:0,get objectOffset
FNDA:0,get subObjectCount
FNDA:0,get methodCount
FNDA:0,get objectSize
FNDA:0,get subObjectIds
FNDA:0,toString
FNDA:118,DistillerList
FNDA:118,enableLogging
FNDA:0,get recordCount
FNDA:0,addrecord
FNDA:0,record
FNDA:0,dumpRecords
FNDA:0,logMessage
DA:1,1
DA:2,1
DA:3,1
DA:4,1
DA:5,1
DA:6,1
DA:7,1
DA:8,1
DA:9,1
DA:10,1
DA:11,1
DA:12,1
DA:13,1
DA:14,1
DA:15,1
DA:16,1
DA:17,1
DA:18,1
DA:19,1
DA:20,1
DA:21,1
DA:22,1
DA:23,1
DA:24,1
DA:25,1
DA:26,1
DA:27,1
DA:28,1
DA:29,0
DA:30,0
DA:31,0
DA:32,0
DA:33,0
DA:34,0
DA:35,0
DA:36,1
DA:37,1
DA:38,0
DA:39,0
DA:40,1
DA:41,0
DA:42,0
DA:43,1
DA:44,0
DA:45,0
DA:46,1
DA:47,0
DA:48,0
DA:49,1
DA:50,0
DA:51,0
DA:52,1
DA:53,0
DA:54,0
DA:55,1
DA:56,1
DA:57,0
DA:58,0
DA:59,0
DA:60,1
DA:61,1
DA:62,1
DA:63,1
DA:64,1
DA:65,1
DA:66,1
DA:67,1
DA:68,118
DA:69,118
DA:70,118
DA:71,1
DA:72,1
DA:73,118
DA:74,118
DA:75,118
DA:76,1
DA:77,1
DA:78,0
DA:79,0
DA:80,1
DA:81,1
DA:82,0
DA:83,0
DA:84,0
DA:85,1
DA:86,1
DA:87,0
DA:88,0
DA:89,0
DA:90,0
DA:91,0
DA:92,0
DA:93,0
DA:94,1
DA:95,1
DA:96,0
DA:97,0
DA:98,0
DA:99,0
DA:100,0
DA:101,0
DA:102,0
DA:103,0
DA:104,0
DA:105,0
DA:106,0
DA:107,0
DA:108,1
DA:109,1
DA:110,0
DA:111,0
DA:112,0
DA:113,0
DA:114,1
LF:114
LH:64
BRDA:67,0,0,118
BRDA:72,1,0,118
BRF:2
BRH:2
end_of_record
TN:
SF:src/classes/externalFiles.ts
FN:19,ExternalFiles
FN:23,get clockSetterLength
FN:30,get clockSetter
FN:34,get flashLoaderLength
FN:41,get flashLoader
FN:45,get spinDebuggerLength
FN:52,get spinDebugger
FN:56,get spinInterpreterLength
FN:63,get spinInterpreter
FN:67,loadFiles
FN:114,loadImage
FN:125,logMessage
FNF:12
FNH:11
FNDA:118,ExternalFiles
FNDA:9,get clockSetterLength
FNDA:9,get clockSetter
FNDA:0,get flashLoaderLength
FNDA:1,get flashLoader
FNDA:35,get spinDebuggerLength
FNDA:35,get spinDebugger
FNDA:182,get spinInterpreterLength
FNDA:91,get spinInterpreter
FNDA:102,loadFiles
FNDA:408,loadImage
FNDA:408,logMessage
DA:1,1
DA:2,1
DA:3,1
DA:4,1
DA:5,1
DA:6,1
DA:7,1
DA:8,1
DA:9,1
DA:10,1
DA:11,1
DA:12,1
DA:13,1
DA:14,1
DA:15,1
DA:16,1
DA:17,1
DA:18,1
DA:19,1
DA:20,118
DA:21,118
DA:22,1
DA:23,1
DA:24,9
DA:25,9
DA:26,9
DA:27,9
DA:28,9
DA:29,1
DA:30,1
DA:31,9
DA:32,9
DA:33,1
DA:34,1
DA:35,0
DA:36,0
DA:37,0
DA:38,0
DA:39,0
DA:40,1
DA:41,1
DA:42,1
DA:43,1
DA:44,1
DA:45,1
DA:46,35
DA:47,2
DA:48,2
DA:49,35
DA:50,35
DA:51,1
DA:52,1
DA:53,35
DA:54,35
DA:55,1
DA:56,1
DA:57,182
DA:58,91
DA:59,91
DA:60,182
DA:61,182
DA:62,1
DA:63,1
DA:64,91
DA:65,91
DA:66,1
DA:67,1
DA:68,102
DA:69,102
DA:70,102
DA:71,102
DA:72,102
DA:73,102
DA:74,102
DA:75,102
DA:76,102
DA:77,102
DA:78,102
DA:79,102
DA:80,102
DA:81,102
DA:82,102
DA:83,102
DA:84,102
DA:85,102
DA:86,102
DA:87,102
DA:88,102
DA:89,102
DA:90,102
DA:91,102
DA:92,102
DA:93,102
DA:94,102
DA:95,102
DA:96,102
DA:97,102
DA:98,102
DA:99,102
DA:100,102
DA:101,102
DA:102,102
DA:103,102
DA:104,102
DA:105,102
DA:106,102
DA:107,102
DA:108,102
DA:109,102
DA:110,102
DA:111,102
DA:112,102
DA:113,1
DA:114,1
DA:115,408
DA:116,408
DA:117,408
DA:118,408
DA:119,408
DA:120,408
DA:121,408
DA:122,408
DA:123,408
DA:124,1
DA:125,1
DA:126,408
DA:127,0
DA:128,0
DA:129,408
DA:130,1
LF:130
LH:123
BRDA:19,0,0,118
BRDA:23,1,0,9
BRDA:30,2,0,9
BRDA:41,3,0,1
BRDA:45,4,0,35
BRDA:46,5,0,2
BRDA:52,6,0,35
BRDA:56,7,0,182
BRDA:57,8,0,91
BRDA:63,9,0,91
BRDA:67,10,0,102
BRDA:114,11,0,408
BRDA:125,12,0,408
BRDA:126,13,0,0
BRF:14
BRH:13
end_of_record
TN:
SF:src/classes/logger.ts
FN:9,Logger
FN:13,setProgramName
FN:17,enabledVerbose
FN:22,errorMsg
FN:27,compilerErrorMsg
FN:38,verboseMsg
FN:48,infoMsg
FN:52,warningMsg
FN:57,progressMsg
FN:61,errorColor
FN:66,warningColor
FN:77,logMessage
FN:86,logErrorMessage
FNF:13
FNH:9
FNDA:122,Logger
FNDA:122,setProgramName
FNDA:5,enabledVerbose
FNDA:0,errorMsg
FNDA:5,compilerErrorMsg
FNDA:1436,verboseMsg
FNDA:122,infoMsg
FNDA:0,warningMsg
FNDA:621,progressMsg
FNDA:0,errorColor
FNDA:0,warningColor
FNDA:808,logMessage
FNDA:5,logErrorMessage
DA:1,1
DA:2,1
DA:3,1
DA:4,1
DA:5,1
DA:6,1
DA:7,1
DA:8,1
DA:9,122
DA:10,122
DA:11,122
DA:12,122
DA:13,122
DA:14,122
DA:15,122
DA:16,122
DA:17,122
DA:18,5
DA:19,5
DA:20,5
DA:21,122
DA:22,122
DA:23,0
DA:24,0
DA:25,0
DA:26,122
DA:27,122
DA:28,5
DA:29,0
DA:30,0
DA:31,5
DA:32,5
DA:33,0
DA:34,0
DA:35,5
DA:36,5
DA:37,122
DA:38,122
DA:39,1436
DA:40,60
DA:41,10
DA:42,60
DA:43,50
DA:44,50
DA:45,60
DA:46,1436
DA:47,122
DA:48,122
DA:49,122
DA:50,122
DA:51,122
DA:52,122
DA:53,0
DA:54,0
DA:55,0
DA:56,122
DA:57,122
DA:58,621
DA:59,621
DA:60,122
DA:61,122
DA:62,0
DA:63,0
DA:64,0
DA:65,122
DA:66,122
DA:67,0
DA:68,0
DA:69,0
DA:70,122
DA:71,122
DA:72,122
DA:73,122
DA:74,122
DA:75,122
DA:76,122
DA:77,122
DA:78,808
DA:79,808
DA:80,122
DA:81,122
DA:82,122
DA:83,122
DA:84,122
DA:85,122
DA:86,122
DA:87,5
DA:88,0
DA:89,0
DA:90,5
DA:91,5
DA:92,122
LF:92
LH:74
BRDA:9,0,0,122
BRDA:13,1,0,122
BRDA:17,2,0,5
BRDA:27,3,0,5
BRDA:28,4,0,0
BRDA:31,5,0,0
BRDA:32,6,0,0
BRDA:38,7,0,1436
BRDA:39,8,0,60
BRDA:40,9,0,10
BRDA:42,10,0,50
BRDA:48,11,0,122
BRDA:57,12,0,621
BRDA:77,13,0,808
BRDA:86,14,0,5
BRDA:87,15,0,0
BRF:16
BRH:12
end_of_record
TN:
SF:src/classes/numberStack.ts
FN:18,NumberStack
FN:22,enableLogging
FN:27,setUnresolved
FN:31,get isUnresolved
FN:35,get isResolved
FN:39,push
FN:44,pop
FN:56,reset
FN:61,float32ToHexString
FN:67,logMessage
FNF:10
FNH:10
FNDA:118,NumberStack
FNDA:118,enableLogging
FNDA:1174,setUnresolved
FNDA:57647,get isUnresolved
FNDA:89570,get isResolved
FNDA:215773,push
FNDA:215719,pop
FNDA:146517,reset
FNDA:431492,float32ToHexString
FNDA:431492,logMessage
DA:1,1
DA:2,1
DA:3,1
DA:4,1
DA:5,1
DA:6,1
DA:7,1
DA:8,1
DA:9,1
DA:10,1
DA:11,1
DA:12,1
DA:13,1
DA:14,1
DA:15,1
DA:16,1
DA:17,1
DA:18,1
DA:19,118
DA:20,118
DA:21,1
DA:22,1
DA:23,118
DA:24,118
DA:25,118
DA:26,1
DA:27,1
DA:28,1174
DA:29,1174
DA:30,1
DA:31,1
DA:32,57647
DA:33,57647
DA:34,1
DA:35,1
DA:36,89570
DA:37,89570
DA:38,1
DA:39,1
DA:40,215773
DA:41,215773
DA:42,215773
DA:43,1
DA:44,1
DA:45,215719
DA:46,215719
DA:47,215719
DA:48,215719
DA:49,215719
DA:50,215719
DA:51,0
DA:52,0
DA:53,215719
DA:54,215719
DA:55,1
DA:56,1
DA:57,146517
DA:58,146517
DA:59,146517
DA:60,1
DA:61,1
DA:62,431492
DA:63,431492
DA:64,431492
DA:65,431492
DA:66,1
DA:67,1
DA:68,431492
DA:69,0
DA:70,0
DA:71,431492
DA:72,1
LF:72
LH:68
BRDA:18,0,0,118
BRDA:22,1,0,118
BRDA:27,2,0,1174
BRDA:31,3,0,57647
BRDA:35,4,0,89570
BRDA:39,5,0,215773
BRDA:44,6,0,215719
BRDA:50,7,0,0
BRDA:56,8,0,146517
BRDA:61,9,0,431492
BRDA:67,10,0,431492
BRDA:68,11,0,0
BRF:12
BRH:10
end_of_record
TN:
SF:src/classes/objectImage.ts
FN:26,ObjectImage
FN:35,copyFrom
FN:51,ensureCapacity
FN:67,refreshLogging
FN:73,setLogging
FN:76,get isLoggingEnabled
FN:80,get rawUint8Array
FN:84,get offset
FN:89,get offsetHex
FN:94,get length
FN:98,calculateChecksum
FN:110,setOffsetTo
FN:119,readNext
FN:126,appendLong
FN:132,appendWord
FN:141,appendByte
FN:149,append
FN:159,read
FN:169,updateMax
FN:175,readWord
FN:186,readLong
FN:196,readLongNext
FN:208,replaceByte
FN:220,replaceWord
FN:234,replaceLong
FN:246,reset
FN:252,dumpBytes
FN:276,logMessage
FN:282,logMessageOutline
FNF:29
FNH:27
FNDA:401,ObjectImage
FNDA:113,copyFrom
FNDA:5671704,ensureCapacity
FNDA:354,refreshLogging
FNDA:1276,setLogging
FNDA:536,get isLoggingEnabled
FNDA:914,get rawUint8Array
FNDA:122357,get offset
FNDA:341,get offsetHex
FNDA:244,get length
FNDA:166,calculateChecksum
FNDA:30382,setOffsetTo
FNDA:0,readNext
FNDA:92180,appendLong
FNDA:185694,appendWord
FNDA:2470163,appendByte
FNDA:2470163,append
FNDA:1668318,read
FNDA:2470163,updateMax
FNDA:198894,readWord
FNDA:99312,readLong
FNDA:195,readLongNext
FNDA:1295907,replaceByte
FNDA:5330,replaceWord
FNDA:2515,replaceLong
FNDA:386,reset
FNDA:0,dumpBytes
FNDA:3522140,logMessage
FNDA:24,logMessageOutline
DA:1,1
DA:2,1
DA:3,1
DA:4,1
DA:5,1
DA:6,1
DA:7,1
DA:8,1
DA:9,1
DA:10,1
DA:11,1
DA:12,1
DA:13,1
DA:14,1
DA:15,1
DA:16,1
DA:17,1
DA:18,1
DA:19,1
DA:20,1
DA:21,1
DA:22,1
DA:23,1
DA:24,1
DA:25,1
DA:26,1
DA:27,401
DA:28,401
DA:29,401
DA:30,401
DA:31,401
DA:32,401
DA:33,1
DA:34,1
DA:35,1
DA:36,113
DA:37,113
DA:38,113
DA:39,113
DA:40,113
DA:41,113
DA:42,113
DA:43,113
DA:44,113
DA:45,113
DA:46,113
DA:47,113
DA:48,113
DA:49,113
DA:50,1
DA:51,1
DA:52,5671704
DA:53,24
DA:54,24
DA:55,24
DA:56,24
DA:57,24
DA:58,24
DA:59,24
DA:60,24
DA:61,5671704
DA:62,0
DA:63,0
DA:64,0
DA:65,5671704
DA:66,1
DA:67,1
DA:68,354
DA:69,354
DA:70,354
DA:71,354
DA:72,1
DA:73,1
DA:74,1276
DA:75,1276
DA:76,1
DA:77,536
DA:78,536
DA:79,1
DA:80,1
DA:81,914
DA:82,914
DA:83,1
DA:84,1
DA:85,122357
DA:86,122357
DA:87,122357
DA:88,1
DA:89,1
DA:90,341
DA:91,341
DA:92,341
DA:93,1
DA:94,1
DA:95,244
DA:96,244
DA:97,1
DA:98,1
DA:99,166
DA:100,166
DA:101,398128
DA:102,398128
DA:103,166
DA:104,166
DA:105,166
DA:106,166
DA:107,166
DA:108,166
DA:109,1
DA:110,1
DA:111,30382
DA:112,30382
DA:113,30382
DA:114,30382
DA:115,30382
DA:116,30382
DA:117,30382
DA:118,1
DA:119,1
DA:120,0
DA:121,0
DA:122,0
DA:123,0
DA:124,0
DA:125,1
DA:126,1
DA:127,92180
DA:128,92180
DA:129,92180
DA:130,92180
DA:131,1
DA:132,1
DA:133,185694
DA:134,1334
DA:135,1334
DA:136,1334
DA:137,185694
DA:138,185694
DA:139,185694
DA:140,1
DA:141,1
DA:142,2470163
DA:143,2098775
DA:144,2098775
DA:145,2098775
DA:146,2470163
DA:147,2470163
DA:148,1
DA:149,1
DA:150,2470163
DA:151,2470163
DA:152,0
DA:153,0
DA:154,2470163
DA:155,2470163
DA:156,2470163
DA:157,2470163
DA:158,1
DA:159,1
DA:160,1668318
DA:161,1668318
DA:162,1668318
DA:163,1668318
DA:164,1668318
DA:165,1668318
DA:166,1668318
DA:167,1668318
DA:168,1
DA:169,1
DA:170,2470163
DA:171,1818918
DA:172,1818918
DA:173,2470163
DA:174,1
DA:175,1
DA:176,198894
DA:177,198894
DA:178,198894
DA:179,198894
DA:180,198894
DA:181,198894
DA:182,198894
DA:183,198894
DA:184,198894
DA:185,1
DA:186,1
DA:187,99312
DA:188,99312
DA:189,99312
DA:190,99312
DA:191,99312
DA:192,99312
DA:193,99312
DA:194,99312
DA:195,1
DA:196,1
DA:197,195
DA:198,195
DA:199,195
DA:200,195
DA:201,195
DA:202,195
DA:203,195
DA:204,195
DA:205,195
DA:206,195
DA:207,1
DA:208,1
DA:209,1295907
DA:210,1295907
DA:211,1295907
DA:212,1295907
DA:213,1295907
DA:214,1295907
DA:215,1295907
DA:216,0
DA:217,0
DA:218,1295907
DA:219,1
DA:220,1
DA:221,5330
DA:222,5330
DA:223,300
DA:224,300
DA:225,5330
DA:226,5330
DA:227,5330
DA:228,5330
DA:229,5330
DA:230,5330
DA:231,5330
DA:232,5330
DA:233,1
DA:234,1
DA:235,2515
DA:236,2515
DA:237,2515
DA:238,2515
DA:239,2515
DA:240,2515
DA:241,2515
DA:242,2515
DA:243,2515
DA:244,2515
DA:245,1
DA:246,1
DA:247,386
DA:248,386
DA:249,386
DA:250,386
DA:251,1
DA:252,1
DA:253,0
DA:254,0
DA:255,0
DA:256,0
DA:257,0
DA:258,0
DA:259,0
DA:260,0
DA:261,0
DA:262,0
DA:263,0
DA:264,0
DA:265,0
DA:266,0
DA:267,0
DA:268,0
DA:269,0
DA:270,0
DA:271,0
DA:272,0
DA:273,0
DA:274,0
DA:275,1
DA:276,1
DA:277,3522140
DA:278,0
DA:279,0
DA:280,3522140
DA:281,1
DA:282,1
DA:283,24
DA:284,0
DA:285,0
DA:286,24
DA:287,1
LF:287
LH:249
BRDA:26,0,0,401
BRDA:35,1,0,113
BRDA:51,2,0,5671704
BRDA:52,3,0,24
BRDA:52,4,0,24
BRDA:55,5,0,0
BRDA:61,6,0,5671680
BRDA:61,7,0,0
BRDA:67,8,0,354
BRDA:73,9,0,1276
BRDA:76,10,0,536
BRDA:80,11,0,914
BRDA:84,12,0,122357
BRDA:89,13,0,341
BRDA:94,14,0,244
BRDA:98,15,0,166
BRDA:100,16,0,398128
BRDA:110,17,0,30382
BRDA:126,18,0,92180
BRDA:132,19,0,185694
BRDA:133,20,0,1334
BRDA:141,21,0,2470163
BRDA:142,22,0,2098775
BRDA:149,23,0,2470163
BRDA:151,24,0,0
BRDA:159,25,0,1668318
BRDA:169,26,0,2470163
BRDA:170,27,0,1818918
BRDA:175,28,0,198894
BRDA:186,29,0,99312
BRDA:196,30,0,195
BRDA:208,31,0,1295907
BRDA:215,32,0,0
BRDA:220,33,0,5330
BRDA:222,34,0,300
BRDA:234,35,0,2515
BRDA:246,36,0,386
BRDA:276,37,0,3522140
BRDA:277,38,0,0
BRDA:282,39,0,24
BRDA:283,40,0,0
BRF:41
BRH:35
end_of_record
TN:
SF:src/classes/objectStructureRecord.ts
FN:29,ObjectStructureRecord
FN:36,get length
FN:40,get memoryLength
FN:44,nextLong
FN:51,nextWord
FN:58,nextByte
FN:69,peekByte
FN:81,peekWord
FN:88,skipToName
FN:102,recordWithinStructureRecord
FN:119,readString
FN:131,readLong
FN:138,readWord
FN:145,readByte
FN:156,logMessage
FN:162,dumpBytes
FNF:16
FNH:13
FNDA:4158,ObjectStructureRecord
FNDA:0,get length
FNDA:2206,get memoryLength
FNDA:3742,nextLong
FNDA:10362,nextWord
FNDA:24660,nextByte
FNDA:0,peekByte
FNDA:294,peekWord
FNDA:1516,skipToName
FNDA:294,recordWithinStructureRecord
FNDA:1516,readString
FNDA:2206,readLong
FNDA:4412,readWord
FNDA:9412,readByte
FNDA:1516,logMessage
FNDA:0,dumpBytes
DA:1,1
DA:2,1
DA:3,1
DA:4,1
DA:5,1
DA:6,1
DA:7,1
DA:8,1
DA:9,1
DA:10,1
DA:11,1
DA:12,1
DA:13,1
DA:14,1
DA:15,1
DA:16,1
DA:17,1
DA:18,1
DA:19,1
DA:20,1
DA:21,1
DA:22,1
DA:23,1
DA:24,1
DA:25,1
DA:26,1
DA:27,1
DA:28,1
DA:29,1
DA:30,4158
DA:31,4158
DA:32,4158
DA:33,4158
DA:34,4158
DA:35,1
DA:36,1
DA:37,0
DA:38,0
DA:39,1
DA:40,1
DA:41,2206
DA:42,2206
DA:43,1
DA:44,1
DA:45,3742
DA:46,3742
DA:47,3742
DA:48,3742
DA:49,3742
DA:50,1
DA:51,1
DA:52,10362
DA:53,10362
DA:54,10362
DA:55,10362
DA:56,10362
DA:57,1
DA:58,1
DA:59,24660
DA:60,24660
DA:61,24660
DA:62,24660
DA:63,0
DA:64,0
DA:65,0
DA:66,24660
DA:67,24660
DA:68,1
DA:69,1
DA:70,0
DA:71,0
DA:72,0
DA:73,0
DA:74,0
DA:75,0
DA:76,0
DA:77,0
DA:78,0
DA:79,0
DA:80,1
DA:81,1
DA:82,294
DA:83,294
DA:84,294
DA:85,294
DA:86,294
DA:87,1
DA:88,1
DA:89,1516
DA:90,1516
DA:91,1516
DA:92,1516
DA:93,1516
DA:94,652
DA:95,652
DA:96,652
DA:97,652
DA:98,652
DA:99,1516
DA:100,1516
DA:101,1
DA:102,1
DA:103,294
DA:104,294
DA:105,294
DA:106,294
DA:107,294
DA:108,0
DA:109,0
DA:110,0
DA:111,294
DA:112,294
DA:113,294
DA:114,294
DA:115,294
DA:116,294
DA:117,294
DA:118,1
DA:119,1
DA:120,1516
DA:121,1516
DA:122,1516
DA:123,1516
DA:124,1516
DA:125,1516
DA:126,1516
DA:127,1516
DA:128,1516
DA:129,1516
DA:130,1
DA:131,1
DA:132,2206
DA:133,2206
DA:134,2206
DA:135,2206
DA:136,2206
DA:137,1
DA:138,1
DA:139,4412
DA:140,4412
DA:141,4412
DA:142,4412
DA:143,4412
DA:144,1
DA:145,1
DA:146,9412
DA:147,9412
DA:148,9412
DA:149,9412
DA:150,0
DA:151,0
DA:152,0
DA:153,9412
DA:154,9412
DA:155,1
DA:156,1
DA:157,1516
DA:158,0
DA:159,0
DA:160,1516
DA:161,1
DA:162,1
DA:163,0
DA:164,0
DA:165,0
DA:166,0
DA:167,0
DA:168,0
DA:169,0
DA:170,0
DA:171,0
DA:172,0
DA:173,0
DA:174,0
DA:175,0
DA:176,0
DA:177,0
DA:178,0
DA:179,0
DA:180,0
DA:181,0
DA:182,0
DA:183,0
DA:184,0
DA:185,1
LF:185
LH:140
BRDA:29,0,0,4158
BRDA:40,1,0,2206
BRDA:44,2,0,3742
BRDA:51,3,0,10362
BRDA:58,4,0,24660
BRDA:62,5,0,0
BRDA:81,6,0,294
BRDA:88,7,0,1516
BRDA:93,8,0,652
BRDA:102,9,0,294
BRDA:107,10,0,0
BRDA:119,11,0,1516
BRDA:131,12,0,2206
BRDA:138,13,0,4412
BRDA:145,14,0,9412
BRDA:149,15,0,0
BRDA:156,16,0,1516
BRDA:157,17,0,0
BRF:18
BRH:14
end_of_record
TN:
SF:src/classes/objectStructures.ts
FN:67,ObjectStructures
FN:75,ensureCapacity
FN:88,Object.<anonymous>
FN:92,get length
FN:96,get haveMaxStructures
FN:100,setOffset
FN:104,readNext
FN:111,getStructureSizeForID
FN:121,getStructureRecord
FN:127,readRecord
FN:147,beginRecord
FN:160,endRecord
FN:173,beginMemberRecord
FN:179,endMemberRecord
FN:186,enterSymbolName
FN:199,readLongAt
FN:208,enterAssignedStructure
FN:222,enterStructureAsNew
FN:236,recordStructElementName
FN:245,recordStructWithinStruct
FN:258,recordStructElement
FN:267,finalizeStructElement
FN:288,enterLong
FN:296,enterWord
FN:301,enterByte
FN:309,read
FN:321,reset
FN:329,replaceLong
FN:336,replaceWord
FN:341,replaceByte
FN:351,logMessage
FN:357,logMessageOutline
FNF:32
FNH:25
FNDA:118,ObjectStructures
FNDA:1016,ensureCapacity
FNDA:0,Object.<anonymous>
FNDA:0,get length
FNDA:21,get haveMaxStructures
FNDA:0,setOffset
FNDA:0,readNext
FNDA:360,getStructureSizeForID
FNDA:1932,getStructureRecord
FNDA:2326,readRecord
FNDA:18,beginRecord
FNDA:18,endRecord
FNDA:39,beginMemberRecord
FNDA:39,endMemberRecord
FNDA:0,enterSymbolName
FNDA:374,readLongAt
FNDA:1,enterAssignedStructure
FNDA:2,enterStructureAsNew
FNDA:39,recordStructElementName
FNDA:14,recordStructWithinStruct
FNDA:25,recordStructElement
FNDA:39,finalizeStructElement
FNDA:57,enterLong
FNDA:18,enterWord
FNDA:1016,enterByte
FNDA:0,read
FNDA:386,reset
FNDA:18,replaceLong
FNDA:18,replaceWord
FNDA:108,replaceByte
FNDA:8667,logMessage
FNDA:0,logMessageOutline
DA:1,1
DA:2,1
DA:3,1
DA:4,1
DA:5,1
DA:6,1
DA:7,1
DA:8,1
DA:9,1
DA:10,1
DA:11,1
DA:12,1
DA:13,1
DA:14,1
DA:15,1
DA:16,1
DA:17,1
DA:18,1
DA:19,1
DA:20,1
DA:21,1
DA:22,1
DA:23,1
DA:24,1
DA:25,1
DA:26,1
DA:27,1
DA:28,1
DA:29,1
DA:30,1
DA:31,1
DA:32,1
DA:33,1
DA:34,1
DA:35,1
DA:36,1
DA:37,3
DA:38,3
DA:39,3
DA:40,3
DA:41,3
DA:42,3
DA:43,3
DA:44,1
DA:45,1
DA:46,1
DA:47,1
DA:48,1
DA:49,1
DA:50,1
DA:51,1
DA:52,1
DA:53,1
DA:54,1
DA:55,1
DA:56,1
DA:57,1
DA:58,1
DA:59,1
DA:60,1
DA:61,1
DA:62,1
DA:63,1
DA:64,1
DA:65,1
DA:66,1
DA:67,1
DA:68,118
DA:69,118
DA:70,118
DA:71,118
DA:72,118
DA:73,118
DA:74,1
DA:75,1
DA:76,1016
DA:77,0
DA:78,0
DA:79,0
DA:80,0
DA:81,0
DA:82,0
DA:83,0
DA:84,0
DA:85,0
DA:86,1016
DA:87,1
DA:88,1
DA:89,0
DA:90,0
DA:91,1
DA:92,1
DA:93,0
DA:94,0
DA:95,1
DA:96,1
DA:97,21
DA:98,21
DA:99,1
DA:100,1
DA:101,0
DA:102,0
DA:103,1
DA:104,1
DA:105,0
DA:106,0
DA:107,0
DA:108,0
DA:109,0
DA:110,1
DA:111,1
DA:112,360
DA:113,360
DA:114,360
DA:115,360
DA:116,360
DA:117,360
DA:118,360
DA:119,360
DA:120,1
DA:121,1
DA:122,1932
DA:123,1932
DA:124,1932
DA:125,1932
DA:126,1
DA:127,1
DA:128,2326
DA:129,2326
DA:130,2326
DA:131,2326
DA:132,2326
DA:133,2326
DA:134,2326
DA:135,2326
DA:136,2326
DA:137,2326
DA:138,2326
DA:139,2326
DA:140,0
DA:141,0
DA:142,0
DA:143,2326
DA:144,2326
DA:145,2326
DA:146,1
DA:147,1
DA:148,18
DA:149,18
DA:150,18
DA:151,18
DA:152,18
DA:153,18
DA:154,18
DA:155,18
DA:156,18
DA:157,18
DA:158,18
DA:159,1
DA:160,1
DA:161,18
DA:162,18
DA:163,18
DA:164,18
DA:165,18
DA:166,18
DA:167,18
DA:168,18
DA:169,18
DA:170,18
DA:171,18
DA:172,1
DA:173,1
DA:174,39
DA:175,39
DA:176,39
DA:177,39
DA:178,1
DA:179,1
DA:180,39
DA:181,39
DA:182,39
DA:183,39
DA:184,39
DA:185,1
DA:186,1
DA:187,0
DA:188,0
DA:189,0
DA:190,0
DA:191,0
DA:192,0
DA:193,0
DA:194,0
DA:195,0
DA:196,0
DA:197,0
DA:198,1
DA:199,1
DA:200,374
DA:201,374
DA:202,374
DA:203,374
DA:204,374
DA:205,374
DA:206,374
DA:207,1
DA:208,1
DA:209,1
DA:210,1
DA:211,1
DA:212,1
DA:213,1
DA:214,22
DA:215,22
DA:216,1
DA:217,1
DA:218,1
DA:219,1
DA:220,1
DA:221,1
DA:222,1
DA:223,2
DA:224,2
DA:225,2
DA:226,2
DA:227,2
DA:228,36
DA:229,36
DA:230,2
DA:231,2
DA:232,2
DA:233,2
DA:234,2
DA:235,1
DA:236,1
DA:237,39
DA:238,39
DA:239,39
DA:240,39
DA:241,106
DA:242,106
DA:243,39
DA:244,1
DA:245,1
DA:246,14
DA:247,14
DA:248,14
DA:249,14
DA:250,14
DA:251,14
DA:252,14
DA:253,14
DA:254,471
DA:255,471
DA:256,14
DA:257,1
DA:258,1
DA:259,25
DA:260,25
DA:261,25
DA:262,25
DA:263,25
DA:264,25
DA:265,25
DA:266,1
DA:267,1
DA:268,39
DA:269,39
DA:270,39
DA:271,0
DA:272,0
DA:273,0
DA:274,39
DA:275,39
DA:276,39
DA:277,0
DA:278,0
DA:279,0
DA:280,39
DA:281,39
DA:282,0
DA:283,0
DA:284,0
DA:285,39
DA:286,39
DA:287,1
DA:288,1
DA:289,57
DA:290,57
DA:291,57
DA:292,57
DA:293,57
DA:294,57
DA:295,1
DA:296,1
DA:297,18
DA:298,18
DA:299,18
DA:300,1
DA:301,1
DA:302,1016
DA:303,1016
DA:304,1016
DA:305,1016
DA:306,1016
DA:307,1016
DA:308,1
DA:309,1
DA:310,0
DA:311,0
DA:312,0
DA:313,0
DA:314,0
DA:315,0
DA:316,0
DA:317,0
DA:318,0
DA:319,0
DA:320,1
DA:321,1
DA:322,386
DA:323,386
DA:324,386
DA:325,386
DA:326,386
DA:327,386
DA:328,1
DA:329,1
DA:330,18
DA:331,18
DA:332,18
DA:333,18
DA:334,18
DA:335,1
DA:336,1
DA:337,18
DA:338,18
DA:339,18
DA:340,1
DA:341,1
DA:342,108
DA:343,108
DA:344,108
DA:345,108
DA:346,0
DA:347,0
DA:348,0
DA:349,108
DA:350,1
DA:351,1
DA:352,8667
DA:353,0
DA:354,0
DA:355,8667
DA:356,1
DA:357,1
DA:358,0
DA:359,0
DA:360,0
DA:361,0
DA:362,1
LF:362
LH:300
BRDA:37,0,0,3
BRDA:67,1,0,118
BRDA:75,2,0,1016
BRDA:76,3,0,0
BRDA:76,4,0,0
BRDA:96,5,0,21
BRDA:97,6,0,0
BRDA:111,7,0,360
BRDA:121,8,0,1932
BRDA:127,9,0,2326
BRDA:139,10,0,0
BRDA:147,11,0,18
BRDA:160,12,0,18
BRDA:173,13,0,39
BRDA:179,14,0,39
BRDA:199,15,0,374
BRDA:208,16,0,1
BRDA:213,17,0,22
BRDA:222,18,0,2
BRDA:227,19,0,36
BRDA:236,20,0,39
BRDA:240,21,0,106
BRDA:245,22,0,14
BRDA:253,23,0,471
BRDA:258,24,0,25
BRDA:267,25,0,39
BRDA:270,26,0,7
BRDA:270,27,0,0
BRDA:276,28,0,0
BRDA:281,29,0,0
BRDA:288,30,0,57
BRDA:296,31,0,18
BRDA:301,32,0,1016
BRDA:321,33,0,386
BRDA:329,34,0,18
BRDA:336,35,0,18
BRDA:341,36,0,108
BRDA:345,37,0,0
BRDA:351,38,0,8667
BRDA:352,39,0,0
BRF:40
BRH:31
end_of_record
TN:
SF:src/classes/objectSymbols.ts
FN:70,ObjectSymbols
FN:77,ensureCapacity
FN:93,Object.<anonymous>
FN:97,get length
FN:101,setReadOffset
FN:105,readNext
FN:112,writeSymbolName
FN:121,writePubMethod
FN:131,writePubConstant
FN:140,writePubStructure
FN:151,writeLong
FN:159,writeByte
FN:166,read
FN:175,reset
FN:182,logMessage
FN:188,logMessageOutline
FNF:16
FNH:14
FNDA:118,ObjectSymbols
FNDA:102446,ensureCapacity
FNDA:0,Object.<anonymous>
FNDA:36278,get length
FNDA:166,setReadOffset
FNDA:35946,readNext
FNDA:7020,writeSymbolName
FNDA:248,writePubMethod
FNDA:6753,writePubConstant
FNDA:19,writePubStructure
FNDA:6753,writeLong
FNDA:102446,writeByte
FNDA:0,read
FNDA:386,reset
FNDA:145798,logMessage
FNDA:9,logMessageOutline
DA:1,1
DA:2,1
DA:3,1
DA:4,1
DA:5,1
DA:6,1
DA:7,1
DA:8,1
DA:9,1
DA:10,1
DA:11,1
DA:12,1
DA:13,1
DA:14,1
DA:15,1
DA:16,1
DA:17,1
DA:18,1
DA:19,1
DA:20,1
DA:21,1
DA:22,1
DA:23,1
DA:24,1
DA:25,1
DA:26,1
DA:27,1
DA:28,1
DA:29,1
DA:30,1
DA:31,1
DA:32,1
DA:33,1
DA:34,1
DA:35,1
DA:36,1
DA:37,1
DA:38,1
DA:39,1
DA:40,1
DA:41,1
DA:42,1
DA:43,1
DA:44,1
DA:45,1
DA:46,1
DA:47,1
DA:48,1
DA:49,1
DA:50,1
DA:51,1
DA:52,1
DA:53,1
DA:54,1
DA:55,1
DA:56,1
DA:57,1
DA:58,1
DA:59,1
DA:60,1
DA:61,1
DA:62,1
DA:63,1
DA:64,1
DA:65,1
DA:66,1
DA:67,1
DA:68,1
DA:69,1
DA:70,1
DA:71,118
DA:72,118
DA:73,118
DA:74,118
DA:75,118
DA:76,1
DA:77,1
DA:78,102446
DA:79,9
DA:80,9
DA:81,9
DA:82,9
DA:83,9
DA:84,9
DA:85,9
DA:86,9
DA:87,102446
DA:88,0
DA:89,0
DA:90,0
DA:91,102446
DA:92,1
DA:93,1
DA:94,0
DA:95,0
DA:96,1
DA:97,1
DA:98,36278
DA:99,36278
DA:100,1
DA:101,1
DA:102,166
DA:103,166
DA:104,1
DA:105,1
DA:106,35946
DA:107,35946
DA:108,35946
DA:109,35946
DA:110,35946
DA:111,1
DA:112,1
DA:113,7020
DA:114,7020
DA:115,66938
DA:116,66938
DA:117,66938
DA:118,7020
DA:119,7020
DA:120,1
DA:121,1
DA:122,248
DA:123,248
DA:124,248
DA:125,248
DA:126,248
DA:127,248
DA:128,248
DA:129,248
DA:130,1
DA:131,1
DA:132,6753
DA:133,6753
DA:134,6753
DA:135,6753
DA:136,6753
DA:137,6753
DA:138,6753
DA:139,1
DA:140,1
DA:141,19
DA:142,19
DA:143,19
DA:144,19
DA:145,19
DA:146,19
DA:147,980
DA:148,980
DA:149,19
DA:150,1
DA:151,1
DA:152,6753
DA:153,6753
DA:154,6753
DA:155,6753
DA:156,6753
DA:157,6753
DA:158,1
DA:159,1
DA:160,102446
DA:161,102446
DA:162,102446
DA:163,102446
DA:164,102446
DA:165,1
DA:166,1
DA:167,0
DA:168,0
DA:169,0
DA:170,0
DA:171,0
DA:172,0
DA:173,0
DA:174,1
DA:175,1
DA:176,386
DA:177,386
DA:178,386
DA:179,386
DA:180,386
DA:181,1
DA:182,1
DA:183,145798
DA:184,0
DA:185,0
DA:186,145798
DA:187,1
DA:188,1
DA:189,9
DA:190,0
DA:191,0
DA:192,9
DA:193,1
LF:193
LH:177
BRDA:70,0,0,118
BRDA:77,1,0,102446
BRDA:78,2,0,9
BRDA:78,3,0,9
BRDA:81,4,0,0
BRDA:87,5,0,102437
BRDA:87,6,0,0
BRDA:97,7,0,36278
BRDA:101,8,0,166
BRDA:105,9,0,35946
BRDA:112,10,0,7020
BRDA:114,11,0,66938
BRDA:121,12,0,248
BRDA:131,13,0,6753
BRDA:134,14,0,99
BRDA:134,15,0,6654
BRDA:140,16,0,19
BRDA:146,17,0,980
BRDA:151,18,0,6753
BRDA:159,19,0,102446
BRDA:175,20,0,386
BRDA:182,21,0,145798
BRDA:183,22,0,0
BRDA:188,23,0,9
BRDA:189,24,0,0
BRF:25
BRH:21
end_of_record
TN:
SF:src/classes/parseUtils.ts
FN:1007,setAsmcodeValue
FN:1016,setFlexcodeValue
FN:1028,setOpcodeValue
FN:1078,SpinSymbolTables
FN:2893,getFlexcodeFromBytecode
FN:2910,dumpFlexCodeMap
FN:2922,enableLogging
FN:2927,logMessage
FN:2933,setLangaugeVersion
FN:2938,builtInSymbol
FN:3027,operatorSymbol
FN:3048,regressionInternalTableValuePairString
FN:3104,addPairsToResultStrings
FN:3112,addStringArPairsToResultStrings
FN:3119,regressionAcValuePairStrings
FN:3137,regressionFcValuePairStrings
FN:3155,regressionOpValuePairStrings
FN:3172,regressionFilterAndGetValue
FN:3203,regressionString
FN:3208,opcodeValue
FN:3221,asmcodeValue
FN:3233,flexValue
FNF:22
FNH:13
FNDA:127086,setAsmcodeValue
FNDA:26196,setFlexcodeValue
FNDA:26550,setOpcodeValue
FNDA:354,SpinSymbolTables
FNDA:510,getFlexcodeFromBytecode
FNDA:0,dumpFlexCodeMap
FNDA:118,enableLogging
FNDA:143021,logMessage
FNDA:386,setLangaugeVersion
FNDA:28002,builtInSymbol
FNDA:28607,operatorSymbol
FNDA:0,regressionInternalTableValuePairString
FNDA:0,addPairsToResultStrings
FNDA:0,addStringArPairsToResultStrings
FNDA:0,regressionAcValuePairStrings
FNDA:0,regressionFcValuePairStrings
FNDA:0,regressionOpValuePairStrings
FNDA:0,regressionFilterAndGetValue
FNDA:0,regressionString
FNDA:25978,opcodeValue
FNDA:114454,asmcodeValue
FNDA:27419,flexValue
DA:1,1
DA:2,1
DA:3,1
DA:4,1
DA:5,1
DA:6,1
DA:7,1
DA:8,1
DA:9,1
DA:10,1
DA:11,1
DA:12,1
DA:13,1
DA:14,1
DA:15,1
DA:16,1
DA:17,1
DA:18,1
DA:19,1
DA:20,1
DA:21,1
DA:22,1
DA:23,3
DA:24,3
DA:25,3
DA:26,3
DA:27,3
DA:28,3
DA:29,3
DA:30,3
DA:31,3
DA:32,3
DA:33,3
DA:34,3
DA:35,3
DA:36,3
DA:37,3
DA:38,3
DA:39,3
DA:40,3
DA:41,3
DA:42,3
DA:43,3
DA:44,3
DA:45,3
DA:46,3
DA:47,3
DA:48,3
DA:49,3
DA:50,3
DA:51,3
DA:52,3
DA:53,3
DA:54,3
DA:55,3
DA:56,3
DA:57,3
DA:58,3
DA:59,3
DA:60,3
DA:61,3
DA:62,3
DA:63,3
DA:64,3
DA:65,3
DA:66,3
DA:67,3
DA:68,3
DA:69,3
DA:70,3
DA:71,3
DA:72,3
DA:73,3
DA:74,3
DA:75,3
DA:76,3
DA:77,3
DA:78,3
DA:79,3
DA:80,3
DA:81,3
DA:82,3
DA:83,3
DA:84,3
DA:85,3
DA:86,3
DA:87,3
DA:88,3
DA:89,3
DA:90,3
DA:91,3
DA:92,3
DA:93,3
DA:94,3
DA:95,3
DA:96,3
DA:97,3
DA:98,3
DA:99,3
DA:100,3
DA:101,3
DA:102,3
DA:103,3
DA:104,3
DA:105,3
DA:106,3
DA:107,3
DA:108,3
DA:109,3
DA:110,3
DA:111,3
DA:112,3
DA:113,3
DA:114,3
DA:115,3
DA:116,3
DA:117,3
DA:118,3
DA:119,3
DA:120,3
DA:121,3
DA:122,3
DA:123,3
DA:124,3
DA:125,3
DA:126,3
DA:127,3
DA:128,3
DA:129,3
DA:130,3
DA:131,3
DA:132,3
DA:133,3
DA:134,3
DA:135,3
DA:136,3
DA:137,3
DA:138,3
DA:139,3
DA:140,3
DA:141,3
DA:142,3
DA:143,3
DA:144,3
DA:145,3
DA:146,3
DA:147,3
DA:148,3
DA:149,3
DA:150,3
DA:151,3
DA:152,3
DA:153,3
DA:154,3
DA:155,3
DA:156,3
DA:157,3
DA:158,3
DA:159,3
DA:160,3
DA:161,3
DA:162,3
DA:163,3
DA:164,3
DA:165,3
DA:166,3
DA:167,3
DA:168,3
DA:169,3
DA:170,3
DA:171,3
DA:172,3
DA:173,3
DA:174,3
DA:175,3
DA:176,3
DA:177,3
DA:178,3
DA:179,3
DA:180,3
DA:181,3
DA:182,3
DA:183,3
DA:184,3
DA:185,3
DA:186,3
DA:187,3
DA:188,3
DA:189,3
DA:190,3
DA:191,3
DA:192,3
DA:193,3
DA:194,3
DA:195,3
DA:196,3
DA:197,3
DA:198,3
DA:199,3
DA:200,3
DA:201,3
DA:202,3
DA:203,3
DA:204,3
DA:205,3
DA:206,3
DA:207,3
DA:208,3
DA:209,3
DA:210,3
DA:211,3
DA:212,3
DA:213,3
DA:214,3
DA:215,3
DA:216,3
DA:217,3
DA:218,3
DA:219,3
DA:220,3
DA:221,3
DA:222,3
DA:223,3
DA:224,3
DA:225,3
DA:226,3
DA:227,3
DA:228,3
DA:229,3
DA:230,3
DA:231,3
DA:232,3
DA:233,3
DA:234,3
DA:235,3
DA:236,3
DA:237,3
DA:238,3
DA:239,3
DA:240,3
DA:241,3
DA:242,3
DA:243,3
DA:244,3
DA:245,3
DA:246,3
DA:247,3
DA:248,3
DA:249,3
DA:250,3
DA:251,3
DA:252,3
DA:253,3
DA:254,3
DA:255,3
DA:256,3
DA:257,3
DA:258,3
DA:259,3
DA:260,3
DA:261,3
DA:262,3
DA:263,3
DA:264,3
DA:265,3
DA:266,3
DA:267,3
DA:268,3
DA:269,3
DA:270,3
DA:271,3
DA:272,3
DA:273,3
DA:274,3
DA:275,3
DA:276,3
DA:277,3
DA:278,3
DA:279,3
DA:280,3
DA:281,3
DA:282,3
DA:283,3
DA:284,3
DA:285,3
DA:286,3
DA:287,3
DA:288,3
DA:289,3
DA:290,3
DA:291,3
DA:292,3
DA:293,3
DA:294,3
DA:295,3
DA:296,3
DA:297,3
DA:298,3
DA:299,3
DA:300,3
DA:301,3
DA:302,3
DA:303,3
DA:304,3
DA:305,3
DA:306,3
DA:307,3
DA:308,3
DA:309,3
DA:310,3
DA:311,3
DA:312,3
DA:313,3
DA:314,3
DA:315,3
DA:316,3
DA:317,3
DA:318,3
DA:319,3
DA:320,3
DA:321,3
DA:322,3
DA:323,3
DA:324,3
DA:325,3
DA:326,3
DA:327,3
DA:328,3
DA:329,3
DA:330,3
DA:331,3
DA:332,3
DA:333,3
DA:334,3
DA:335,3
DA:336,3
DA:337,3
DA:338,3
DA:339,3
DA:340,3
DA:341,3
DA:342,3
DA:343,3
DA:344,3
DA:345,3
DA:346,3
DA:347,3
DA:348,3
DA:349,3
DA:350,3
DA:351,3
DA:352,3
DA:353,3
DA:354,3
DA:355,3
DA:356,3
DA:357,3
DA:358,3
DA:359,3
DA:360,3
DA:361,3
DA:362,3
DA:363,3
DA:364,3
DA:365,3
DA:366,3
DA:367,3
DA:368,3
DA:369,3
DA:370,3
DA:371,3
DA:372,3
DA:373,3
DA:374,3
DA:375,3
DA:376,3
DA:377,3
DA:378,3
DA:379,3
DA:380,3
DA:381,3
DA:382,3
DA:383,3
DA:384,3
DA:385,3
DA:386,3
DA:387,3
DA:388,3
DA:389,3
DA:390,3
DA:391,3
DA:392,3
DA:393,3
DA:394,3
DA:395,3
DA:396,3
DA:397,3
DA:398,3
DA:399,3
DA:400,3
DA:401,3
DA:402,3
DA:403,3
DA:404,3
DA:405,3
DA:406,3
DA:407,3
DA:408,3
DA:409,3
DA:410,3
DA:411,3
DA:412,3
DA:413,3
DA:414,3
DA:415,3
DA:416,3
DA:417,3
DA:418,3
DA:419,3
DA:420,3
DA:421,3
DA:422,3
DA:423,3
DA:424,3
DA:425,3
DA:426,3
DA:427,3
DA:428,3
DA:429,3
DA:430,3
DA:431,3
DA:432,3
DA:433,3
DA:434,3
DA:435,3
DA:436,3
DA:437,3
DA:438,3
DA:439,3
DA:440,3
DA:441,3
DA:442,3
DA:443,3
DA:444,3
DA:445,3
DA:446,3
DA:447,3
DA:448,3
DA:449,3
DA:450,3
DA:451,3
DA:452,3
DA:453,3
DA:454,3
DA:455,3
DA:456,3
DA:457,3
DA:458,3
DA:459,3
DA:460,3
DA:461,3
DA:462,3
DA:463,3
DA:464,3
DA:465,3
DA:466,3
DA:467,3
DA:468,3
DA:469,3
DA:470,3
DA:471,3
DA:472,3
DA:473,3
DA:474,3
DA:475,3
DA:476,3
DA:477,3
DA:478,3
DA:479,3
DA:480,3
DA:481,3
DA:482,3
DA:483,3
DA:484,3
DA:485,3
DA:486,3
DA:487,3
DA:488,3
DA:489,3
DA:490,3
DA:491,3
DA:492,3
DA:493,3
DA:494,3
DA:495,3
DA:496,3
DA:497,3
DA:498,3
DA:499,3
DA:500,3
DA:501,3
DA:502,3
DA:503,3
DA:504,3
DA:505,3
DA:506,3
DA:507,3
DA:508,3
DA:509,3
DA:510,3
DA:511,3
DA:512,3
DA:513,3
DA:514,3
DA:515,3
DA:516,3
DA:517,3
DA:518,3
DA:519,3
DA:520,3
DA:521,3
DA:522,3
DA:523,3
DA:524,3
DA:525,3
DA:526,3
DA:527,3
DA:528,3
DA:529,3
DA:530,3
DA:531,3
DA:532,3
DA:533,3
DA:534,3
DA:535,3
DA:536,3
DA:537,3
DA:538,3
DA:539,3
DA:540,3
DA:541,3
DA:542,3
DA:543,3
DA:544,3
DA:545,3
DA:546,3
DA:547,3
DA:548,3
DA:549,3
DA:550,3
DA:551,3
DA:552,3
DA:553,3
DA:554,3
DA:555,3
DA:556,3
DA:557,3
DA:558,3
DA:559,3
DA:560,3
DA:561,3
DA:562,3
DA:563,3
DA:564,3
DA:565,3
DA:566,3
DA:567,3
DA:568,3
DA:569,3
DA:570,3
DA:571,3
DA:572,3
DA:573,3
DA:574,3
DA:575,3
DA:576,3
DA:577,3
DA:578,3
DA:579,3
DA:580,3
DA:581,3
DA:582,3
DA:583,3
DA:584,3
DA:585,3
DA:586,3
DA:587,3
DA:588,3
DA:589,3
DA:590,3
DA:591,3
DA:592,3
DA:593,3
DA:594,3
DA:595,3
DA:596,3
DA:597,3
DA:598,3
DA:599,3
DA:600,3
DA:601,3
DA:602,3
DA:603,3
DA:604,3
DA:605,3
DA:606,3
DA:607,3
DA:608,3
DA:609,3
DA:610,3
DA:611,3
DA:612,3
DA:613,3
DA:614,3
DA:615,3
DA:616,3
DA:617,3
DA:618,3
DA:619,3
DA:620,3
DA:621,3
DA:622,3
DA:623,3
DA:624,3
DA:625,3
DA:626,3
DA:627,3
DA:628,3
DA:629,3
DA:630,3
DA:631,3
DA:632,3
DA:633,3
DA:634,3
DA:635,3
DA:636,3
DA:637,3
DA:638,3
DA:639,3
DA:640,3
DA:641,3
DA:642,3
DA:643,3
DA:644,3
DA:645,3
DA:646,3
DA:647,3
DA:648,3
DA:649,3
DA:650,3
DA:651,3
DA:652,3
DA:653,3
DA:654,3
DA:655,3
DA:656,3
DA:657,3
DA:658,3
DA:659,3
DA:660,3
DA:661,3
DA:662,3
DA:663,3
DA:664,3
DA:665,3
DA:666,3
DA:667,3
DA:668,3
DA:669,3
DA:670,3
DA:671,3
DA:672,3
DA:673,3
DA:674,3
DA:675,3
DA:676,3
DA:677,3
DA:678,3
DA:679,3
DA:680,3
DA:681,3
DA:682,3
DA:683,3
DA:684,3
DA:685,3
DA:686,3
DA:687,3
DA:688,3
DA:689,3
DA:690,3
DA:691,3
DA:692,3
DA:693,3
DA:694,3
DA:695,3
DA:696,3
DA:697,3
DA:698,3
DA:699,3
DA:700,3
DA:701,3
DA:702,3
DA:703,3
DA:704,3
DA:705,3
DA:706,3
DA:707,3
DA:708,3
DA:709,3
DA:710,3
DA:711,3
DA:712,3
DA:713,3
DA:714,3
DA:715,3
DA:716,3
DA:717,3
DA:718,3
DA:719,3
DA:720,3
DA:721,3
DA:722,3
DA:723,3
DA:724,3
DA:725,3
DA:726,3
DA:727,3
DA:728,3
DA:729,3
DA:730,3
DA:731,3
DA:732,3
DA:733,3
DA:734,3
DA:735,3
DA:736,3
DA:737,3
DA:738,3
DA:739,3
DA:740,3
DA:741,3
DA:742,3
DA:743,3
DA:744,3
DA:745,3
DA:746,3
DA:747,3
DA:748,3
DA:749,3
DA:750,3
DA:751,3
DA:752,3
DA:753,3
DA:754,3
DA:755,3
DA:756,3
DA:757,3
DA:758,3
DA:759,3
DA:760,3
DA:761,3
DA:762,3
DA:763,3
DA:764,3
DA:765,3
DA:766,3
DA:767,3
DA:768,3
DA:769,3
DA:770,3
DA:771,3
DA:772,3
DA:773,3
DA:774,3
DA:775,3
DA:776,3
DA:777,3
DA:778,3
DA:779,3
DA:780,3
DA:781,3
DA:782,3
DA:783,3
DA:784,3
DA:785,3
DA:786,3
DA:787,3
DA:788,3
DA:789,3
DA:790,3
DA:791,3
DA:792,3
DA:793,3
DA:794,3
DA:795,3
DA:796,3
DA:797,3
DA:798,3
DA:799,3
DA:800,3
DA:801,3
DA:802,3
DA:803,3
DA:804,3
DA:805,3
DA:806,3
DA:807,3
DA:808,3
DA:809,3
DA:810,3
DA:811,3
DA:812,3
DA:813,3
DA:814,3
DA:815,3
DA:816,3
DA:817,3
DA:818,3
DA:819,3
DA:820,3
DA:821,3
DA:822,3
DA:823,3
DA:824,3
DA:825,3
DA:826,3
DA:827,3
DA:828,3
DA:829,3
DA:830,3
DA:831,3
DA:832,3
DA:833,3
DA:834,3
DA:835,3
DA:836,3
DA:837,3
DA:838,3
DA:839,3
DA:840,3
DA:841,3
DA:842,3
DA:843,3
DA:844,3
DA:845,3
DA:846,3
DA:847,3
DA:848,3
DA:849,3
DA:850,3
DA:851,3
DA:852,3
DA:853,3
DA:854,3
DA:855,3
DA:856,3
DA:857,3
DA:858,3
DA:859,3
DA:860,3
DA:861,3
DA:862,3
DA:863,3
DA:864,3
DA:865,3
DA:866,3
DA:867,3
DA:868,3
DA:869,3
DA:870,3
DA:871,3
DA:872,3
DA:873,3
DA:874,3
DA:875,3
DA:876,3
DA:877,3
DA:878,3
DA:879,3
DA:880,3
DA:881,3
DA:882,3
DA:883,3
DA:884,3
DA:885,3
DA:886,3
DA:887,3
DA:888,3
DA:889,3
DA:890,3
DA:891,3
DA:892,3
DA:893,3
DA:894,3
DA:895,3
DA:896,3
DA:897,3
DA:898,3
DA:899,3
DA:900,3
DA:901,3
DA:902,3
DA:903,3
DA:904,3
DA:905,3
DA:906,3
DA:907,3
DA:908,3
DA:909,3
DA:910,3
DA:911,3
DA:912,3
DA:913,3
DA:914,3
DA:915,3
DA:916,3
DA:917,3
DA:918,3
DA:919,3
DA:920,3
DA:921,3
DA:922,3
DA:923,3
DA:924,3
DA:925,3
DA:926,3
DA:927,3
DA:928,3
DA:929,3
DA:930,3
DA:931,3
DA:932,3
DA:933,3
DA:934,3
DA:935,3
DA:936,3
DA:937,3
DA:938,3
DA:939,3
DA:940,3
DA:941,3
DA:942,3
DA:943,3
DA:944,3
DA:945,3
DA:946,3
DA:947,3
DA:948,3
DA:949,3
DA:950,3
DA:951,3
DA:952,3
DA:953,3
DA:954,3
DA:955,1
DA:956,3
DA:957,3
DA:958,3
DA:959,1
DA:960,3
DA:961,3
DA:962,3
DA:963,3
DA:964,3
DA:965,3
DA:966,3
DA:967,3
DA:968,3
DA:969,3
DA:970,1
DA:971,3
DA:972,3
DA:973,3
DA:974,3
DA:975,1
DA:976,3
DA:977,3
DA:978,3
DA:979,1
DA:980,3
DA:981,3
DA:982,3
DA:983,3
DA:984,3
DA:985,3
DA:986,3
DA:987,3
DA:988,3
DA:989,3
DA:990,3
DA:991,3
DA:992,1
DA:993,3
DA:994,3
DA:995,3
DA:996,1
DA:997,3
DA:998,3
DA:999,3
DA:1000,3
DA:1001,3
DA:1002,3
DA:1003,3
DA:1004,3
DA:1005,3
DA:1006,1
DA:1007,127086
DA:1008,127086
DA:1009,127086
DA:1010,127086
DA:1011,127086
DA:1012,127086
DA:1013,127086
DA:1014,127086
DA:1015,1
DA:1016,26196
DA:1017,26196
DA:1018,26196
DA:1019,26196
DA:1020,26196
DA:1021,26196
DA:1022,26196
DA:1023,26196
DA:1024,26196
DA:1025,26196
DA:1026,26196
DA:1027,1
DA:1028,26550
DA:1029,26550
DA:1030,26550
DA:1031,26550
DA:1032,26550
DA:1033,26550
DA:1034,26550
DA:1035,26550
DA:1036,26550
DA:1037,26550
DA:1038,26550
DA:1039,26550
DA:1040,26550
DA:1041,26550
DA:1042,26550
DA:1043,26550
DA:1044,26550
DA:1045,26550
DA:1046,26550
DA:1047,26550
DA:1048,1
DA:1049,1
DA:1050,1
DA:1051,1
DA:1052,1
DA:1053,1
DA:1054,1
DA:1055,1
DA:1056,1
DA:1057,1
DA:1058,1
DA:1059,1
DA:1060,1
DA:1061,1
DA:1062,1
DA:1063,1
DA:1064,1
DA:1065,1
DA:1066,1
DA:1067,1
DA:1068,1
DA:1069,1
DA:1070,1
DA:1071,1
DA:1072,1
DA:1073,1
DA:1074,1
DA:1075,1
DA:1076,1
DA:1077,1
DA:1078,1
DA:1079,354
DA:1080,354
DA:1081,354
DA:1082,354
DA:1083,354
DA:1084,354
DA:1085,354
DA:1086,354
DA:1087,354
DA:1088,354
DA:1089,354
DA:1090,354
DA:1091,354
DA:1092,354
DA:1093,354
DA:1094,354
DA:1095,354
DA:1096,354
DA:1097,354
DA:1098,354
DA:1099,354
DA:1100,354
DA:1101,354
DA:1102,354
DA:1103,354
DA:1104,354
DA:1105,354
DA:1106,354
DA:1107,354
DA:1108,354
DA:1109,354
DA:1110,354
DA:1111,354
DA:1112,354
DA:1113,354
DA:1114,354
DA:1115,354
DA:1116,354
DA:1117,354
DA:1118,354
DA:1119,354
DA:1120,354
DA:1121,354
DA:1122,354
DA:1123,354
DA:1124,354
DA:1125,354
DA:1126,354
DA:1127,354
DA:1128,354
DA:1129,354
DA:1130,354
DA:1131,354
DA:1132,354
DA:1133,354
DA:1134,354
DA:1135,354
DA:1136,354
DA:1137,354
DA:1138,354
DA:1139,354
DA:1140,354
DA:1141,354
DA:1142,354
DA:1143,354
DA:1144,354
DA:1145,354
DA:1146,354
DA:1147,354
DA:1148,354
DA:1149,354
DA:1150,354
DA:1151,354
DA:1152,354
DA:1153,354
DA:1154,354
DA:1155,354
DA:1156,354
DA:1157,354
DA:1158,354
DA:1159,354
DA:1160,354
DA:1161,354
DA:1162,354
DA:1163,354
DA:1164,354
DA:1165,354
DA:1166,354
DA:1167,354
DA:1168,354
DA:1169,354
DA:1170,354
DA:1171,354
DA:1172,354
DA:1173,354
DA:1174,354
DA:1175,354
DA:1176,354
DA:1177,354
DA:1178,354
DA:1179,354
DA:1180,354
DA:1181,354
DA:1182,354
DA:1183,354
DA:1184,354
DA:1185,354
DA:1186,354
DA:1187,354
DA:1188,354
DA:1189,354
DA:1190,354
DA:1191,354
DA:1192,354
DA:1193,354
DA:1194,354
DA:1195,354
DA:1196,354
DA:1197,354
DA:1198,354
DA:1199,354
DA:1200,354
DA:1201,354
DA:1202,354
DA:1203,354
DA:1204,354
DA:1205,354
DA:1206,354
DA:1207,354
DA:1208,354
DA:1209,354
DA:1210,354
DA:1211,354
DA:1212,354
DA:1213,354
DA:1214,354
DA:1215,354
DA:1216,354
DA:1217,354
DA:1218,354
DA:1219,354
DA:1220,354
DA:1221,354
DA:1222,354
DA:1223,354
DA:1224,354
DA:1225,354
DA:1226,354
DA:1227,354
DA:1228,354
DA:1229,354
DA:1230,354
DA:1231,354
DA:1232,354
DA:1233,354
DA:1234,354
DA:1235,354
DA:1236,354
DA:1237,354
DA:1238,354
DA:1239,354
DA:1240,354
DA:1241,354
DA:1242,354
DA:1243,354
DA:1244,354
DA:1245,354
DA:1246,354
DA:1247,354
DA:1248,354
DA:1249,354
DA:1250,354
DA:1251,354
DA:1252,354
DA:1253,354
DA:1254,354
DA:1255,354
DA:1256,354
DA:1257,354
DA:1258,354
DA:1259,354
DA:1260,354
DA:1261,354
DA:1262,354
DA:1263,354
DA:1264,354
DA:1265,354
DA:1266,354
DA:1267,354
DA:1268,354
DA:1269,354
DA:1270,354
DA:1271,354
DA:1272,354
DA:1273,354
DA:1274,354
DA:1275,354
DA:1276,354
DA:1277,354
DA:1278,354
DA:1279,354
DA:1280,354
DA:1281,354
DA:1282,354
DA:1283,354
DA:1284,354
DA:1285,354
DA:1286,354
DA:1287,354
DA:1288,354
DA:1289,354
DA:1290,354
DA:1291,354
DA:1292,354
DA:1293,354
DA:1294,354
DA:1295,354
DA:1296,354
DA:1297,354
DA:1298,354
DA:1299,354
DA:1300,354
DA:1301,354
DA:1302,354
DA:1303,354
DA:1304,354
DA:1305,354
DA:1306,354
DA:1307,354
DA:1308,354
DA:1309,354
DA:1310,354
DA:1311,354
DA:1312,354
DA:1313,354
DA:1314,354
DA:1315,354
DA:1316,354
DA:1317,354
DA:1318,354
DA:1319,354
DA:1320,354
DA:1321,354
DA:1322,354
DA:1323,354
DA:1324,354
DA:1325,354
DA:1326,354
DA:1327,354
DA:1328,354
DA:1329,354
DA:1330,354
DA:1331,354
DA:1332,354
DA:1333,354
DA:1334,354
DA:1335,354
DA:1336,354
DA:1337,354
DA:1338,354
DA:1339,354
DA:1340,354
DA:1341,354
DA:1342,354
DA:1343,354
DA:1344,354
DA:1345,354
DA:1346,354
DA:1347,354
DA:1348,354
DA:1349,354
DA:1350,354
DA:1351,354
DA:1352,354
DA:1353,354
DA:1354,354
DA:1355,354
DA:1356,354
DA:1357,354
DA:1358,354
DA:1359,354
DA:1360,354
DA:1361,354
DA:1362,354
DA:1363,354
DA:1364,354
DA:1365,354
DA:1366,354
DA:1367,354
DA:1368,354
DA:1369,354
DA:1370,354
DA:1371,354
DA:1372,354
DA:1373,354
DA:1374,354
DA:1375,354
DA:1376,354
DA:1377,354
DA:1378,354
DA:1379,354
DA:1380,354
DA:1381,354
DA:1382,354
DA:1383,354
DA:1384,354
DA:1385,354
DA:1386,354
DA:1387,354
DA:1388,354
DA:1389,354
DA:1390,354
DA:1391,354
DA:1392,354
DA:1393,354
DA:1394,354
DA:1395,354
DA:1396,354
DA:1397,354
DA:1398,354
DA:1399,354
DA:1400,354
DA:1401,354
DA:1402,354
DA:1403,354
DA:1404,354
DA:1405,354
DA:1406,354
DA:1407,354
DA:1408,354
DA:1409,354
DA:1410,354
DA:1411,354
DA:1412,354
DA:1413,354
DA:1414,354
DA:1415,354
DA:1416,354
DA:1417,354
DA:1418,354
DA:1419,354
DA:1420,354
DA:1421,354
DA:1422,354
DA:1423,354
DA:1424,354
DA:1425,354
DA:1426,354
DA:1427,354
DA:1428,354
DA:1429,354
DA:1430,354
DA:1431,354
DA:1432,354
DA:1433,354
DA:1434,354
DA:1435,354
DA:1436,354
DA:1437,354
DA:1438,354
DA:1439,354
DA:1440,354
DA:1441,354
DA:1442,354
DA:1443,354
DA:1444,354
DA:1445,354
DA:1446,354
DA:1447,354
DA:1448,354
DA:1449,354
DA:1450,354
DA:1451,354
DA:1452,354
DA:1453,354
DA:1454,354
DA:1455,354
DA:1456,354
DA:1457,354
DA:1458,354
DA:1459,354
DA:1460,354
DA:1461,354
DA:1462,354
DA:1463,354
DA:1464,354
DA:1465,354
DA:1466,354
DA:1467,354
DA:1468,354
DA:1469,354
DA:1470,354
DA:1471,354
DA:1472,354
DA:1473,354
DA:1474,354
DA:1475,354
DA:1476,354
DA:1477,354
DA:1478,354
DA:1479,354
DA:1480,354
DA:1481,354
DA:1482,354
DA:1483,354
DA:1484,354
DA:1485,354
DA:1486,354
DA:1487,354
DA:1488,354
DA:1489,354
DA:1490,354
DA:1491,354
DA:1492,354
DA:1493,354
DA:1494,354
DA:1495,354
DA:1496,354
DA:1497,354
DA:1498,354
DA:1499,354
DA:1500,354
DA:1501,354
DA:1502,354
DA:1503,354
DA:1504,354
DA:1505,354
DA:1506,354
DA:1507,354
DA:1508,354
DA:1509,354
DA:1510,354
DA:1511,354
DA:1512,354
DA:1513,354
DA:1514,354
DA:1515,354
DA:1516,354
DA:1517,354
DA:1518,354
DA:1519,354
DA:1520,354
DA:1521,354
DA:1522,354
DA:1523,354
DA:1524,354
DA:1525,354
DA:1526,354
DA:1527,354
DA:1528,354
DA:1529,354
DA:1530,354
DA:1531,354
DA:1532,354
DA:1533,354
DA:1534,354
DA:1535,354
DA:1536,354
DA:1537,354
DA:1538,354
DA:1539,354
DA:1540,354
DA:1541,354
DA:1542,354
DA:1543,354
DA:1544,354
DA:1545,354
DA:1546,354
DA:1547,354
DA:1548,354
DA:1549,354
DA:1550,354
DA:1551,354
DA:1552,354
DA:1553,354
DA:1554,354
DA:1555,354
DA:1556,354
DA:1557,354
DA:1558,354
DA:1559,354
DA:1560,354
DA:1561,354
DA:1562,354
DA:1563,354
DA:1564,354
DA:1565,354
DA:1566,354
DA:1567,354
DA:1568,354
DA:1569,354
DA:1570,354
DA:1571,354
DA:1572,354
DA:1573,354
DA:1574,354
DA:1575,354
DA:1576,354
DA:1577,354
DA:1578,354
DA:1579,354
DA:1580,354
DA:1581,354
DA:1582,354
DA:1583,354
DA:1584,354
DA:1585,354
DA:1586,354
DA:1587,354
DA:1588,354
DA:1589,354
DA:1590,354
DA:1591,354
DA:1592,354
DA:1593,354
DA:1594,354
DA:1595,354
DA:1596,354
DA:1597,354
DA:1598,354
DA:1599,354
DA:1600,354
DA:1601,354
DA:1602,354
DA:1603,354
DA:1604,354
DA:1605,354
DA:1606,354
DA:1607,354
DA:1608,354
DA:1609,354
DA:1610,354
DA:1611,354
DA:1612,354
DA:1613,354
DA:1614,354
DA:1615,354
DA:1616,354
DA:1617,354
DA:1618,354
DA:1619,354
DA:1620,354
DA:1621,354
DA:1622,354
DA:1623,354
DA:1624,354
DA:1625,354
DA:1626,354
DA:1627,354
DA:1628,354
DA:1629,354
DA:1630,354
DA:1631,354
DA:1632,354
DA:1633,354
DA:1634,354
DA:1635,354
DA:1636,354
DA:1637,354
DA:1638,354
DA:1639,354
DA:1640,354
DA:1641,354
DA:1642,354
DA:1643,354
DA:1644,354
DA:1645,354
DA:1646,354
DA:1647,354
DA:1648,354
DA:1649,354
DA:1650,354
DA:1651,354
DA:1652,354
DA:1653,354
DA:1654,354
DA:1655,354
DA:1656,354
DA:1657,354
DA:1658,354
DA:1659,354
DA:1660,354
DA:1661,354
DA:1662,354
DA:1663,354
DA:1664,354
DA:1665,354
DA:1666,354
DA:1667,354
DA:1668,354
DA:1669,354
DA:1670,354
DA:1671,354
DA:1672,354
DA:1673,354
DA:1674,354
DA:1675,354
DA:1676,354
DA:1677,354
DA:1678,354
DA:1679,354
DA:1680,354
DA:1681,354
DA:1682,354
DA:1683,354
DA:1684,354
DA:1685,354
DA:1686,354
DA:1687,354
DA:1688,354
DA:1689,354
DA:1690,354
DA:1691,354
DA:1692,354
DA:1693,354
DA:1694,354
DA:1695,354
DA:1696,354
DA:1697,354
DA:1698,354
DA:1699,354
DA:1700,354
DA:1701,354
DA:1702,354
DA:1703,354
DA:1704,354
DA:1705,354
DA:1706,354
DA:1707,354
DA:1708,354
DA:1709,354
DA:1710,354
DA:1711,354
DA:1712,354
DA:1713,354
DA:1714,354
DA:1715,354
DA:1716,354
DA:1717,354
DA:1718,354
DA:1719,354
DA:1720,354
DA:1721,354
DA:1722,354
DA:1723,354
DA:1724,354
DA:1725,354
DA:1726,354
DA:1727,354
DA:1728,354
DA:1729,354
DA:1730,354
DA:1731,354
DA:1732,354
DA:1733,354
DA:1734,354
DA:1735,354
DA:1736,354
DA:1737,354
DA:1738,354
DA:1739,354
DA:1740,354
DA:1741,354
DA:1742,354
DA:1743,354
DA:1744,354
DA:1745,354
DA:1746,354
DA:1747,354
DA:1748,354
DA:1749,354
DA:1750,354
DA:1751,354
DA:1752,354
DA:1753,354
DA:1754,354
DA:1755,354
DA:1756,354
DA:1757,354
DA:1758,354
DA:1759,354
DA:1760,354
DA:1761,354
DA:1762,354
DA:1763,354
DA:1764,354
DA:1765,354
DA:1766,354
DA:1767,354
DA:1768,354
DA:1769,354
DA:1770,354
DA:1771,354
DA:1772,354
DA:1773,354
DA:1774,354
DA:1775,354
DA:1776,354
DA:1777,354
DA:1778,354
DA:1779,354
DA:1780,354
DA:1781,354
DA:1782,354
DA:1783,354
DA:1784,354
DA:1785,354
DA:1786,354
DA:1787,354
DA:1788,354
DA:1789,354
DA:1790,354
DA:1791,354
DA:1792,354
DA:1793,354
DA:1794,354
DA:1795,354
DA:1796,354
DA:1797,354
DA:1798,354
DA:1799,354
DA:1800,354
DA:1801,354
DA:1802,354
DA:1803,354
DA:1804,354
DA:1805,354
DA:1806,354
DA:1807,354
DA:1808,354
DA:1809,354
DA:1810,354
DA:1811,354
DA:1812,354
DA:1813,354
DA:1814,354
DA:1815,354
DA:1816,354
DA:1817,354
DA:1818,354
DA:1819,354
DA:1820,354
DA:1821,354
DA:1822,354
DA:1823,354
DA:1824,354
DA:1825,354
DA:1826,354
DA:1827,354
DA:1828,354
DA:1829,354
DA:1830,354
DA:1831,354
DA:1832,354
DA:1833,354
DA:1834,354
DA:1835,354
DA:1836,354
DA:1837,354
DA:1838,354
DA:1839,354
DA:1840,354
DA:1841,354
DA:1842,354
DA:1843,354
DA:1844,354
DA:1845,354
DA:1846,354
DA:1847,354
DA:1848,354
DA:1849,354
DA:1850,354
DA:1851,354
DA:1852,354
DA:1853,354
DA:1854,354
DA:1855,354
DA:1856,354
DA:1857,354
DA:1858,354
DA:1859,354
DA:1860,354
DA:1861,354
DA:1862,354
DA:1863,354
DA:1864,354
DA:1865,354
DA:1866,354
DA:1867,354
DA:1868,354
DA:1869,354
DA:1870,354
DA:1871,354
DA:1872,354
DA:1873,354
DA:1874,354
DA:1875,354
DA:1876,354
DA:1877,354
DA:1878,354
DA:1879,354
DA:1880,354
DA:1881,354
DA:1882,354
DA:1883,354
DA:1884,354
DA:1885,354
DA:1886,354
DA:1887,354
DA:1888,354
DA:1889,354
DA:1890,354
DA:1891,354
DA:1892,354
DA:1893,354
DA:1894,354
DA:1895,354
DA:1896,354
DA:1897,354
DA:1898,354
DA:1899,354
DA:1900,354
DA:1901,354
DA:1902,354
DA:1903,354
DA:1904,354
DA:1905,354
DA:1906,354
DA:1907,354
DA:1908,354
DA:1909,354
DA:1910,354
DA:1911,354
DA:1912,354
DA:1913,354
DA:1914,354
DA:1915,354
DA:1916,354
DA:1917,354
DA:1918,354
DA:1919,354
DA:1920,354
DA:1921,354
DA:1922,354
DA:1923,354
DA:1924,354
DA:1925,354
DA:1926,354
DA:1927,354
DA:1928,354
DA:1929,354
DA:1930,354
DA:1931,354
DA:1932,354
DA:1933,354
DA:1934,354
DA:1935,354
DA:1936,354
DA:1937,354
DA:1938,354
DA:1939,354
DA:1940,354
DA:1941,354
DA:1942,354
DA:1943,354
DA:1944,354
DA:1945,354
DA:1946,354
DA:1947,354
DA:1948,354
DA:1949,354
DA:1950,354
DA:1951,354
DA:1952,354
DA:1953,354
DA:1954,354
DA:1955,354
DA:1956,354
DA:1957,354
DA:1958,354
DA:1959,354
DA:1960,354
DA:1961,354
DA:1962,354
DA:1963,354
DA:1964,354
DA:1965,354
DA:1966,354
DA:1967,354
DA:1968,354
DA:1969,354
DA:1970,354
DA:1971,354
DA:1972,354
DA:1973,354
DA:1974,354
DA:1975,354
DA:1976,354
DA:1977,354
DA:1978,354
DA:1979,354
DA:1980,354
DA:1981,354
DA:1982,354
DA:1983,354
DA:1984,354
DA:1985,354
DA:1986,354
DA:1987,354
DA:1988,354
DA:1989,354
DA:1990,354
DA:1991,354
DA:1992,354
DA:1993,354
DA:1994,354
DA:1995,354
DA:1996,354
DA:1997,354
DA:1998,354
DA:1999,354
DA:2000,354
DA:2001,354
DA:2002,354
DA:2003,354
DA:2004,354
DA:2005,354
DA:2006,354
DA:2007,354
DA:2008,354
DA:2009,354
DA:2010,354
DA:2011,354
DA:2012,354
DA:2013,354
DA:2014,354
DA:2015,354
DA:2016,354
DA:2017,354
DA:2018,354
DA:2019,354
DA:2020,354
DA:2021,354
DA:2022,354
DA:2023,354
DA:2024,354
DA:2025,354
DA:2026,354
DA:2027,354
DA:2028,354
DA:2029,354
DA:2030,354
DA:2031,354
DA:2032,354
DA:2033,354
DA:2034,354
DA:2035,354
DA:2036,354
DA:2037,354
DA:2038,354
DA:2039,354
DA:2040,354
DA:2041,354
DA:2042,354
DA:2043,354
DA:2044,354
DA:2045,354
DA:2046,354
DA:2047,354
DA:2048,354
DA:2049,354
DA:2050,354
DA:2051,354
DA:2052,354
DA:2053,354
DA:2054,354
DA:2055,354
DA:2056,354
DA:2057,354
DA:2058,354
DA:2059,354
DA:2060,354
DA:2061,354
DA:2062,354
DA:2063,354
DA:2064,354
DA:2065,354
DA:2066,354
DA:2067,354
DA:2068,354
DA:2069,354
DA:2070,354
DA:2071,354
DA:2072,354
DA:2073,354
DA:2074,354
DA:2075,354
DA:2076,354
DA:2077,354
DA:2078,354
DA:2079,354
DA:2080,354
DA:2081,354
DA:2082,354
DA:2083,354
DA:2084,354
DA:2085,354
DA:2086,354
DA:2087,354
DA:2088,354
DA:2089,354
DA:2090,354
DA:2091,354
DA:2092,354
DA:2093,354
DA:2094,354
DA:2095,354
DA:2096,354
DA:2097,354
DA:2098,354
DA:2099,354
DA:2100,354
DA:2101,354
DA:2102,354
DA:2103,354
DA:2104,354
DA:2105,354
DA:2106,354
DA:2107,354
DA:2108,354
DA:2109,354
DA:2110,354
DA:2111,354
DA:2112,354
DA:2113,354
DA:2114,354
DA:2115,354
DA:2116,354
DA:2117,354
DA:2118,354
DA:2119,354
DA:2120,354
DA:2121,354
DA:2122,354
DA:2123,354
DA:2124,354
DA:2125,354
DA:2126,354
DA:2127,354
DA:2128,354
DA:2129,354
DA:2130,354
DA:2131,354
DA:2132,354
DA:2133,354
DA:2134,354
DA:2135,354
DA:2136,354
DA:2137,354
DA:2138,354
DA:2139,354
DA:2140,354
DA:2141,354
DA:2142,354
DA:2143,354
DA:2144,354
DA:2145,354
DA:2146,354
DA:2147,354
DA:2148,354
DA:2149,354
DA:2150,354
DA:2151,354
DA:2152,354
DA:2153,354
DA:2154,354
DA:2155,354
DA:2156,354
DA:2157,354
DA:2158,354
DA:2159,354
DA:2160,354
DA:2161,354
DA:2162,354
DA:2163,354
DA:2164,354
DA:2165,354
DA:2166,354
DA:2167,354
DA:2168,354
DA:2169,354
DA:2170,354
DA:2171,354
DA:2172,354
DA:2173,354
DA:2174,354
DA:2175,354
DA:2176,354
DA:2177,354
DA:2178,354
DA:2179,354
DA:2180,354
DA:2181,354
DA:2182,354
DA:2183,354
DA:2184,354
DA:2185,354
DA:2186,354
DA:2187,354
DA:2188,354
DA:2189,354
DA:2190,354
DA:2191,354
DA:2192,354
DA:2193,354
DA:2194,354
DA:2195,354
DA:2196,354
DA:2197,354
DA:2198,354
DA:2199,354
DA:2200,354
DA:2201,354
DA:2202,354
DA:2203,354
DA:2204,354
DA:2205,354
DA:2206,354
DA:2207,354
DA:2208,354
DA:2209,354
DA:2210,354
DA:2211,354
DA:2212,354
DA:2213,354
DA:2214,354
DA:2215,354
DA:2216,354
DA:2217,354
DA:2218,354
DA:2219,354
DA:2220,354
DA:2221,354
DA:2222,354
DA:2223,354
DA:2224,354
DA:2225,354
DA:2226,354
DA:2227,354
DA:2228,354
DA:2229,354
DA:2230,354
DA:2231,354
DA:2232,354
DA:2233,354
DA:2234,354
DA:2235,354
DA:2236,354
DA:2237,354
DA:2238,354
DA:2239,354
DA:2240,354
DA:2241,354
DA:2242,354
DA:2243,354
DA:2244,354
DA:2245,354
DA:2246,354
DA:2247,354
DA:2248,354
DA:2249,354
DA:2250,354
DA:2251,354
DA:2252,354
DA:2253,354
DA:2254,354
DA:2255,354
DA:2256,354
DA:2257,354
DA:2258,354
DA:2259,354
DA:2260,354
DA:2261,354
DA:2262,354
DA:2263,354
DA:2264,354
DA:2265,354
DA:2266,354
DA:2267,354
DA:2268,354
DA:2269,354
DA:2270,354
DA:2271,354
DA:2272,354
DA:2273,354
DA:2274,354
DA:2275,354
DA:2276,354
DA:2277,354
DA:2278,354
DA:2279,354
DA:2280,354
DA:2281,354
DA:2282,354
DA:2283,354
DA:2284,354
DA:2285,354
DA:2286,354
DA:2287,354
DA:2288,354
DA:2289,354
DA:2290,354
DA:2291,354
DA:2292,354
DA:2293,354
DA:2294,354
DA:2295,354
DA:2296,354
DA:2297,354
DA:2298,354
DA:2299,354
DA:2300,354
DA:2301,354
DA:2302,354
DA:2303,354
DA:2304,354
DA:2305,354
DA:2306,354
DA:2307,354
DA:2308,354
DA:2309,354
DA:2310,354
DA:2311,354
DA:2312,354
DA:2313,354
DA:2314,354
DA:2315,354
DA:2316,354
DA:2317,354
DA:2318,354
DA:2319,354
DA:2320,354
DA:2321,354
DA:2322,354
DA:2323,354
DA:2324,354
DA:2325,354
DA:2326,354
DA:2327,354
DA:2328,354
DA:2329,354
DA:2330,354
DA:2331,354
DA:2332,354
DA:2333,354
DA:2334,354
DA:2335,354
DA:2336,354
DA:2337,354
DA:2338,354
DA:2339,354
DA:2340,354
DA:2341,354
DA:2342,354
DA:2343,354
DA:2344,354
DA:2345,354
DA:2346,354
DA:2347,354
DA:2348,354
DA:2349,354
DA:2350,354
DA:2351,354
DA:2352,354
DA:2353,354
DA:2354,354
DA:2355,354
DA:2356,354
DA:2357,354
DA:2358,354
DA:2359,354
DA:2360,354
DA:2361,354
DA:2362,354
DA:2363,354
DA:2364,354
DA:2365,354
DA:2366,354
DA:2367,354
DA:2368,354
DA:2369,354
DA:2370,354
DA:2371,354
DA:2372,354
DA:2373,354
DA:2374,354
DA:2375,354
DA:2376,354
DA:2377,354
DA:2378,354
DA:2379,354
DA:2380,354
DA:2381,354
DA:2382,354
DA:2383,354
DA:2384,354
DA:2385,354
DA:2386,354
DA:2387,354
DA:2388,354
DA:2389,354
DA:2390,354
DA:2391,354
DA:2392,354
DA:2393,354
DA:2394,354
DA:2395,354
DA:2396,354
DA:2397,354
DA:2398,354
DA:2399,354
DA:2400,354
DA:2401,354
DA:2402,354
DA:2403,354
DA:2404,354
DA:2405,354
DA:2406,354
DA:2407,354
DA:2408,354
DA:2409,354
DA:2410,354
DA:2411,354
DA:2412,354
DA:2413,354
DA:2414,354
DA:2415,354
DA:2416,354
DA:2417,354
DA:2418,354
DA:2419,354
DA:2420,354
DA:2421,354
DA:2422,354
DA:2423,354
DA:2424,354
DA:2425,354
DA:2426,354
DA:2427,354
DA:2428,354
DA:2429,354
DA:2430,354
DA:2431,354
DA:2432,354
DA:2433,354
DA:2434,354
DA:2435,354
DA:2436,354
DA:2437,354
DA:2438,354
DA:2439,354
DA:2440,354
DA:2441,354
DA:2442,354
DA:2443,354
DA:2444,354
DA:2445,354
DA:2446,354
DA:2447,354
DA:2448,354
DA:2449,354
DA:2450,354
DA:2451,354
DA:2452,354
DA:2453,354
DA:2454,354
DA:2455,354
DA:2456,354
DA:2457,354
DA:2458,354
DA:2459,354
DA:2460,354
DA:2461,354
DA:2462,354
DA:2463,354
DA:2464,354
DA:2465,354
DA:2466,354
DA:2467,354
DA:2468,354
DA:2469,354
DA:2470,354
DA:2471,354
DA:2472,354
DA:2473,354
DA:2474,354
DA:2475,354
DA:2476,354
DA:2477,354
DA:2478,354
DA:2479,354
DA:2480,354
DA:2481,354
DA:2482,354
DA:2483,354
DA:2484,354
DA:2485,354
DA:2486,354
DA:2487,354
DA:2488,354
DA:2489,354
DA:2490,354
DA:2491,354
DA:2492,354
DA:2493,354
DA:2494,354
DA:2495,354
DA:2496,354
DA:2497,354
DA:2498,354
DA:2499,354
DA:2500,354
DA:2501,354
DA:2502,354
DA:2503,354
DA:2504,354
DA:2505,354
DA:2506,354
DA:2507,354
DA:2508,354
DA:2509,354
DA:2510,354
DA:2511,354
DA:2512,354
DA:2513,354
DA:2514,354
DA:2515,354
DA:2516,354
DA:2517,354
DA:2518,354
DA:2519,354
DA:2520,354
DA:2521,354
DA:2522,354
DA:2523,354
DA:2524,354
DA:2525,354
DA:2526,354
DA:2527,354
DA:2528,354
DA:2529,354
DA:2530,354
DA:2531,354
DA:2532,354
DA:2533,354
DA:2534,354
DA:2535,354
DA:2536,354
DA:2537,354
DA:2538,354
DA:2539,354
DA:2540,354
DA:2541,354
DA:2542,354
DA:2543,354
DA:2544,354
DA:2545,354
DA:2546,354
DA:2547,354
DA:2548,354
DA:2549,354
DA:2550,354
DA:2551,354
DA:2552,354
DA:2553,354
DA:2554,354
DA:2555,354
DA:2556,354
DA:2557,354
DA:2558,354
DA:2559,354
DA:2560,354
DA:2561,354
DA:2562,354
DA:2563,354
DA:2564,354
DA:2565,354
DA:2566,354
DA:2567,354
DA:2568,354
DA:2569,354
DA:2570,354
DA:2571,354
DA:2572,354
DA:2573,354
DA:2574,354
DA:2575,354
DA:2576,354
DA:2577,354
DA:2578,354
DA:2579,354
DA:2580,354
DA:2581,354
DA:2582,354
DA:2583,354
DA:2584,354
DA:2585,354
DA:2586,354
DA:2587,354
DA:2588,354
DA:2589,354
DA:2590,354
DA:2591,354
DA:2592,354
DA:2593,354
DA:2594,354
DA:2595,354
DA:2596,354
DA:2597,354
DA:2598,354
DA:2599,354
DA:2600,354
DA:2601,354
DA:2602,354
DA:2603,354
DA:2604,354
DA:2605,354
DA:2606,354
DA:2607,354
DA:2608,354
DA:2609,354
DA:2610,354
DA:2611,354
DA:2612,354
DA:2613,354
DA:2614,354
DA:2615,354
DA:2616,354
DA:2617,354
DA:2618,354
DA:2619,354
DA:2620,354
DA:2621,354
DA:2622,354
DA:2623,354
DA:2624,354
DA:2625,354
DA:2626,354
DA:2627,354
DA:2628,354
DA:2629,354
DA:2630,354
DA:2631,354
DA:2632,354
DA:2633,354
DA:2634,354
DA:2635,354
DA:2636,354
DA:2637,354
DA:2638,354
DA:2639,354
DA:2640,354
DA:2641,354
DA:2642,354
DA:2643,354
DA:2644,354
DA:2645,354
DA:2646,354
DA:2647,354
DA:2648,354
DA:2649,354
DA:2650,354
DA:2651,354
DA:2652,354
DA:2653,354
DA:2654,354
DA:2655,354
DA:2656,354
DA:2657,354
DA:2658,354
DA:2659,354
DA:2660,354
DA:2661,354
DA:2662,354
DA:2663,354
DA:2664,354
DA:2665,354
DA:2666,354
DA:2667,354
DA:2668,354
DA:2669,354
DA:2670,354
DA:2671,354
DA:2672,354
DA:2673,354
DA:2674,354
DA:2675,354
DA:2676,354
DA:2677,354
DA:2678,354
DA:2679,354
DA:2680,354
DA:2681,354
DA:2682,354
DA:2683,354
DA:2684,354
DA:2685,354
DA:2686,354
DA:2687,354
DA:2688,354
DA:2689,354
DA:2690,354
DA:2691,354
DA:2692,354
DA:2693,354
DA:2694,354
DA:2695,354
DA:2696,354
DA:2697,354
DA:2698,354
DA:2699,354
DA:2700,354
DA:2701,354
DA:2702,354
DA:2703,354
DA:2704,354
DA:2705,354
DA:2706,354
DA:2707,354
DA:2708,354
DA:2709,354
DA:2710,354
DA:2711,354
DA:2712,354
DA:2713,354
DA:2714,354
DA:2715,354
DA:2716,354
DA:2717,354
DA:2718,354
DA:2719,354
DA:2720,354
DA:2721,354
DA:2722,354
DA:2723,354
DA:2724,354
DA:2725,354
DA:2726,354
DA:2727,354
DA:2728,354
DA:2729,354
DA:2730,354
DA:2731,354
DA:2732,354
DA:2733,354
DA:2734,354
DA:2735,354
DA:2736,354
DA:2737,354
DA:2738,354
DA:2739,354
DA:2740,354
DA:2741,354
DA:2742,354
DA:2743,354
DA:2744,354
DA:2745,354
DA:2746,354
DA:2747,354
DA:2748,354
DA:2749,354
DA:2750,354
DA:2751,354
DA:2752,354
DA:2753,354
DA:2754,354
DA:2755,354
DA:2756,354
DA:2757,354
DA:2758,354
DA:2759,354
DA:2760,354
DA:2761,354
DA:2762,354
DA:2763,354
DA:2764,354
DA:2765,354
DA:2766,354
DA:2767,354
DA:2768,354
DA:2769,354
DA:2770,354
DA:2771,354
DA:2772,354
DA:2773,354
DA:2774,354
DA:2775,354
DA:2776,354
DA:2777,354
DA:2778,354
DA:2779,354
DA:2780,354
DA:2781,354
DA:2782,354
DA:2783,354
DA:2784,354
DA:2785,354
DA:2786,354
DA:2787,354
DA:2788,354
DA:2789,354
DA:2790,354
DA:2791,354
DA:2792,354
DA:2793,354
DA:2794,354
DA:2795,354
DA:2796,354
DA:2797,354
DA:2798,354
DA:2799,354
DA:2800,354
DA:2801,354
DA:2802,354
DA:2803,354
DA:2804,354
DA:2805,354
DA:2806,354
DA:2807,354
DA:2808,354
DA:2809,354
DA:2810,354
DA:2811,354
DA:2812,354
DA:2813,354
DA:2814,354
DA:2815,354
DA:2816,354
DA:2817,354
DA:2818,354
DA:2819,354
DA:2820,354
DA:2821,354
DA:2822,354
DA:2823,354
DA:2824,354
DA:2825,354
DA:2826,354
DA:2827,354
DA:2828,354
DA:2829,354
DA:2830,354
DA:2831,354
DA:2832,354
DA:2833,354
DA:2834,354
DA:2835,354
DA:2836,354
DA:2837,354
DA:2838,354
DA:2839,354
DA:2840,354
DA:2841,354
DA:2842,354
DA:2843,354
DA:2844,354
DA:2845,354
DA:2846,354
DA:2847,354
DA:2848,354
DA:2849,354
DA:2850,354
DA:2851,354
DA:2852,354
DA:2853,354
DA:2854,354
DA:2855,354
DA:2856,354
DA:2857,354
DA:2858,354
DA:2859,354
DA:2860,354
DA:2861,354
DA:2862,354
DA:2863,354
DA:2864,354
DA:2865,354
DA:2866,354
DA:2867,354
DA:2868,354
DA:2869,354
DA:2870,354
DA:2871,354
DA:2872,354
DA:2873,354
DA:2874,354
DA:2875,354
DA:2876,354
DA:2877,354
DA:2878,354
DA:2879,354
DA:2880,354
DA:2881,354
DA:2882,354
DA:2883,354
DA:2884,354
DA:2885,354
DA:2886,354
DA:2887,26196
DA:2888,26196
DA:2889,26196
DA:2890,354
DA:2891,1
DA:2892,1
DA:2893,1
DA:2894,510
DA:2895,510
DA:2896,510
DA:2897,510
DA:2898,510
DA:2899,510
DA:2900,510
DA:2901,510
DA:2902,0
DA:2903,0
DA:2904,0
DA:2905,0
DA:2906,510
DA:2907,510
DA:2908,510
DA:2909,1
DA:2910,1
DA:2911,0
DA:2912,0
DA:2913,0
DA:2914,0
DA:2915,0
DA:2916,0
DA:2917,0
DA:2918,0
DA:2919,0
DA:2920,0
DA:2921,1
DA:2922,1
DA:2923,118
DA:2924,118
DA:2925,118
DA:2926,1
DA:2927,1
DA:2928,143021
DA:2929,0
DA:2930,0
DA:2931,143021
DA:2932,1
DA:2933,1
DA:2934,386
DA:2935,386
DA:2936,386
DA:2937,1
DA:2938,1
DA:2939,28002
DA:2940,28002
DA:2941,28002
DA:2942,4169
DA:2943,1
DA:2944,1
DA:2945,1
DA:2946,1
DA:2947,1
DA:2948,1
DA:2949,4169
DA:2950,28002
DA:2951,28002
DA:2952,0
DA:2953,0
DA:2954,0
DA:2955,28002
DA:2956,28002
DA:2957,3787
DA:2958,8
DA:2959,8
DA:2960,8
DA:2961,8
DA:2962,8
DA:2963,8
DA:2964,3787
DA:2965,28002
DA:2966,28002
DA:2967,3787
DA:2968,37
DA:2969,37
DA:2970,37
DA:2971,37
DA:2972,37
DA:2973,37
DA:2974,3787
DA:2975,28002
DA:2976,28002
DA:2977,3473
DA:2978,4
DA:2979,4
DA:2980,4
DA:2981,4
DA:2982,4
DA:2983,4
DA:2984,3473
DA:2985,28002
DA:2986,28002
DA:2987,3454
DA:2988,14
DA:2989,14
DA:2990,14
DA:2991,14
DA:2992,14
DA:2993,14
DA:2994,3454
DA:2995,28002
DA:2996,28002
DA:2997,3340
DA:2998,8
DA:2999,8
DA:3000,8
DA:3001,8
DA:3002,8
DA:3003,8
DA:3004,3340
[...]
BRDA:77,7,0,608
BRDA:97,8,0,1
BRDA:107,9,0,13851
BRDA:110,10,0,41692
BRDA:126,11,0,785495
BRDA:130,12,0,314867
BRDA:136,13,0,9545
BRDA:140,14,0,339
BRDA:151,15,0,22090
BRDA:161,16,0,1915
BRF:17
BRH:17
end_of_record
TN:
SF:src/classes/textLine.ts
FN:28,Position
FN:53,Range
FN:88,TextLine
FN:99,get text
FN:107,get sourceLineNumber
FN:111,get range
FN:122,get firstNonWhitespaveCharacterIndex
FN:130,get isEmptyOrWhiteSpace
FN:140,_skipWhite
FNF:9
FNH:4
FNDA:0,Position
FNDA:0,Range
FNDA:175954,TextLine
FNDA:266038,get text
FNDA:269259893,get sourceLineNumber
FNDA:0,get range
FNDA:0,get firstNonWhitespaveCharacterIndex
FNDA:0,get isEmptyOrWhiteSpace
FNDA:175954,_skipWhite
DA:1,1
DA:2,1
DA:3,1
DA:4,1
DA:5,1
DA:6,1
DA:7,1
DA:8,1
DA:9,1
DA:10,1
DA:11,1
DA:12,1
DA:13,1
DA:14,1
DA:15,1
DA:16,1
DA:17,1
DA:18,1
DA:19,1
DA:20,1
DA:21,1
DA:22,1
DA:23,1
DA:24,1
DA:25,1
DA:26,1
DA:27,1
DA:28,1
DA:29,0
DA:30,0
DA:31,0
DA:32,1
DA:33,1
DA:34,1
DA:35,1
DA:36,1
DA:37,1
DA:38,1
DA:39,1
DA:40,1
DA:41,1
DA:42,1
DA:43,1
DA:44,1
DA:45,1
DA:46,1
DA:47,1
DA:48,1
DA:49,1
DA:50,1
DA:51,1
DA:52,1
DA:53,1
DA:54,0
DA:55,0
DA:56,0
DA:57,1
DA:58,1
DA:59,1
DA:60,1
DA:61,1
DA:62,1
DA:63,1
DA:64,1
DA:65,1
DA:66,1
DA:67,1
DA:68,1
DA:69,1
DA:70,1
DA:71,1
DA:72,1
DA:73,1
DA:74,1
DA:75,1
DA:76,1
DA:77,1
DA:78,1
DA:79,1
DA:80,1
DA:81,1
DA:82,1
DA:83,1
DA:84,1
DA:85,1
DA:86,1
DA:87,1
DA:88,1
DA:89,175954
DA:90,175954
DA:91,175954
DA:92,175954
DA:93,175954
DA:94,1
DA:95,1
DA:96,1
DA:97,1
DA:98,1
DA:99,1
DA:100,266038
DA:101,266038
DA:102,1
DA:103,1
DA:104,1
DA:105,1
DA:106,1
DA:107,1
DA:108,269259893
DA:109,269259893
DA:110,1
DA:111,1
DA:112,0
DA:113,0
DA:114,0
DA:115,0
DA:116,0
DA:117,1
DA:118,1
DA:119,1
DA:120,1
DA:121,1
DA:122,1
DA:123,0
DA:124,0
DA:125,1
DA:126,1
DA:127,1
DA:128,1
DA:129,1
DA:130,1
DA:131,0
DA:132,0
DA:133,1
DA:134,1
DA:135,1
DA:136,1
DA:137,1
DA:138,1
DA:139,1
DA:140,1
DA:141,175954
DA:142,175954
DA:143,25888
DA:144,13055
DA:145,13055
DA:146,13055
DA:147,25888
DA:148,175954
DA:149,175954
DA:150,1
LF:150
LH:135
BRDA:88,0,0,175954
BRDA:99,1,0,266038
BRDA:107,2,0,269259893
BRDA:140,3,0,175954
BRDA:142,4,0,25888
BRDA:143,5,0,16980
BRDA:143,6,0,13055
BRF:7
BRH:7
end_of_record
TN:
SF:src/classes/types.ts
FNF:0
FNH:0
DA:1,1
DA:2,1
DA:3,1
DA:4,1
DA:5,1
DA:6,1
DA:7,1
DA:8,3
DA:9,3
DA:10,3
DA:11,3
DA:12,3
DA:13,3
DA:14,3
DA:15,3
DA:16,3
DA:17,3
DA:18,3
DA:19,3
DA:20,3
DA:21,3
DA:22,3
DA:23,3
DA:24,3
DA:25,3
DA:26,3
DA:27,3
DA:28,3
DA:29,3
DA:30,3
DA:31,3
DA:32,3
DA:33,3
DA:34,3
DA:35,3
DA:36,3
DA:37,3
DA:38,3
DA:39,3
DA:40,3
DA:41,3
DA:42,3
DA:43,3
DA:44,3
DA:45,3
DA:46,3
DA:47,3
DA:48,3
DA:49,3
DA:50,3
DA:51,3
DA:52,3
DA:53,3
DA:54,3
DA:55,3
DA:56,3
DA:57,3
DA:58,3
DA:59,3
DA:60,3
DA:61,3
DA:62,3
DA:63,3
DA:64,3
DA:65,3
DA:66,3
DA:67,3
DA:68,3
DA:69,3
DA:70,3
DA:71,3
DA:72,3
DA:73,3
DA:74,3
DA:75,3
DA:76,3
DA:77,3
DA:78,3
DA:79,3
DA:80,3
DA:81,3
DA:82,3
DA:83,3
DA:84,3
DA:85,3
DA:86,3
DA:87,3
DA:88,3
DA:89,3
DA:90,3
DA:91,3
DA:92,3
DA:93,3
DA:94,3
DA:95,3
DA:96,3
DA:97,3
DA:98,3
DA:99,3
DA:100,3
DA:101,3
DA:102,3
DA:103,3
DA:104,3
DA:105,3
DA:106,3
DA:107,3
DA:108,3
DA:109,3
DA:110,3
DA:111,3
DA:112,3
DA:113,3
DA:114,3
DA:115,3
DA:116,3
DA:117,3
DA:118,3
DA:119,3
DA:120,3
DA:121,3
DA:122,3
DA:123,3
DA:124,3
DA:125,3
DA:126,3
DA:127,3
DA:128,3
DA:129,3
DA:130,3
DA:131,3
DA:132,3
DA:133,1
DA:134,3
DA:135,3
DA:136,3
DA:137,3
DA:138,3
DA:139,3
DA:140,3
DA:141,3
DA:142,3
DA:143,3
DA:144,3
DA:145,3
DA:146,3
DA:147,3
DA:148,3
DA:149,3
DA:150,3
DA:151,3
DA:152,3
DA:153,3
DA:154,3
DA:155,3
DA:156,3
DA:157,3
DA:158,3
DA:159,3
DA:160,3
DA:161,3
DA:162,3
DA:163,3
DA:164,3
DA:165,3
DA:166,3
DA:167,3
DA:168,3
DA:169,3
DA:170,3
DA:171,3
DA:172,3
DA:173,3
DA:174,3
DA:175,3
DA:176,3
DA:177,3
DA:178,3
DA:179,3
DA:180,3
DA:181,3
DA:182,3
DA:183,3
DA:184,3
DA:185,3
DA:186,3
DA:187,3
DA:188,3
DA:189,3
DA:190,3
DA:191,3
DA:192,3
DA:193,3
DA:194,3
DA:195,3
DA:196,3
DA:197,3
DA:198,3
DA:199,3
DA:200,3
DA:201,3
DA:202,3
DA:203,3
DA:204,3
DA:205,3
DA:206,3
DA:207,3
DA:208,3
DA:209,3
DA:210,3
DA:211,3
DA:212,3
DA:213,3
DA:214,3
DA:215,3
DA:216,3
DA:217,3
DA:218,3
DA:219,3
DA:220,3
DA:221,3
DA:222,3
DA:223,3
DA:224,3
DA:225,3
DA:226,3
DA:227,3
DA:228,3
DA:229,3
DA:230,3
DA:231,3
DA:232,1
DA:233,3
DA:234,3
DA:235,3
DA:236,3
DA:237,3
DA:238,3
DA:239,3
DA:240,3
DA:241,3
DA:242,3
DA:243,3
DA:244,1
DA:245,3
DA:246,3
DA:247,3
DA:248,3
DA:249,3
DA:250,3
DA:251,3
DA:252,3
DA:253,3
DA:254,3
DA:255,3
DA:256,3
DA:257,3
DA:258,3
DA:259,3
DA:260,3
DA:261,3
DA:262,3
DA:263,3
DA:264,3
DA:265,3
DA:266,3
DA:267,3
DA:268,3
DA:269,3
DA:270,3
DA:271,3
DA:272,3
DA:273,3
DA:274,3
DA:275,3
DA:276,3
DA:277,3
DA:278,3
DA:279,3
DA:280,3
DA:281,3
DA:282,3
DA:283,3
DA:284,3
DA:285,3
DA:286,3
DA:287,3
DA:288,3
DA:289,3
DA:290,3
DA:291,3
DA:292,3
DA:293,3
DA:294,3
DA:295,3
DA:296,3
DA:297,3
DA:298,3
DA:299,3
DA:300,3
DA:301,3
DA:302,3
DA:303,3
DA:304,3
DA:305,3
DA:306,3
DA:307,3
DA:308,3
DA:309,3
DA:310,3
DA:311,3
DA:312,3
DA:313,3
DA:314,3
DA:315,3
DA:316,3
DA:317,3
DA:318,3
DA:319,3
DA:320,3
DA:321,3
DA:322,3
DA:323,3
DA:324,3
DA:325,3
DA:326,3
DA:327,3
DA:328,3
DA:329,3
DA:330,3
DA:331,3
DA:332,3
DA:333,3
DA:334,3
DA:335,3
DA:336,3
DA:337,3
DA:338,3
DA:339,3
DA:340,3
DA:341,3
DA:342,3
DA:343,3
DA:344,3
DA:345,3
DA:346,3
DA:347,3
DA:348,3
DA:349,3
DA:350,3
DA:351,3
DA:352,3
DA:353,3
DA:354,3
DA:355,3
DA:356,3
DA:357,3
DA:358,3
DA:359,3
DA:360,3
DA:361,3
DA:362,3
DA:363,3
DA:364,3
DA:365,3
DA:366,3
DA:367,3
DA:368,3
DA:369,3
DA:370,3
DA:371,3
DA:372,3
DA:373,3
DA:374,3
DA:375,3
DA:376,3
DA:377,3
DA:378,3
DA:379,3
DA:380,3
DA:381,3
DA:382,3
DA:383,3
DA:384,3
DA:385,3
DA:386,3
DA:387,3
DA:388,3
DA:389,3
DA:390,3
DA:391,3
DA:392,3
DA:393,3
DA:394,3
DA:395,3
DA:396,3
DA:397,3
DA:398,3
DA:399,3
DA:400,3
DA:401,3
DA:402,3
DA:403,3
DA:404,3
DA:405,3
DA:406,3
DA:407,3
DA:408,3
DA:409,3
DA:410,3
DA:411,3
DA:412,3
DA:413,3
DA:414,3
DA:415,3
DA:416,3
DA:417,3
DA:418,3
DA:419,3
DA:420,3
DA:421,3
DA:422,3
DA:423,3
DA:424,3
DA:425,3
DA:426,3
DA:427,3
DA:428,3
DA:429,3
DA:430,3
DA:431,3
DA:432,3
DA:433,3
DA:434,3
DA:435,3
DA:436,3
DA:437,3
DA:438,3
DA:439,3
DA:440,3
DA:441,3
DA:442,3
DA:443,3
DA:444,3
DA:445,3
DA:446,3
DA:447,3
DA:448,3
DA:449,3
DA:450,3
DA:451,3
DA:452,3
DA:453,3
DA:454,3
DA:455,3
DA:456,3
DA:457,3
DA:458,3
DA:459,3
DA:460,3
DA:461,3
DA:462,3
DA:463,3
DA:464,3
DA:465,3
DA:466,3
DA:467,3
DA:468,3
DA:469,3
DA:470,3
DA:471,3
DA:472,3
DA:473,3
DA:474,3
DA:475,3
DA:476,3
DA:477,3
DA:478,3
DA:479,3
DA:480,3
DA:481,3
DA:482,3
DA:483,3
DA:484,3
DA:485,3
DA:486,3
DA:487,3
DA:488,3
DA:489,3
DA:490,3
DA:491,3
DA:492,3
DA:493,3
DA:494,3
DA:495,3
DA:496,3
DA:497,3
DA:498,3
DA:499,3
DA:500,3
DA:501,3
DA:502,3
DA:503,3
DA:504,3
DA:505,3
DA:506,3
DA:507,3
DA:508,3
DA:509,3
DA:510,3
DA:511,3
DA:512,3
DA:513,3
DA:514,3
DA:515,3
DA:516,3
DA:517,3
DA:518,1
DA:519,3
DA:520,3
DA:521,3
DA:522,3
DA:523,3
DA:524,3
DA:525,3
DA:526,3
DA:527,3
DA:528,3
DA:529,3
DA:530,3
DA:531,3
DA:532,3
DA:533,3
DA:534,3
DA:535,3
DA:536,3
DA:537,3
DA:538,3
DA:539,3
DA:540,3
DA:541,3
DA:542,3
DA:543,3
DA:544,3
DA:545,3
DA:546,3
DA:547,3
DA:548,3
DA:549,3
DA:550,3
DA:551,3
DA:552,3
DA:553,3
DA:554,3
DA:555,3
DA:556,3
DA:557,3
DA:558,3
DA:559,3
DA:560,3
DA:561,3
DA:562,3
DA:563,3
DA:564,3
DA:565,3
DA:566,3
DA:567,3
DA:568,3
DA:569,3
DA:570,3
DA:571,3
DA:572,3
DA:573,3
DA:574,3
DA:575,3
DA:576,3
DA:577,3
DA:578,3
DA:579,3
DA:580,3
DA:581,3
DA:582,3
DA:583,3
DA:584,3
DA:585,3
DA:586,3
DA:587,3
DA:588,3
DA:589,3
DA:590,3
DA:591,3
DA:592,3
DA:593,3
DA:594,3
DA:595,3
DA:596,3
DA:597,3
DA:598,3
DA:599,3
DA:600,3
DA:601,3
DA:602,3
DA:603,3
DA:604,3
DA:605,3
DA:606,3
DA:607,3
DA:608,3
DA:609,3
DA:610,3
DA:611,3
DA:612,3
DA:613,3
DA:614,3
DA:615,3
DA:616,3
DA:617,3
DA:618,3
DA:619,3
DA:620,3
DA:621,3
DA:622,3
DA:623,3
DA:624,3
DA:625,3
DA:626,3
DA:627,3
DA:628,3
DA:629,3
DA:630,3
DA:631,3
DA:632,3
DA:633,3
DA:634,3
DA:635,3
DA:636,3
DA:637,3
DA:638,3
DA:639,3
DA:640,3
DA:641,3
DA:642,3
DA:643,3
DA:644,3
DA:645,3
DA:646,3
DA:647,3
DA:648,3
DA:649,3
DA:650,3
DA:651,3
DA:652,3
DA:653,3
DA:654,3
DA:655,3
DA:656,3
DA:657,3
DA:658,3
DA:659,3
DA:660,3
DA:661,3
DA:662,3
DA:663,3
DA:664,3
DA:665,3
DA:666,3
DA:667,3
DA:668,3
DA:669,3
DA:670,3
DA:671,3
DA:672,3
DA:673,3
DA:674,3
DA:675,3
DA:676,3
DA:677,3
DA:678,3
DA:679,3
DA:680,3
DA:681,3
DA:682,3
DA:683,3
DA:684,3
DA:685,3
DA:686,3
DA:687,3
DA:688,3
DA:689,3
DA:690,3
DA:691,3
DA:692,3
DA:693,3
DA:694,3
DA:695,3
DA:696,3
DA:697,3
DA:698,3
DA:699,3
DA:700,3
DA:701,3
DA:702,3
DA:703,3
DA:704,3
DA:705,3
DA:706,3
DA:707,3
DA:708,3
DA:709,3
DA:710,3
DA:711,3
DA:712,3
DA:713,3
DA:714,3
DA:715,3
DA:716,3
DA:717,3
DA:718,3
DA:719,3
DA:720,3
DA:721,3
DA:722,3
DA:723,3
DA:724,3
DA:725,3
DA:726,3
DA:727,3
DA:728,3
DA:729,3
DA:730,3
DA:731,3
DA:732,3
DA:733,3
DA:734,3
DA:735,3
DA:736,3
DA:737,3
DA:738,3
DA:739,3
DA:740,3
DA:741,3
DA:742,3
DA:743,3
DA:744,3
DA:745,3
DA:746,3
DA:747,3
DA:748,3
DA:749,3
DA:750,3
DA:751,3
DA:752,3
DA:753,3
DA:754,3
DA:755,3
DA:756,3
DA:757,3
DA:758,3
DA:759,3
DA:760,3
DA:761,3
DA:762,3
DA:763,3
DA:764,3
DA:765,3
DA:766,3
DA:767,3
DA:768,3
DA:769,3
DA:770,3
DA:771,3
DA:772,3
DA:773,3
DA:774,3
DA:775,3
DA:776,3
DA:777,3
DA:778,3
DA:779,3
DA:780,3
DA:781,3
DA:782,3
DA:783,3
DA:784,3
DA:785,3
DA:786,3
DA:787,3
DA:788,3
DA:789,3
DA:790,3
DA:791,3
DA:792,3
DA:793,3
DA:794,3
DA:795,3
DA:796,3
DA:797,3
DA:798,3
DA:799,3
DA:800,3
DA:801,3
DA:802,3
DA:803,3
DA:804,3
DA:805,3
DA:806,3
DA:807,3
DA:808,3
DA:809,3
DA:810,3
DA:811,3
DA:812,3
DA:813,3
DA:814,3
DA:815,3
DA:816,3
DA:817,3
DA:818,3
DA:819,3
DA:820,3
DA:821,3
DA:822,3
DA:823,3
DA:824,3
DA:825,3
DA:826,3
DA:827,3
DA:828,3
DA:829,3
DA:830,3
DA:831,3
DA:832,3
DA:833,3
DA:834,3
DA:835,3
DA:836,3
DA:837,3
DA:838,3
DA:839,3
DA:840,3
DA:841,3
DA:842,3
DA:843,3
DA:844,3
DA:845,3
DA:846,3
DA:847,3
DA:848,3
DA:849,3
DA:850,3
DA:851,3
DA:852,3
DA:853,3
DA:854,3
DA:855,3
DA:856,3
DA:857,3
DA:858,3
DA:859,3
DA:860,3
DA:861,3
DA:862,3
DA:863,1
DA:864,3
DA:865,3
DA:866,3
DA:867,3
DA:868,3
DA:869,3
DA:870,3
DA:871,3
DA:872,3
DA:873,3
DA:874,3
DA:875,3
DA:876,3
DA:877,3
DA:878,3
DA:879,3
DA:880,3
DA:881,3
DA:882,3
DA:883,3
DA:884,3
DA:885,3
DA:886,3
DA:887,3
DA:888,3
DA:889,3
DA:890,3
DA:891,3
DA:892,3
DA:893,3
DA:894,3
DA:895,3
DA:896,3
DA:897,3
DA:898,3
DA:899,3
DA:900,3
DA:901,3
DA:902,3
DA:903,3
DA:904,3
DA:905,3
DA:906,3
DA:907,3
DA:908,3
DA:909,3
DA:910,3
DA:911,3
DA:912,3
DA:913,3
DA:914,3
DA:915,3
DA:916,3
DA:917,3
DA:918,3
DA:919,3
DA:920,3
DA:921,3
DA:922,3
DA:923,3
DA:924,3
DA:925,3
DA:926,3
DA:927,3
DA:928,3
DA:929,3
DA:930,3
DA:931,3
DA:932,3
DA:933,3
DA:934,3
DA:935,3
DA:936,3
DA:937,3
DA:938,3
DA:939,3
LF:939
LH:939
BRDA:8,0,0,3
BRDA:134,1,0,3
BRDA:233,2,0,3
BRDA:245,3,0,3
BRDA:519,4,0,3
BRDA:864,5,0,3
BRF:6
BRH:6
end_of_record
TN:
SF:src/utils/context.ts
FN:78,SourceFiles
FN:81,addFile
FN:87,getFile
FN:99,getTopFile
FN:106,getFileHavingID
FN:110,hasFile
FN:115,logContextState
FN:144,Context
FNF:8
FNH:7
FNDA:122,SourceFiles
FNDA:156,addFile
FNDA:76,getFile
FNDA:118,getTopFile
FNDA:236286,getFileHavingID
FNDA:156,hasFile
FNDA:0,logContextState
FNDA:122,Context
DA:1,1
DA:2,1
DA:3,1
DA:4,1
DA:5,1
DA:6,1
DA:7,1
DA:8,1
DA:9,1
DA:10,1
DA:11,1
DA:12,1
DA:13,1
DA:14,1
DA:15,1
DA:16,1
DA:17,1
DA:18,1
DA:19,1
DA:20,1
DA:21,1
DA:22,1
DA:23,1
DA:24,1
DA:25,1
DA:26,1
DA:27,1
DA:28,1
DA:29,1
DA:30,1
DA:31,1
DA:32,1
DA:33,1
DA:34,1
DA:35,1
DA:36,1
DA:37,1
DA:38,1
DA:39,1
DA:40,1
DA:41,1
DA:42,1
DA:43,1
DA:44,1
DA:45,1
DA:46,1
DA:47,1
DA:48,1
DA:49,1
DA:50,1
DA:51,1
DA:52,1
DA:53,1
DA:54,1
DA:55,1
DA:56,1
DA:57,1
DA:58,1
DA:59,1
DA:60,1
DA:61,1
DA:62,1
DA:63,1
DA:64,1
DA:65,1
DA:66,1
DA:67,1
DA:68,1
DA:69,1
DA:70,1
DA:71,1
DA:72,1
DA:73,1
DA:74,1
DA:75,1
DA:76,1
DA:77,1
DA:78,122
DA:79,122
DA:80,122
DA:81,122
DA:82,156
DA:83,156
DA:84,156
DA:85,156
DA:86,122
DA:87,122
DA:88,76
DA:89,76
DA:90,76
DA:91,188
DA:92,188
DA:93,39
DA:94,39
DA:95,188
DA:96,76
DA:97,76
DA:98,122
DA:99,122
DA:100,118
DA:101,0
DA:102,0
DA:103,118
DA:104,118
DA:105,122
DA:106,122
DA:107,236286
DA:108,236286
DA:109,122
DA:110,122
DA:111,156
DA:112,156
DA:113,122
DA:114,1
DA:115,0
DA:116,0
DA:117,0
DA:118,0
DA:119,0
DA:120,0
DA:121,0
DA:122,0
DA:123,0
DA:124,0
DA:125,0
DA:126,0
DA:127,0
DA:128,0
DA:129,1
DA:130,1
DA:131,1
DA:132,1
DA:133,1
DA:134,1
DA:135,1
DA:136,1
DA:137,1
DA:138,1
DA:139,1
DA:140,1
DA:141,1
DA:142,1
DA:143,1
DA:144,1
DA:145,122
DA:146,122
DA:147,122
DA:148,122
DA:149,122
DA:150,122
DA:151,122
DA:152,122
DA:153,122
DA:154,122
DA:155,122
DA:156,122
DA:157,122
DA:158,122
DA:159,122
DA:160,122
DA:161,122
DA:162,122
DA:163,122
DA:164,122
DA:165,122
DA:166,122
DA:167,122
DA:168,122
DA:169,122
DA:170,122
DA:171,122
DA:172,122
DA:173,122
DA:174,122
DA:175,122
DA:176,122
DA:177,122
DA:178,122
DA:179,122
DA:180,122
DA:181,122
DA:182,122
DA:183,122
DA:184,122
DA:185,122
DA:186,122
DA:187,122
DA:188,122
DA:189,122
DA:190,122
DA:191,122
DA:192,122
DA:193,122
DA:194,0
DA:195,0
DA:196,122
DA:197,122
DA:198,122
DA:199,122
DA:200,122
DA:201,1
LF:201
LH:183
BRDA:78,0,0,122
BRDA:81,1,0,156
BRDA:87,2,0,76
BRDA:90,3,0,188
BRDA:92,4,0,39
BRDA:99,5,0,118
BRDA:100,6,0,0
BRDA:106,7,0,236286
BRDA:107,8,0,252034
BRDA:110,9,0,156
BRDA:111,10,0,54
BRDA:144,11,0,122
BRDA:193,12,0,0
BRF:13
BRH:11
end_of_record
TN:
SF:src/utils/dumpUtils.ts
FN:10,dumpBytes
FN:52,debugMessage
FNF:2
FNH:0
FNDA:0,dumpBytes
FNDA:0,debugMessage
DA:1,1
DA:2,1
DA:3,1
DA:4,1
DA:5,1
DA:6,1
DA:7,1
DA:8,1
DA:9,1
DA:10,0
DA:11,0
DA:12,0
DA:13,0
DA:14,0
DA:15,0
DA:16,0
DA:17,0
DA:18,0
DA:19,0
DA:20,0
DA:21,0
DA:22,0
DA:23,0
DA:24,0
DA:25,0
DA:26,0
DA:27,0
DA:28,0
DA:29,0
DA:30,0
DA:31,0
DA:32,0
DA:33,0
DA:34,0
DA:35,0
DA:36,0
DA:37,0
DA:38,0
DA:39,0
DA:40,0
DA:41,0
DA:42,0
DA:43,0
DA:44,0
DA:45,0
DA:46,0
DA:47,0
DA:48,0
DA:49,0
DA:50,0
DA:51,1
DA:52,0
DA:53,0
DA:54,0
LF:54
LH:10
BRF:0
BRH:0
end_of_record
TN:
SF:src/utils/fileUtils.ts
FN:12,getSourceSymbol
FNF:1
FNH:1
FNDA:236281,getSourceSymbol
DA:1,1
DA:2,1
DA:3,1
DA:4,1
DA:5,1
DA:6,1
DA:7,1
DA:8,1
DA:9,1
DA:10,1
DA:11,1
DA:12,236281
DA:13,236281
DA:14,236281
DA:15,236281
DA:16,143125
DA:17,143125
DA:18,143125
DA:19,143125
DA:20,143125
DA:21,143125
DA:22,236281
DA:23,236281
LF:23
LH:23
BRDA:12,0,0,236281
BRDA:15,1,0,143125
BRF:2
BRH:2
end_of_record
TN:
SF:src/utils/files.ts
FN:14,libraryDir
FN:24,fileSpecFromURI
FN:35,isSpin1File
FN:45,isSpin2File
FN:55,isSpinExt
FN:64,fileExists
FN:73,fileSize
FN:92,locateIncludeFile
FN:122,locateSpin2File
FN:153,locateDataFile
FN:175,dirExists
FN:189,loadFileAsString
FN:210,loadFileAsUint8Array
FN:237,loadUint8ArrayFailed
FN:247,dumpUniqueChildObjectFile
FN:268,dumpUniqueObjectFile
FNF:16
FNH:12
FNDA:0,libraryDir
FNDA:312,fileSpecFromURI
FNDA:156,isSpin1File
FNDA:271,isSpin2File
FNDA:0,isSpinExt
FNDA:1223,fileExists
FNDA:414,fileSize
FNDA:1,locateIncludeFile
FNDA:114,locateSpin2File
FNDA:12,locateDataFile
FNDA:2,dirExists
FNDA:156,loadFileAsString
FNDA:414,loadFileAsUint8Array
FNDA:414,loadUint8ArrayFailed
FNDA:0,dumpUniqueChildObjectFile
FNDA:0,dumpUniqueObjectFile
DA:1,1
DA:2,1
DA:3,1
DA:4,1
DA:5,1
DA:6,1
DA:7,1
DA:8,1
DA:9,1
DA:10,1
DA:11,1
DA:12,1
DA:13,1
DA:14,0
DA:15,0
DA:16,0
DA:17,1
DA:18,1
DA:19,1
DA:20,1
DA:21,1
DA:22,1
DA:23,1
DA:24,312
DA:25,312
DA:26,312
DA:27,312
DA:28,312
DA:29,1
DA:30,1
DA:31,1
DA:32,1
DA:33,1
DA:34,1
DA:35,156
DA:36,156
DA:37,156
DA:38,156
DA:39,1
DA:40,1
DA:41,1
DA:42,1
DA:43,1
DA:44,1
DA:45,271
DA:46,271
DA:47,271
DA:48,271
DA:49,1
DA:50,1
DA:51,1
DA:52,1
DA:53,1
DA:54,1
DA:55,0
DA:56,0
DA:57,0
DA:58,1
DA:59,1
DA:60,1
DA:61,1
DA:62,1
DA:63,1
DA:64,1223
DA:65,1223
DA:66,1223
DA:67,1105
DA:68,1105
DA:69,1105
DA:70,1223
DA:71,1223
DA:72,1
DA:73,414
DA:74,414
DA:75,414
DA:76,414
DA:77,414
DA:78,414
DA:79,414
DA:80,414
DA:81,1
DA:82,1
DA:83,1
DA:84,1
DA:85,1
DA:86,1
DA:87,1
DA:88,1
DA:89,1
DA:90,1
DA:91,1
DA:92,1
DA:93,1
DA:94,1
DA:95,1
DA:96,1
DA:97,1
DA:98,1
DA:99,1
DA:100,1
DA:101,1
DA:102,1
DA:103,1
DA:104,1
DA:105,0
DA:106,0
DA:107,0
DA:108,0
DA:109,0
DA:110,1
DA:111,1
DA:112,1
DA:113,1
DA:114,1
DA:115,1
DA:116,1
DA:117,1
DA:118,1
DA:119,1
DA:120,1
DA:121,1
DA:122,114
DA:123,114
DA:124,114
DA:125,114
DA:126,114
DA:127,114
DA:128,114
DA:129,114
DA:130,114
DA:131,0
DA:132,0
DA:133,0
DA:134,0
DA:135,0
DA:136,0
DA:137,0
DA:138,114
DA:139,114
DA:140,114
DA:141,114
DA:142,114
DA:143,114
DA:144,1
DA:145,1
DA:146,1
DA:147,1
DA:148,1
DA:149,1
DA:150,1
DA:151,1
DA:152,1
DA:153,12
DA:154,12
DA:155,12
DA:156,12
DA:157,12
DA:158,12
DA:159,12
DA:160,12
DA:161,12
DA:162,12
DA:163,12
DA:164,0
DA:165,0
DA:166,0
DA:167,0
DA:168,0
DA:169,0
DA:170,0
DA:171,12
DA:172,12
DA:173,12
DA:174,1
DA:175,2
DA:176,2
DA:177,2
DA:178,2
DA:179,2
DA:180,2
DA:181,2
DA:182,2
DA:183,1
DA:184,1
DA:185,1
DA:186,1
DA:187,1
DA:188,1
DA:189,156
DA:190,156
DA:191,156
DA:192,156
DA:193,156
DA:194,156
DA:195,156
DA:196,156
DA:197,0
DA:198,0
DA:199,156
DA:200,0
DA:201,0
DA:202,156
DA:203,0
DA:204,0
DA:205,156
DA:206,156
DA:207,1
DA:208,1
DA:209,1
DA:210,414
DA:211,414
DA:212,414
DA:213,414
DA:214,414
DA:215,414
DA:216,414
DA:217,414
DA:218,0
DA:219,0
DA:220,414
DA:221,0
DA:222,0
DA:223,414
DA:224,414
DA:225,0
DA:226,0
DA:227,414
DA:228,414
DA:229,414
DA:230,0
DA:231,0
DA:232,0
DA:233,414
DA:234,414
DA:235,414
DA:236,1
DA:237,414
DA:238,414
DA:239,414
DA:240,414
DA:241,414
DA:242,414
DA:243,414
DA:244,414
DA:245,414
DA:246,1
DA:247,0
DA:248,0
DA:249,0
DA:250,0
DA:251,0
DA:252,0
DA:253,0
DA:254,0
DA:255,0
DA:256,0
DA:257,0
DA:258,0
DA:259,0
DA:260,0
DA:261,0
DA:262,0
DA:263,0
DA:264,0
DA:265,0
DA:266,0
DA:267,1
DA:268,0
DA:269,0
DA:270,0
DA:271,0
DA:272,0
DA:273,0
DA:274,0
DA:275,0
DA:276,0
DA:277,0
DA:278,0
DA:279,0
DA:280,0
DA:281,0
DA:282,0
LF:282
LH:207
BRDA:24,0,0,312
BRDA:35,1,0,156
BRDA:45,2,0,271
BRDA:64,3,0,1223
BRDA:66,4,0,1105
BRDA:73,5,0,414
BRDA:92,6,0,1
BRDA:104,7,0,0
BRDA:104,8,0,0
BRDA:104,9,0,0
BRDA:122,10,0,114
BRDA:130,11,0,0
BRDA:153,12,0,12
BRDA:163,13,0,0
BRDA:175,14,0,2
BRDA:189,15,0,156
BRDA:196,16,0,0
BRDA:199,17,0,0
BRDA:202,18,0,0
BRDA:210,19,0,414
BRDA:217,20,0,0
BRDA:220,21,0,0
BRDA:224,22,0,0
BRDA:229,23,0,0
BRDA:237,24,0,414
BRDA:240,25,0,0
BRF:26
BRH:13
end_of_record
TN:
SF:src/utils/float32.ts
FN:7,hexString
FN:16,stringToFloat32
FN:38,float32ToHexString
FN:45,float32ToString
FN:52,hexStringToFloat64
FN:63,bigIntFloat32ToNumber
FN:77,numberToBigIntFloat32
FNF:7
FNH:6
FNDA:30342,hexString
FNDA:207,stringToFloat32
FNDA:6005129,float32ToHexString
FNDA:208,float32ToString
FNDA:0,hexStringToFloat64
FNDA:419,bigIntFloat32ToNumber
FNDA:135,numberToBigIntFloat32
DA:1,1
DA:2,1
DA:3,1
DA:4,1
DA:5,1
DA:6,1
DA:7,30342
DA:8,30342
DA:9,30342
DA:10,1011
DA:11,30342
DA:12,29331
DA:13,29331
DA:14,30342
DA:15,1
DA:16,207
DA:17,207
DA:18,207
DA:19,207
DA:20,207
DA:21,207
DA:22,207
DA:23,207
DA:24,207
DA:25,207
DA:26,207
DA:27,207
DA:28,207
DA:29,207
DA:30,207
DA:31,207
DA:32,207
DA:33,207
DA:34,207
DA:35,207
DA:36,207
DA:37,1
DA:38,6005129
DA:39,6005129
DA:40,6005129
DA:41,6005129
DA:42,6005129
DA:43,1
DA:44,1
DA:45,208
DA:46,208
DA:47,208
DA:48,208
DA:49,208
DA:50,208
DA:51,1
DA:52,0
DA:53,0
DA:54,0
DA:55,0
DA:56,0
DA:57,0
DA:58,0
DA:59,1
DA:60,1
DA:61,1
DA:62,1
DA:63,419
DA:64,419
DA:65,419
DA:66,419
DA:67,419
DA:68,419
DA:69,419
DA:70,419
DA:71,419
DA:72,419
DA:73,419
DA:74,419
DA:75,419
DA:76,1
DA:77,135
DA:78,135
DA:79,135
DA:80,135
DA:81,135
DA:82,135
DA:83,135
DA:84,135
DA:85,135
DA:86,135
DA:87,135
DA:88,135
DA:89,135
LF:89
LH:82
BRDA:7,0,0,30342
BRDA:9,1,0,1011
BRDA:11,2,0,29331
BRDA:16,3,0,207
BRDA:38,4,0,6005129
BRDA:45,5,0,208
BRDA:63,6,0,419
BRDA:77,7,0,135
BRF:8
BRH:8
end_of_record
TN:
SF:src/utils/formatUtils.ts
FN:7,hexByte
FN:11,hexWord
FN:15,hexLong
FN:20,hexAddress
FNF:4
FNH:4
FNDA:13504458,hexByte
FNDA:4398,hexWord
FNDA:119603,hexLong
FNDA:4341074,hexAddress
DA:1,1
DA:2,1
DA:3,1
DA:4,1
DA:5,1
DA:6,1
DA:7,13504458
DA:8,13504458
DA:9,13504458
DA:10,1
DA:11,4398
DA:12,4398
DA:13,4398
DA:14,1
DA:15,119603
DA:16,119603
DA:17,119603
DA:18,119603
DA:19,1
DA:20,4341074
DA:21,4341074
DA:22,4341074
DA:23,4341074
LF:23
LH:23
BRDA:7,0,0,13504458
BRDA:11,1,0,4398
BRDA:15,2,0,119603
BRDA:20,3,0,4341074
BRF:4
BRH:4
end_of_record
