TN:
SF:src/pnut-ts.ts
FN:36,PNutInTypeScript
FN:61,setArgs
FN:67,run
FN:76,writeOut
FN:77,writeErr
FN:79,outputError
FN:586,errorColor
FN:591,prefixName
FN:599,runCommand
FNF:9
FNH:3
FNDA:120,PNutInTypeScript
FNDA:0,setArgs
FNDA:120,run
FNDA:0,writeOut
FNDA:0,writeErr
FNDA:0,outputError
FNDA:0,errorColor
FNDA:0,prefixName
FNDA:120,runCommand
DA:1,1
DA:2,1
DA:3,1
DA:4,1
DA:5,1
DA:6,1
DA:7,1
DA:8,1
DA:9,1
DA:10,1
DA:11,1
DA:12,1
DA:13,1
DA:14,1
DA:15,1
DA:16,1
DA:17,1
DA:18,1
DA:19,1
DA:20,1
DA:21,1
DA:22,1
DA:23,1
DA:24,1
DA:25,1
DA:26,1
DA:27,1
DA:28,1
DA:29,1
DA:30,1
DA:31,1
DA:32,1
DA:33,1
DA:34,1
DA:35,1
DA:36,1
DA:37,120
DA:38,120
DA:39,117
DA:40,117
DA:41,117
DA:42,120
DA:43,0
DA:44,0
DA:45,120
DA:46,120
DA:47,120
DA:48,0
DA:49,0
DA:50,120
DA:51,120
DA:52,0
DA:53,120
DA:54,120
DA:55,120
DA:56,0
DA:57,120
DA:58,120
DA:59,120
DA:60,1
DA:61,1
DA:62,0
DA:63,0
DA:64,0
DA:65,0
DA:66,1
DA:67,1
DA:68,120
DA:69,120
DA:70,0
DA:71,0
DA:72,120
DA:73,120
DA:74,120
DA:75,120
DA:76,120
DA:77,120
DA:78,120
DA:79,120
DA:80,120
DA:81,120
DA:82,120
DA:83,120
DA:84,120
DA:85,120
DA:86,120
DA:87,120
DA:88,120
DA:89,120
DA:90,120
DA:91,120
DA:92,120
DA:93,120
DA:94,120
DA:95,120
DA:96,120
DA:97,120
DA:98,120
DA:99,120
DA:100,120
DA:101,120
DA:102,120
DA:103,120
DA:104,120
DA:105,120
DA:106,120
DA:107,120
DA:108,120
DA:109,120
DA:110,120
DA:111,120
DA:112,120
DA:113,120
DA:114,120
DA:115,120
DA:116,120
DA:117,120
DA:118,120
DA:119,120
DA:120,120
DA:121,120
DA:122,120
DA:123,120
DA:124,120
DA:125,120
DA:126,120
DA:127,120
DA:128,120
DA:129,120
DA:130,120
DA:131,120
DA:132,120
DA:133,120
DA:134,120
DA:135,120
DA:136,120
DA:137,120
DA:138,120
DA:139,120
DA:140,120
DA:141,120
DA:142,120
DA:143,120
DA:144,120
DA:145,120
DA:146,120
DA:147,120
DA:148,120
DA:149,120
DA:150,120
DA:151,120
DA:152,120
DA:153,0
DA:154,0
DA:155,120
DA:156,120
DA:157,120
DA:158,120
DA:159,120
DA:160,120
DA:161,120
DA:162,120
DA:163,120
DA:164,120
DA:165,120
DA:166,120
DA:167,120
DA:168,120
DA:169,120
DA:170,120
DA:171,0
DA:172,0
DA:173,0
DA:174,0
DA:175,0
DA:176,0
DA:177,0
DA:178,0
DA:179,0
DA:180,0
DA:181,0
DA:182,0
DA:183,0
DA:184,0
DA:185,0
DA:186,0
DA:187,0
DA:188,0
DA:189,0
DA:190,0
DA:191,0
DA:192,0
DA:193,120
DA:194,120
DA:195,0
DA:196,0
DA:197,120
DA:198,120
DA:199,120
DA:200,120
DA:201,120
DA:202,120
DA:203,120
DA:204,120
DA:205,120
DA:206,120
DA:207,120
DA:208,120
DA:209,120
DA:210,120
DA:211,120
DA:212,120
DA:213,120
DA:214,120
DA:215,120
DA:216,120
DA:217,120
DA:218,120
DA:219,5
DA:220,5
DA:221,120
DA:222,5
DA:223,5
DA:224,120
DA:225,0
DA:226,0
DA:227,120
DA:228,112
DA:229,112
DA:230,120
DA:231,120
DA:232,120
DA:233,120
DA:234,120
DA:235,120
DA:236,0
DA:237,0
DA:238,0
DA:239,120
DA:240,120
DA:241,120
DA:242,120
DA:243,120
DA:244,120
DA:245,120
DA:246,107
DA:247,107
DA:248,120
DA:249,120
DA:250,120
DA:251,120
DA:252,120
DA:253,120
DA:254,120
DA:255,120
DA:256,120
DA:257,120
DA:258,120
DA:259,120
DA:260,120
DA:261,120
DA:262,120
DA:263,120
DA:264,120
DA:265,120
DA:266,120
DA:267,120
DA:268,0
DA:269,0
DA:270,0
DA:271,0
DA:272,0
DA:273,120
DA:274,120
DA:275,120
DA:276,120
DA:277,3
DA:278,120
DA:279,117
DA:280,117
DA:281,120
DA:282,120
DA:283,120
DA:284,120
DA:285,120
DA:286,117
DA:287,117
DA:288,117
DA:289,0
DA:290,0
DA:291,117
DA:292,117
DA:293,120
DA:294,120
DA:295,3
DA:296,3
DA:297,6
DA:298,0
DA:299,0
DA:300,0
DA:301,0
DA:302,0
DA:303,0
DA:304,0
DA:305,0
DA:306,6
DA:307,3
DA:308,0
DA:309,0
DA:310,3
DA:311,120
DA:312,120
DA:313,120
DA:314,120
DA:315,120
DA:316,120
DA:317,120
DA:318,120
DA:319,117
DA:320,117
DA:321,117
DA:322,117
DA:323,117
DA:324,112
DA:325,112
DA:326,112
DA:327,117
DA:328,0
DA:329,0
DA:330,0
DA:331,117
DA:332,5
DA:333,5
DA:334,5
DA:335,117
DA:336,0
DA:337,0
DA:338,0
DA:339,117
DA:340,120
DA:341,120
DA:342,5
DA:343,5
DA:344,5
DA:345,5
DA:346,5
DA:347,5
DA:348,5
DA:349,0
DA:350,0
DA:351,0
DA:352,5
DA:353,0
DA:354,0
DA:355,0
DA:356,5
DA:357,0
DA:358,0
DA:359,0
DA:360,5
DA:361,0
DA:362,0
DA:363,0
DA:364,5
DA:365,0
DA:366,0
DA:367,0
DA:368,5
DA:369,0
DA:370,0
DA:371,0
DA:372,5
DA:373,5
DA:374,5
DA:375,5
DA:376,5
DA:377,120
DA:378,120
DA:379,1
DA:380,1
DA:381,1
DA:382,1
DA:383,1
DA:384,1
DA:385,1
DA:386,1
DA:387,1
DA:388,0
DA:389,0
DA:390,0
DA:391,1
DA:392,0
DA:393,0
DA:394,0
DA:395,1
DA:396,120
DA:397,120
DA:398,0
DA:399,0
DA:400,0
DA:401,0
DA:402,0
DA:403,120
DA:404,120
DA:405,120
DA:406,120
DA:407,120
DA:408,120
DA:409,120
DA:410,120
DA:411,120
DA:412,120
DA:413,35
DA:414,35
DA:415,35
DA:416,35
DA:417,120
DA:418,120
DA:419,0
DA:420,0
DA:421,0
DA:422,0
DA:423,120
DA:424,120
DA:425,120
DA:426,120
DA:427,120
DA:428,120
DA:429,120
DA:430,120
DA:431,120
DA:432,120
DA:433,120
DA:434,120
DA:435,120
DA:436,120
DA:437,120
DA:438,120
DA:439,120
DA:440,120
DA:441,3
DA:442,3
DA:443,3
DA:444,120
DA:445,117
DA:446,117
DA:447,117
DA:448,120
DA:449,120
DA:450,120
DA:451,120
DA:452,1
DA:453,1
DA:454,1
DA:455,1
DA:456,1
DA:457,1
DA:458,120
DA:459,120
DA:460,2
DA:461,2
DA:462,2
DA:463,2
DA:464,2
DA:465,2
DA:466,2
DA:467,120
DA:468,120
DA:469,1
DA:470,1
DA:471,1
DA:472,1
DA:473,1
DA:474,1
DA:475,1
DA:476,120
DA:477,120
DA:478,120
DA:479,0
DA:480,0
DA:481,0
DA:482,120
DA:483,120
DA:484,117
DA:485,117
DA:486,117
DA:487,117
DA:488,0
DA:489,0
DA:490,117
DA:491,117
DA:492,117
DA:493,117
DA:494,117
DA:495,117
DA:496,117
DA:497,117
DA:498,117
DA:499,117
DA:500,117
DA:501,117
DA:502,112
DA:503,112
DA:504,117
DA:505,107
DA:506,107
DA:507,107
DA:508,117
DA:509,120
DA:510,3
DA:511,0
DA:512,0
DA:513,0
DA:514,0
DA:515,0
DA:516,0
DA:517,0
DA:518,0
DA:519,3
DA:520,120
DA:521,120
DA:522,120
DA:523,120
DA:524,120
DA:525,120
DA:526,120
DA:527,120
DA:528,120
DA:529,120
DA:530,120
DA:531,120
DA:532,120
DA:533,120
DA:534,120
DA:535,120
DA:536,120
DA:537,120
DA:538,120
DA:539,120
DA:540,120
DA:541,0
DA:542,0
DA:543,0
DA:544,0
DA:545,0
DA:546,0
DA:547,0
DA:548,0
DA:549,0
DA:550,0
DA:551,0
DA:552,0
DA:553,0
DA:554,120
DA:555,120
DA:556,120
DA:557,117
DA:558,117
DA:559,116
DA:560,116
DA:561,116
DA:562,116
DA:563,0
DA:564,0
DA:565,0
DA:566,0
DA:567,116
DA:568,117
DA:569,120
DA:570,120
DA:571,120
DA:572,120
DA:573,0
DA:574,120
DA:575,120
DA:576,120
DA:577,120
DA:578,120
DA:579,120
DA:580,1
DA:581,1
DA:582,1
DA:583,1
DA:584,1
DA:585,1
DA:586,1
DA:587,0
DA:588,0
DA:589,0
DA:590,1
DA:591,1
DA:592,0
DA:593,0
DA:594,0
DA:595,0
DA:596,0
DA:597,0
DA:598,1
DA:599,1
DA:600,120
DA:601,120
DA:602,120
DA:603,120
DA:604,0
DA:605,0
DA:606,120
DA:607,0
DA:608,0
DA:609,120
DA:610,120
DA:611,120
DA:612,0
DA:613,0
DA:614,0
DA:615,0
DA:616,0
DA:617,0
DA:618,0
DA:619,0
DA:620,120
DA:621,120
DA:622,1
DA:623,1
DA:624,1
DA:625,1
DA:626,1
DA:627,1
DA:628,1
DA:629,1
DA:630,1
LF:630
LH:479
BRDA:36,0,0,120
BRDA:38,1,0,117
BRDA:67,2,0,120
BRDA:69,3,0,0
BRDA:152,4,0,0
BRDA:152,5,0,0
BRDA:155,6,0,3
BRDA:155,7,0,117
BRDA:170,8,0,0
BRDA:194,9,0,0
BRDA:218,10,0,5
BRDA:221,11,0,5
BRDA:224,12,0,0
BRDA:227,13,0,112
BRDA:235,14,0,0
BRDA:245,15,0,107
BRDA:267,16,0,0
BRDA:276,17,0,3
BRDA:278,18,0,117
BRDA:285,19,0,117
BRDA:288,20,0,0
BRDA:294,21,0,3
BRDA:296,22,0,6
BRDA:297,23,0,0
BRDA:307,24,0,0
BRDA:318,25,0,117
BRDA:323,26,0,112
BRDA:327,27,0,0
BRDA:331,28,0,5
BRDA:335,29,0,0
BRDA:341,30,0,5
BRDA:348,31,0,0
BRDA:352,32,0,0
BRDA:356,33,0,0
BRDA:360,34,0,0
BRDA:364,35,0,0
BRDA:368,36,0,0
BRDA:378,37,0,1
BRDA:387,38,0,0
BRDA:391,39,0,0
BRDA:397,40,0,0
BRDA:412,41,0,35
BRDA:418,42,0,0
BRDA:440,43,0,3
BRDA:444,44,0,117
BRDA:451,45,0,1
BRDA:459,46,0,2
BRDA:468,47,0,1
BRDA:478,48,0,117
BRDA:478,49,0,0
BRDA:483,50,0,117
BRDA:483,51,0,117
BRDA:487,52,0,0
BRDA:501,53,0,112
BRDA:504,54,0,107
BRDA:509,55,0,3
BRDA:510,56,0,0
BRDA:540,57,0,0
BRDA:556,58,0,117
BRDA:556,59,0,117
BRDA:558,60,0,116
BRDA:562,61,0,0
BRDA:572,62,0,0
BRDA:88,63,0,120
BRDA:599,64,0,120
BRDA:600,65,0,120
BRDA:611,66,0,0
BRDA:602,67,0,120
BRDA:603,68,0,0
BRDA:606,69,0,0
BRF:70
BRH:38
end_of_record
TN:
SF:src/classes/blockStack.ts
FN:18,BlockNestLevel
FN:26,get type
FN:30,setType
FN:34,setValue
FN:42,value
FN:52,logMessage
FN:65,BlockStack
FN:69,reset
FN:74,get topIndex
FN:78,get isEmpty
FN:82,get topNestLevel
FN:87,add
FN:94,remove
FN:102,overrideType
FN:110,write
FN:118,read
FN:128,readAtLevel
FN:139,typeAtLevel
FN:150,enableLogging
FN:155,nestLevelAt
FN:165,logMessage
FNF:21
FNH:19
FNDA:4298,BlockNestLevel
FNDA:27107,get type
FNDA:238,setType
FNDA:30619,setValue
FNDA:22976,value
FNDA:0,logMessage
FNDA:116,BlockStack
FNDA:339,reset
FNDA:14279,get topIndex
FNDA:0,get isEmpty
FNDA:48388,get topNestLevel
FNDA:4298,add
FNDA:4298,remove
FNDA:238,overrideType
FNDA:30619,write
FNDA:17531,read
FNDA:5445,readAtLevel
FNDA:27107,typeAtLevel
FNDA:116,enableLogging
FNDA:32552,nestLevelAt
FNDA:8935,logMessage
DA:1,1
DA:2,1
DA:3,1
DA:4,1
DA:5,1
DA:6,1
DA:7,1
DA:8,1
DA:9,1
DA:10,1
DA:11,1
DA:12,1
DA:13,1
DA:14,1
DA:15,1
DA:16,1
DA:17,1
DA:18,1
DA:19,4298
DA:20,4298
DA:21,4298
DA:22,4298
DA:23,4298
DA:24,4298
DA:25,1
DA:26,1
DA:27,27107
DA:28,27107
DA:29,1
DA:30,1
DA:31,238
DA:32,238
DA:33,1
DA:34,1
DA:35,30619
DA:36,30619
DA:37,30619
DA:38,0
DA:39,0
DA:40,30619
DA:41,1
DA:42,1
DA:43,22976
DA:44,22976
DA:45,22976
DA:46,22976
DA:47,0
DA:48,0
DA:49,22976
DA:50,22976
DA:51,1
DA:52,1
DA:53,0
DA:54,0
DA:55,0
DA:56,0
DA:57,1
DA:58,1
DA:59,1
DA:60,1
DA:61,1
DA:62,1
DA:63,1
DA:64,1
DA:65,1
DA:66,116
DA:67,116
DA:68,1
DA:69,1
DA:70,339
DA:71,339
DA:72,339
DA:73,1
DA:74,1
DA:75,14279
DA:76,14279
DA:77,1
DA:78,1
DA:79,0
DA:80,0
DA:81,1
DA:82,1
DA:83,48388
DA:84,48388
DA:85,48388
DA:86,1
DA:87,1
DA:88,4298
DA:89,4298
DA:90,4298
DA:91,4298
DA:92,4298
DA:93,1
DA:94,1
DA:95,4298
DA:96,4298
DA:97,4298
DA:98,4298
DA:99,4298
DA:100,4298
DA:101,1
DA:102,1
DA:103,238
DA:104,238
DA:105,238
DA:106,0
DA:107,0
DA:108,238
DA:109,1
DA:110,1
DA:111,30619
DA:112,30619
DA:113,30619
DA:114,0
DA:115,0
DA:116,30619
DA:117,1
DA:118,1
DA:119,17531
DA:120,17531
DA:121,17531
DA:122,17531
DA:123,0
DA:124,0
DA:125,17531
DA:126,17531
DA:127,1
DA:128,1
DA:129,5445
DA:130,5445
DA:131,5445
DA:132,5445
DA:133,5445
DA:134,5445
DA:135,5445
DA:136,5445
DA:137,5445
DA:138,1
DA:139,1
DA:140,27107
DA:141,27107
DA:142,27107
DA:143,27107
DA:144,27107
DA:145,27107
DA:146,27107
DA:147,27107
DA:148,27107
DA:149,1
DA:150,1
DA:151,116
DA:152,116
DA:153,116
DA:154,1
DA:155,1
DA:156,32552
DA:157,32552
DA:158,32552
DA:159,32552
DA:160,0
DA:161,0
DA:162,32552
DA:163,32552
DA:164,1
DA:165,1
DA:166,8935
DA:167,0
DA:168,0
DA:169,8935
DA:170,1
LF:170
LH:150
BRDA:18,0,0,4298
BRDA:26,1,0,27107
BRDA:30,2,0,238
BRDA:34,3,0,30619
BRDA:37,4,0,0
BRDA:42,5,0,22976
BRDA:46,6,0,0
BRDA:65,7,0,116
BRDA:69,8,0,339
BRDA:74,9,0,14279
BRDA:75,10,0,0
BRDA:82,11,0,48388
BRDA:87,12,0,4298
BRDA:94,13,0,4298
BRDA:102,14,0,238
BRDA:105,15,0,0
BRDA:110,16,0,30619
BRDA:113,17,0,0
BRDA:118,18,0,17531
BRDA:122,19,0,0
BRDA:128,20,0,5445
BRDA:139,21,0,27107
BRDA:150,22,0,116
BRDA:155,23,0,32552
BRDA:159,24,0,0
BRDA:165,25,0,8935
BRDA:166,26,0,0
BRF:27
BRH:19
end_of_record
TN:
SF:src/classes/childObjectsImage.ts
FN:32,ChildObjectsImage
FN:39,ensureCapacity
FN:57,refreshLogging
FN:62,ensureFits
FN:74,get rawUint8Array
FN:78,get id
FN:82,clear
FN:86,get objectFileCount
FN:90,get objectFileRanges
FN:94,checksum
FN:104,recordLengthOffsetForFile
FN:116,recordLengthOffsetForFilename
FN:132,getOffsetAndLengthForFile
FN:145,getOffsetAndLengthForFilename
FN:158,setOffset
FN:168,get offset
FN:172,readSymbolName
FN:184,nextLong
FN:195,nextWord
FN:204,peekWord
FN:213,nextByte
FN:221,nextBytes
FN:229,writeByte
FN:235,dumpBytes
FN:247,logMessage
FN:253,logMessageOutline
FNF:26
FNH:24
FNDA:356,ChildObjectsImage
FNDA:321428,ensureCapacity
FNDA:464,refreshLogging
FNDA:260,ensureFits
FNDA:335,get rawUint8Array
FNDA:18,get id
FNDA:40,clear
FNDA:306,get objectFileCount
FNDA:164,get objectFileRanges
FNDA:75,checksum
FNDA:260,recordLengthOffsetForFile
FNDA:6,recordLengthOffsetForFilename
FNDA:266,getOffsetAndLengthForFile
FNDA:12,getOffsetAndLengthForFilename
FNDA:619,setOffset
FNDA:462,get offset
FNDA:156,readSymbolName
FNDA:597,nextLong
FNDA:0,nextWord
FNDA:2,peekWord
FNDA:647738,nextByte
FNDA:2,nextBytes
FNDA:321093,writeByte
FNDA:0,dumpBytes
FNDA:649759,logMessage
FNDA:5,logMessageOutline
DA:1,1
DA:2,1
DA:3,1
DA:4,1
DA:5,1
DA:6,1
DA:7,1
DA:8,1
DA:9,1
DA:10,1
DA:11,1
DA:12,1
DA:13,1
DA:14,1
DA:15,1
DA:16,1
DA:17,1
DA:18,1
DA:19,1
DA:20,1
DA:21,1
DA:22,1
DA:23,1
DA:24,1
DA:25,1
DA:26,1
DA:27,1
DA:28,1
DA:29,1
DA:30,1
DA:31,1
DA:32,1
DA:33,356
DA:34,356
DA:35,356
DA:36,356
DA:37,356
DA:38,1
DA:39,1
DA:40,321428
DA:41,5
DA:42,5
DA:43,5
DA:44,5
DA:45,5
DA:46,5
DA:47,5
DA:48,5
DA:49,5
DA:50,5
DA:51,321428
DA:52,0
DA:53,0
DA:54,0
DA:55,321428
DA:56,1
DA:57,1
DA:58,464
DA:59,464
DA:60,464
DA:61,1
DA:62,1
DA:63,260
DA:64,260
DA:65,260
DA:66,0
DA:67,0
DA:68,0
DA:69,0
DA:70,0
DA:71,0
DA:72,260
DA:73,1
DA:74,1
DA:75,335
DA:76,335
DA:77,1
DA:78,1
DA:79,18
DA:80,18
DA:81,1
DA:82,1
DA:83,40
DA:84,40
DA:85,1
DA:86,1
DA:87,306
DA:88,306
DA:89,1
DA:90,1
DA:91,164
DA:92,164
DA:93,1
DA:94,1
DA:95,75
DA:96,75
DA:97,75
DA:98,6262
DA:99,6262
DA:100,75
DA:101,75
DA:102,75
DA:103,1
DA:104,1
DA:105,260
DA:106,260
DA:107,260
DA:108,260
DA:109,260
DA:110,260
DA:111,260
DA:112,38
DA:113,38
DA:114,260
DA:115,1
DA:116,1
DA:117,6
DA:118,6
DA:119,6
DA:120,6
DA:121,6
DA:122,10
DA:123,10
DA:124,0
DA:125,0
DA:126,10
DA:127,6
DA:128,6
DA:129,6
DA:130,6
DA:131,1
DA:132,1
DA:133,266
DA:134,266
DA:135,266
DA:136,266
DA:137,266
DA:138,266
DA:139,0
DA:140,0
DA:141,0
DA:142,266
DA:143,266
DA:144,1
DA:145,1
DA:146,12
DA:147,12
DA:148,12
DA:149,52
DA:150,52
DA:151,12
DA:152,12
DA:153,12
DA:154,52
DA:155,12
DA:156,12
DA:157,1
DA:158,1
DA:159,619
DA:160,619
DA:161,619
DA:162,619
DA:163,619
DA:164,0
DA:165,0
DA:166,619
DA:167,1
DA:168,1
DA:169,462
DA:170,462
DA:171,1
DA:172,1
DA:173,156
DA:174,156
DA:175,156
DA:176,156
DA:177,831
DA:178,831
DA:179,831
DA:180,156
DA:181,156
DA:182,156
DA:183,1
DA:184,1
DA:185,597
DA:186,597
DA:187,597
DA:188,597
DA:189,597
DA:190,597
DA:191,597
DA:192,597
DA:193,597
DA:194,1
DA:195,1
DA:196,0
DA:197,0
DA:198,0
DA:199,0
DA:200,0
DA:201,0
DA:202,0
DA:203,1
DA:204,1
DA:205,2
DA:206,2
DA:207,2
DA:208,2
DA:209,2
DA:210,2
DA:211,2
DA:212,1
DA:213,1
DA:214,647738
DA:215,647738
DA:216,647738
DA:217,647738
DA:218,647738
DA:219,647738
DA:220,1
DA:221,1
DA:222,2
DA:223,2
DA:224,2
DA:225,2
DA:226,2
DA:227,2
DA:228,1
DA:229,1
DA:230,321093
DA:231,321093
DA:232,321093
DA:233,321093
DA:234,1
DA:235,1
DA:236,0
DA:237,0
DA:238,0
DA:239,0
DA:240,0
DA:241,0
DA:242,0
DA:243,0
DA:244,0
DA:245,0
DA:246,1
DA:247,1
DA:248,649759
DA:249,0
DA:250,0
DA:251,649759
DA:252,1
DA:253,1
DA:254,5
DA:255,0
DA:256,0
DA:257,5
DA:258,1
LF:258
LH:221
BRDA:32,0,0,356
BRDA:39,1,0,321428
BRDA:40,2,0,5
BRDA:40,3,0,5
BRDA:43,4,0,0
BRDA:51,5,0,321423
BRDA:51,6,0,0
BRDA:57,7,0,464
BRDA:62,8,0,260
BRDA:65,9,0,0
BRDA:74,10,0,335
BRDA:78,11,0,18
BRDA:82,12,0,40
BRDA:86,13,0,306
BRDA:90,14,0,164
BRDA:94,15,0,75
BRDA:97,16,0,6262
BRDA:104,17,0,260
BRDA:111,18,0,38
BRDA:116,19,0,6
BRDA:121,20,0,10
BRDA:123,21,0,0
BRDA:132,22,0,266
BRDA:138,23,0,0
BRDA:145,24,0,12
BRDA:148,25,0,52
BRDA:150,26,0,12
BRDA:158,27,0,619
BRDA:163,28,0,0
BRDA:168,29,0,462
BRDA:172,30,0,156
BRDA:176,31,0,831
BRDA:184,32,0,597
BRDA:204,33,0,2
BRDA:213,34,0,647738
BRDA:221,35,0,2
BRDA:229,36,0,321093
BRDA:247,37,0,649759
BRDA:248,38,0,0
BRDA:253,39,0,5
BRDA:254,40,0,0
BRF:41
BRH:33
end_of_record
TN:
SF:src/classes/compiler.ts
FN:40,Compiler
FN:58,Compile
FN:111,compileRecursively
FN:272,uniqueObjectName
FN:286,logMessage
FN:292,logMessageOutline
FNF:6
FNH:5
FNDA:116,Compiler
FNDA:116,Compile
FNDA:191,compileRecursively
FNDA:0,uniqueObjectName
FNDA:307,logMessage
FNDA:1885,logMessageOutline
DA:1,1
DA:2,1
DA:3,1
DA:4,1
DA:5,1
DA:6,1
DA:7,1
DA:8,1
DA:9,1
DA:10,1
DA:11,1
DA:12,1
DA:13,1
DA:14,1
DA:15,1
DA:16,1
DA:17,1
DA:18,1
DA:19,1
DA:20,1
DA:21,1
DA:22,1
DA:23,1
DA:24,1
DA:25,1
DA:26,1
DA:27,1
DA:28,1
DA:29,1
DA:30,1
DA:31,1
DA:32,1
DA:33,1
DA:34,1
DA:35,1
DA:36,1
DA:37,1
DA:38,1
DA:39,1
DA:40,1
DA:41,116
DA:42,116
DA:43,116
DA:44,116
DA:45,116
DA:46,116
DA:47,116
DA:48,116
DA:49,116
DA:50,116
DA:51,116
DA:52,116
DA:53,116
DA:54,116
DA:55,116
DA:56,116
DA:57,1
DA:58,1
DA:59,116
DA:60,116
DA:61,116
DA:62,116
DA:63,116
DA:64,116
DA:65,0
DA:66,0
DA:67,0
DA:68,116
DA:69,116
DA:70,116
DA:71,0
DA:72,0
DA:73,0
DA:74,116
DA:75,116
DA:76,116
DA:77,116
DA:78,116
DA:79,116
DA:80,116
DA:81,116
DA:82,116
DA:83,116
DA:84,116
DA:85,116
DA:86,116
DA:87,116
DA:88,6
DA:89,6
DA:90,6
DA:91,6
DA:92,6
DA:93,6
DA:94,6
DA:95,6
DA:96,6
DA:97,6
DA:98,6
DA:99,6
DA:100,6
DA:101,6
DA:102,6
DA:103,0
DA:104,0
DA:105,0
DA:106,6
DA:107,116
DA:108,116
DA:109,1
DA:110,1
DA:111,1
DA:112,191
DA:113,191
DA:114,191
DA:115,0
DA:116,0
DA:117,191
DA:118,191
DA:119,191
DA:120,191
DA:121,191
DA:122,191
DA:123,191
DA:124,191
DA:125,191
DA:126,191
DA:127,191
DA:128,191
DA:129,191
DA:130,191
DA:131,191
DA:132,191
DA:133,191
DA:134,191
DA:135,191
DA:136,191
DA:137,191
DA:138,0
DA:139,0
DA:140,191
DA:141,40
DA:142,40
DA:143,40
DA:144,75
DA:145,75
DA:146,75
DA:147,75
DA:148,75
DA:149,36
DA:150,36
DA:151,36
DA:152,36
DA:153,75
DA:154,75
DA:155,75
DA:156,75
DA:157,75
DA:158,75
DA:159,75
DA:160,75
DA:161,75
DA:162,40
DA:163,190
DA:164,190
DA:165,190
DA:166,190
DA:167,190
DA:168,190
DA:169,190
DA:170,190
DA:171,191
DA:172,40
DA:173,40
DA:174,40
DA:175,40
DA:176,75
DA:177,75
DA:178,75
DA:179,75
DA:180,75
DA:181,75
DA:182,75
DA:183,75
DA:184,75
DA:185,75
DA:186,75
DA:187,75
DA:188,75
DA:189,75
DA:190,75
DA:191,75
DA:192,75
DA:193,75
DA:194,75
DA:195,75
DA:196,75
DA:197,75
DA:198,75
DA:199,0
DA:200,0
DA:201,0
DA:202,0
DA:203,0
DA:204,0
DA:205,0
DA:206,75
DA:207,40
DA:208,190
DA:209,190
DA:210,190
DA:211,191
DA:212,2
DA:213,2
DA:214,2
DA:215,2
DA:216,6
DA:217,6
DA:218,6
DA:219,6
DA:220,6
DA:221,6
DA:222,6
DA:223,6
DA:224,6
DA:225,6
DA:226,6
DA:227,321093
DA:228,321093
DA:229,6
DA:230,6
DA:231,6
DA:232,6
DA:233,2
DA:234,190
DA:235,190
DA:236,190
DA:237,190
DA:238,190
DA:239,190
DA:240,190
DA:241,191
DA:242,0
DA:243,0
DA:244,185
DA:245,185
DA:246,185
DA:247,185
DA:248,185
DA:249,185
DA:250,185
DA:251,185
DA:252,185
DA:253,185
DA:254,185
DA:255,185
DA:256,185
DA:257,185
DA:258,185
DA:259,185
DA:260,185
DA:261,185
DA:262,185
DA:263,185
DA:264,185
DA:265,185
DA:266,191
DA:267,191
DA:268,185
DA:269,185
DA:270,185
DA:271,1
DA:272,1
DA:273,0
DA:274,0
DA:275,0
DA:276,0
DA:277,0
DA:278,0
DA:279,0
DA:280,0
DA:281,0
DA:282,0
DA:283,0
DA:284,0
DA:285,1
DA:286,1
DA:287,307
DA:288,0
DA:289,0
DA:290,307
DA:291,1
DA:292,1
DA:293,1885
DA:294,0
DA:295,0
DA:296,1885
DA:297,1
LF:297
LH:259
BRDA:40,0,0,116
BRDA:58,1,0,116
BRDA:64,2,0,0
BRDA:70,3,0,0
BRDA:85,4,0,110
BRDA:87,5,0,6
BRDA:91,6,0,0
BRDA:102,7,0,0
BRDA:111,8,0,191
BRDA:114,9,0,0
BRDA:137,10,0,23
BRDA:137,11,0,0
BRDA:140,12,0,190
BRDA:140,13,0,40
BRDA:143,14,0,75
BRDA:148,15,0,36
BRDA:163,16,0,190
BRDA:171,17,0,40
BRDA:175,18,0,75
BRDA:198,19,0,0
BRDA:208,20,0,190
BRDA:211,21,0,2
BRDA:215,22,0,6
BRDA:219,23,0,0
BRDA:226,24,0,321093
BRDA:234,25,0,190
BRDA:241,26,0,186
BRDA:241,27,0,0
BRDA:244,28,0,185
BRDA:268,29,0,185
BRDA:286,30,0,307
BRDA:287,31,0,0
BRDA:292,32,0,1885
BRDA:293,33,0,0
BRF:34
BRH:23
end_of_record
TN:
SF:src/classes/debugData.ts
FN:20,DebugRecord
FN:25,get length
FN:29,append
FN:37,byteAt
FN:45,get rawUint8Array
FN:49,clear
FN:65,DebugData
FN:74,setLogging
FN:78,get rawUint8Array
FN:82,get offset
FN:87,get offsetHex
FN:92,get length
FN:96,get collapseDebugData
FN:121,recordExists
FN:126,recordIsMatch
FN:141,setRecord
FN:160,setOffsetTo
FN:166,read
FN:175,updateMax
FN:181,readWord
FN:191,replaceWord
FN:204,reset
FN:210,dumpBytes
FN:234,logMessage
FNF:24
FNH:15
FNDA:116,DebugRecord
FNDA:39012,get length
FNDA:8897,append
FNDA:17894,byteAt
FNDA:0,get rawUint8Array
FNDA:652,clear
FNDA:116,DebugData
FNDA:0,setLogging
FNDA:0,get rawUint8Array
FNDA:0,get offset
FNDA:0,get offsetHex
FNDA:70,get length
FNDA:35,get collapseDebugData
FNDA:1654,recordExists
FNDA:1495,recordIsMatch
FNDA:159,setRecord
FNDA:159,setOffsetTo
FNDA:0,read
FNDA:0,updateMax
FNDA:3731,readWord
FNDA:434,replaceWord
FNDA:0,reset
FNDA:0,dumpBytes
FNDA:2247,logMessage
DA:1,1
DA:2,1
DA:3,1
DA:4,1
DA:5,1
DA:6,1
DA:7,1
DA:8,1
DA:9,1
DA:10,1
DA:11,1
DA:12,1
DA:13,1
DA:14,1
DA:15,1
DA:16,1
DA:17,1
DA:18,1
DA:19,1
DA:20,1
DA:21,116
DA:22,116
DA:23,116
DA:24,1
DA:25,1
DA:26,39012
DA:27,39012
DA:28,1
DA:29,1
DA:30,8897
DA:31,0
DA:32,0
DA:33,0
DA:34,8897
DA:35,8897
DA:36,1
DA:37,1
DA:38,17894
DA:39,17894
DA:40,17894
DA:41,17894
DA:42,17894
DA:43,17894
DA:44,1
DA:45,1
DA:46,0
DA:47,0
DA:48,1
DA:49,1
DA:50,652
DA:51,652
DA:52,1
DA:53,1
DA:54,1
DA:55,1
DA:56,1
DA:57,1
DA:58,1
DA:59,1
DA:60,1
DA:61,1
DA:62,1
DA:63,1
DA:64,1
DA:65,1
DA:66,116
DA:67,116
DA:68,116
DA:69,116
DA:70,116
DA:71,116
DA:72,116
DA:73,1
DA:74,1
DA:75,0
DA:76,0
DA:77,1
DA:78,1
DA:79,0
DA:80,0
DA:81,1
DA:82,1
DA:83,0
DA:84,0
DA:85,0
DA:86,1
DA:87,1
DA:88,0
DA:89,0
DA:90,0
DA:91,1
DA:92,1
DA:93,70
DA:94,70
DA:95,1
DA:96,1
DA:97,35
DA:98,35
DA:99,35
DA:100,35
DA:101,35
DA:102,229
DA:103,229
DA:104,35
DA:105,35
DA:106,194
DA:107,194
DA:108,35
DA:109,35
DA:110,35
DA:111,35
DA:112,35
DA:113,194
DA:114,194
DA:115,194
DA:116,194
DA:117,35
DA:118,35
DA:119,35
DA:120,1
DA:121,1
DA:122,1654
DA:123,1654
DA:124,1654
DA:125,1
DA:126,1
DA:127,1495
DA:128,1495
DA:129,1495
DA:130,1495
DA:131,12938
DA:132,12938
DA:133,1340
DA:134,1340
DA:135,1340
DA:136,12938
DA:137,1495
DA:138,1495
DA:139,1495
DA:140,1
DA:141,1
DA:142,159
DA:143,159
DA:144,159
DA:145,159
DA:146,0
DA:147,0
DA:148,0
DA:149,159
DA:150,159
DA:151,4956
DA:152,4956
DA:153,159
DA:154,159
DA:155,159
DA:156,159
DA:157,159
DA:158,159
DA:159,1
DA:160,1
DA:161,159
DA:162,159
DA:163,159
DA:164,159
DA:165,1
DA:166,1
DA:167,0
DA:168,0
DA:169,0
DA:170,0
DA:171,0
DA:172,0
DA:173,0
DA:174,1
DA:175,1
DA:176,0
DA:177,0
DA:178,0
DA:179,0
DA:180,1
DA:181,1
DA:182,3731
DA:183,3731
DA:184,3731
DA:185,3731
DA:186,3731
DA:187,3731
DA:188,3731
DA:189,3731
DA:190,1
DA:191,1
DA:192,434
DA:193,434
DA:194,434
DA:195,434
DA:196,434
DA:197,434
DA:198,434
DA:199,434
DA:200,434
DA:201,434
DA:202,434
DA:203,1
DA:204,1
DA:205,0
DA:206,0
DA:207,0
DA:208,0
DA:209,1
DA:210,1
DA:211,0
DA:212,0
DA:213,0
DA:214,0
DA:215,0
DA:216,0
DA:217,0
DA:218,0
DA:219,0
DA:220,0
DA:221,0
DA:222,0
DA:223,0
DA:224,0
DA:225,0
DA:226,0
DA:227,0
DA:228,0
DA:229,0
DA:230,0
DA:231,0
DA:232,0
DA:233,1
DA:234,1
DA:235,2247
DA:236,0
DA:237,0
DA:238,2247
DA:239,1
LF:239
LH:182
BRDA:20,0,0,116
BRDA:25,1,0,39012
BRDA:29,2,0,8897
BRDA:30,3,0,0
BRDA:37,4,0,17894
BRDA:49,5,0,652
BRDA:65,6,0,116
BRDA:92,7,0,70
BRDA:96,8,0,35
BRDA:101,9,0,229
BRDA:103,10,0,35
BRDA:106,11,0,194
BRDA:112,12,0,194
BRDA:121,13,0,1654
BRDA:126,14,0,1495
BRDA:130,15,0,12938
BRDA:132,16,0,1340
BRDA:141,17,0,159
BRDA:145,18,0,0
BRDA:150,19,0,4956
BRDA:160,20,0,159
BRDA:181,21,0,3731
BRDA:191,22,0,434
BRDA:234,23,0,2247
BRDA:235,24,0,0
BRF:25
BRH:22
end_of_record
TN:
SF:src/classes/distillerList.ts
FN:28,DistillerRecord
FN:37,get objectId
FN:40,get objectOffset
FN:43,get subObjectCount
FN:46,get methodCount
FN:49,get objectSize
FN:52,get subObjectIds
FN:56,toString
FN:67,DistillerList
FN:72,enableLogging
FN:77,get recordCount
FN:81,addrecord
FN:86,record
FN:95,dumpRecords
FN:109,logMessage
FNF:15
FNH:2
FNDA:0,DistillerRecord
FNDA:0,get objectId
FNDA:0,get objectOffset
FNDA:0,get subObjectCount
FNDA:0,get methodCount
FNDA:0,get objectSize
FNDA:0,get subObjectIds
FNDA:0,toString
FNDA:116,DistillerList
FNDA:116,enableLogging
FNDA:0,get recordCount
FNDA:0,addrecord
FNDA:0,record
FNDA:0,dumpRecords
FNDA:0,logMessage
DA:1,1
DA:2,1
DA:3,1
DA:4,1
DA:5,1
DA:6,1
DA:7,1
DA:8,1
DA:9,1
DA:10,1
DA:11,1
DA:12,1
DA:13,1
DA:14,1
DA:15,1
DA:16,1
DA:17,1
DA:18,1
DA:19,1
DA:20,1
DA:21,1
DA:22,1
DA:23,1
DA:24,1
DA:25,1
DA:26,1
DA:27,1
DA:28,1
DA:29,0
DA:30,0
DA:31,0
DA:32,0
DA:33,0
DA:34,0
DA:35,0
DA:36,1
DA:37,1
DA:38,0
DA:39,0
DA:40,1
DA:41,0
DA:42,0
DA:43,1
DA:44,0
DA:45,0
DA:46,1
DA:47,0
DA:48,0
DA:49,1
DA:50,0
DA:51,0
DA:52,1
DA:53,0
DA:54,0
DA:55,1
DA:56,1
DA:57,0
DA:58,0
DA:59,0
DA:60,1
DA:61,1
DA:62,1
DA:63,1
DA:64,1
DA:65,1
DA:66,1
DA:67,1
DA:68,116
DA:69,116
DA:70,116
DA:71,1
DA:72,1
DA:73,116
DA:74,116
DA:75,116
DA:76,1
DA:77,1
DA:78,0
DA:79,0
DA:80,1
DA:81,1
DA:82,0
DA:83,0
DA:84,0
DA:85,1
DA:86,1
DA:87,0
DA:88,0
DA:89,0
DA:90,0
DA:91,0
DA:92,0
DA:93,0
DA:94,1
DA:95,1
DA:96,0
DA:97,0
DA:98,0
DA:99,0
DA:100,0
DA:101,0
DA:102,0
DA:103,0
DA:104,0
DA:105,0
DA:106,0
DA:107,0
DA:108,1
DA:109,1
DA:110,0
DA:111,0
DA:112,0
DA:113,0
DA:114,1
LF:114
LH:64
BRDA:67,0,0,116
BRDA:72,1,0,116
BRF:2
BRH:2
end_of_record
TN:
SF:src/classes/externalFiles.ts
FN:19,ExternalFiles
FN:23,get clockSetterLength
FN:30,get clockSetter
FN:34,get flashLoaderLength
FN:41,get flashLoader
FN:45,get spinDebuggerLength
FN:52,get spinDebugger
FN:56,get spinInterpreterLength
FN:63,get spinInterpreter
FN:67,loadFiles
FN:114,loadImage
FN:125,logMessage
FNF:12
FNH:10
FNDA:116,ExternalFiles
FNDA:9,get clockSetterLength
FNDA:9,get clockSetter
FNDA:0,get flashLoaderLength
FNDA:0,get flashLoader
FNDA:35,get spinDebuggerLength
FNDA:35,get spinDebugger
FNDA:178,get spinInterpreterLength
FNDA:89,get spinInterpreter
FNDA:100,loadFiles
FNDA:400,loadImage
FNDA:400,logMessage
DA:1,1
DA:2,1
DA:3,1
DA:4,1
DA:5,1
DA:6,1
DA:7,1
DA:8,1
DA:9,1
DA:10,1
DA:11,1
DA:12,1
DA:13,1
DA:14,1
DA:15,1
DA:16,1
DA:17,1
DA:18,1
DA:19,1
DA:20,116
DA:21,116
DA:22,1
DA:23,1
DA:24,9
DA:25,9
DA:26,9
DA:27,9
DA:28,9
DA:29,1
DA:30,1
DA:31,9
DA:32,9
DA:33,1
DA:34,1
DA:35,0
DA:36,0
DA:37,0
DA:38,0
DA:39,0
DA:40,1
DA:41,1
DA:42,0
DA:43,0
DA:44,1
DA:45,1
DA:46,35
DA:47,2
DA:48,2
DA:49,35
DA:50,35
DA:51,1
DA:52,1
DA:53,35
DA:54,35
DA:55,1
DA:56,1
DA:57,178
DA:58,89
DA:59,89
DA:60,178
DA:61,178
DA:62,1
DA:63,1
DA:64,89
DA:65,89
DA:66,1
DA:67,1
DA:68,100
DA:69,100
DA:70,100
DA:71,100
DA:72,100
DA:73,100
DA:74,100
DA:75,100
DA:76,100
DA:77,100
DA:78,100
DA:79,100
DA:80,100
DA:81,100
DA:82,100
DA:83,100
DA:84,100
DA:85,100
DA:86,100
DA:87,100
DA:88,100
DA:89,100
DA:90,100
DA:91,100
DA:92,100
DA:93,100
DA:94,100
DA:95,100
DA:96,100
DA:97,100
DA:98,100
DA:99,100
DA:100,100
DA:101,100
DA:102,100
DA:103,100
DA:104,100
DA:105,100
DA:106,100
DA:107,100
DA:108,100
DA:109,100
DA:110,100
DA:111,100
DA:112,100
DA:113,1
DA:114,1
DA:115,400
DA:116,400
DA:117,400
DA:118,400
DA:119,400
DA:120,400
DA:121,400
DA:122,400
DA:123,400
DA:124,1
DA:125,1
DA:126,400
DA:127,0
DA:128,0
DA:129,400
DA:130,1
LF:130
LH:121
BRDA:19,0,0,116
BRDA:23,1,0,9
BRDA:30,2,0,9
BRDA:45,3,0,35
BRDA:46,4,0,2
BRDA:52,5,0,35
BRDA:56,6,0,178
BRDA:57,7,0,89
BRDA:63,8,0,89
BRDA:67,9,0,100
BRDA:114,10,0,400
BRDA:125,11,0,400
BRDA:126,12,0,0
BRF:13
BRH:12
end_of_record
TN:
SF:src/classes/logger.ts
FN:9,Logger
FN:13,setProgramName
FN:17,enabledVerbose
FN:22,errorMsg
FN:27,compilerErrorMsg
FN:38,verboseMsg
FN:48,infoMsg
FN:52,warningMsg
FN:57,progressMsg
FN:61,errorColor
FN:66,warningColor
FN:77,logMessage
FN:86,logErrorMessage
FNF:13
FNH:9
FNDA:120,Logger
FNDA:120,setProgramName
FNDA:5,enabledVerbose
FNDA:0,errorMsg
FNDA:6,compilerErrorMsg
FNDA:1422,verboseMsg
FNDA:120,infoMsg
FNDA:0,warningMsg
FNDA:607,progressMsg
FNDA:0,errorColor
FNDA:0,warningColor
FNDA:1447,logMessage
FNDA:6,logErrorMessage
DA:1,1
DA:2,1
DA:3,1
DA:4,1
DA:5,1
DA:6,1
DA:7,1
DA:8,1
DA:9,120
DA:10,120
DA:11,120
DA:12,120
DA:13,120
DA:14,120
DA:15,120
DA:16,120
DA:17,120
DA:18,5
DA:19,5
DA:20,5
DA:21,120
DA:22,120
DA:23,0
DA:24,0
DA:25,0
DA:26,120
DA:27,120
DA:28,6
DA:29,0
DA:30,0
DA:31,6
DA:32,6
DA:33,0
DA:34,0
DA:35,6
DA:36,6
DA:37,120
DA:38,120
DA:39,1422
DA:40,70
DA:41,10
DA:42,70
DA:43,60
DA:44,60
DA:45,70
DA:46,1422
DA:47,120
DA:48,120
DA:49,120
DA:50,120
DA:51,120
DA:52,120
DA:53,0
DA:54,0
DA:55,0
DA:56,120
DA:57,120
DA:58,607
DA:59,607
DA:60,120
DA:61,120
DA:62,0
DA:63,0
DA:64,0
DA:65,120
DA:66,120
DA:67,0
DA:68,0
DA:69,0
DA:70,120
DA:71,120
DA:72,120
DA:73,120
DA:74,120
DA:75,120
DA:76,120
DA:77,120
DA:78,1447
DA:79,1447
DA:80,120
DA:81,120
DA:82,120
DA:83,120
DA:84,120
DA:85,120
DA:86,120
DA:87,6
DA:88,0
DA:89,0
DA:90,6
DA:91,6
DA:92,120
LF:92
LH:74
BRDA:9,0,0,120
BRDA:13,1,0,120
BRDA:17,2,0,5
BRDA:27,3,0,6
BRDA:28,4,0,0
BRDA:31,5,0,0
BRDA:32,6,0,0
BRDA:38,7,0,1422
BRDA:39,8,0,70
BRDA:40,9,0,10
BRDA:42,10,0,60
BRDA:48,11,0,120
BRDA:57,12,0,607
BRDA:77,13,0,1447
BRDA:86,14,0,6
BRDA:87,15,0,0
BRF:16
BRH:12
end_of_record
TN:
SF:src/classes/numberStack.ts
FN:18,NumberStack
FN:22,enableLogging
FN:27,setUnresolved
FN:31,get isUnresolved
FN:35,get isResolved
FN:39,push
FN:44,pop
FN:56,reset
FN:61,float32ToHexString
FN:67,logMessage
FNF:10
FNH:10
FNDA:116,NumberStack
FNDA:116,enableLogging
FNDA:1174,setUnresolved
FNDA:57642,get isUnresolved
FNDA:89418,get isResolved
FNDA:215593,push
FNDA:215539,pop
FNDA:146339,reset
FNDA:431132,float32ToHexString
FNDA:431132,logMessage
DA:1,1
DA:2,1
DA:3,1
DA:4,1
DA:5,1
DA:6,1
DA:7,1
DA:8,1
DA:9,1
DA:10,1
DA:11,1
DA:12,1
DA:13,1
DA:14,1
DA:15,1
DA:16,1
DA:17,1
DA:18,1
DA:19,116
DA:20,116
DA:21,1
DA:22,1
DA:23,116
DA:24,116
DA:25,116
DA:26,1
DA:27,1
DA:28,1174
DA:29,1174
DA:30,1
DA:31,1
DA:32,57642
DA:33,57642
DA:34,1
DA:35,1
DA:36,89418
DA:37,89418
DA:38,1
DA:39,1
DA:40,215593
DA:41,215593
DA:42,215593
DA:43,1
DA:44,1
DA:45,215539
DA:46,215539
DA:47,215539
DA:48,215539
DA:49,215539
DA:50,215539
DA:51,0
DA:52,0
DA:53,215539
DA:54,215539
DA:55,1
DA:56,1
DA:57,146339
DA:58,146339
DA:59,146339
DA:60,1
DA:61,1
DA:62,431132
DA:63,431132
DA:64,431132
DA:65,431132
DA:66,1
DA:67,1
DA:68,431132
DA:69,0
DA:70,0
DA:71,431132
DA:72,1
LF:72
LH:68
BRDA:18,0,0,116
BRDA:22,1,0,116
BRDA:27,2,0,1174
BRDA:31,3,0,57642
BRDA:35,4,0,89418
BRDA:39,5,0,215593
BRDA:44,6,0,215539
BRDA:50,7,0,0
BRDA:56,8,0,146339
BRDA:61,9,0,431132
BRDA:67,10,0,431132
BRDA:68,11,0,0
BRF:12
BRH:10
end_of_record
TN:
SF:src/classes/objectImage.ts
FN:26,ObjectImage
FN:35,copyFrom
FN:51,ensureCapacity
FN:67,refreshLogging
FN:73,setLogging
FN:76,get isLoggingEnabled
FN:80,get rawUint8Array
FN:84,get offset
FN:89,get offsetHex
FN:94,get length
FN:98,calculateChecksum
FN:110,setOffsetTo
FN:119,readNext
FN:126,appendLong
FN:132,appendWord
FN:141,appendByte
FN:149,append
FN:159,read
FN:169,updateMax
FN:175,readWord
FN:186,readLong
FN:196,readLongNext
FN:208,replaceByte
FN:220,replaceWord
FN:234,replaceLong
FN:246,reset
FN:252,dumpBytes
FN:276,logMessage
FN:282,logMessageOutline
FNF:29
FNH:27
FNDA:394,ObjectImage
FNDA:110,copyFrom
FNDA:5654400,ensureCapacity
FNDA:348,refreshLogging
FNDA:1268,setLogging
FNDA:532,get isLoggingEnabled
FNDA:898,get rawUint8Array
FNDA:120668,get offset
FNDA:338,get offsetHex
FNDA:238,get length
FNDA:164,calculateChecksum
FNDA:30319,setOffsetTo
FNDA:0,readNext
FNDA:92150,appendLong
FNDA:185633,appendWord
FNDA:2469843,appendByte
FNDA:2469843,append
FNDA:1661745,read
FNDA:2469843,updateMax
FNDA:195140,readWord
FNDA:97435,readLong
FNDA:193,readLongNext
FNDA:1289408,replaceByte
FNDA:5268,replaceWord
FNDA:2484,replaceLong
FNDA:381,reset
FNDA:0,dumpBytes
FNDA:3515309,logMessage
FNDA:24,logMessageOutline
DA:1,1
DA:2,1
DA:3,1
DA:4,1
DA:5,1
DA:6,1
DA:7,1
DA:8,1
DA:9,1
DA:10,1
DA:11,1
DA:12,1
DA:13,1
DA:14,1
DA:15,1
DA:16,1
DA:17,1
DA:18,1
DA:19,1
DA:20,1
DA:21,1
DA:22,1
DA:23,1
DA:24,1
DA:25,1
DA:26,1
DA:27,394
DA:28,394
DA:29,394
DA:30,394
DA:31,394
DA:32,394
DA:33,1
DA:34,1
DA:35,1
DA:36,110
DA:37,110
DA:38,110
DA:39,110
DA:40,110
DA:41,110
DA:42,110
DA:43,110
DA:44,110
DA:45,110
DA:46,110
DA:47,110
DA:48,110
DA:49,110
DA:50,1
DA:51,1
DA:52,5654400
DA:53,24
DA:54,24
DA:55,24
DA:56,24
DA:57,24
DA:58,24
DA:59,24
DA:60,24
DA:61,5654400
DA:62,0
DA:63,0
DA:64,0
DA:65,5654400
DA:66,1
DA:67,1
DA:68,348
DA:69,348
DA:70,348
DA:71,348
DA:72,1
DA:73,1
DA:74,1268
DA:75,1268
DA:76,1
DA:77,532
DA:78,532
DA:79,1
DA:80,1
DA:81,898
DA:82,898
DA:83,1
DA:84,1
DA:85,120668
DA:86,120668
DA:87,120668
DA:88,1
DA:89,1
DA:90,338
DA:91,338
DA:92,338
DA:93,1
DA:94,1
DA:95,238
DA:96,238
DA:97,1
DA:98,1
DA:99,164
DA:100,164
DA:101,397935
DA:102,397935
DA:103,164
DA:104,164
DA:105,164
DA:106,164
DA:107,164
DA:108,164
DA:109,1
DA:110,1
DA:111,30319
DA:112,30319
DA:113,30319
DA:114,30319
DA:115,30319
DA:116,30319
DA:117,30319
DA:118,1
DA:119,1
DA:120,0
DA:121,0
DA:122,0
DA:123,0
DA:124,0
DA:125,1
DA:126,1
DA:127,92150
DA:128,92150
DA:129,92150
DA:130,92150
DA:131,1
DA:132,1
DA:133,185633
DA:134,1333
DA:135,1333
DA:136,1333
DA:137,185633
DA:138,185633
DA:139,185633
DA:140,1
DA:141,1
DA:142,2469843
DA:143,2098577
DA:144,2098577
DA:145,2098577
DA:146,2469843
DA:147,2469843
DA:148,1
DA:149,1
DA:150,2469843
DA:151,2469843
DA:152,0
DA:153,0
DA:154,2469843
DA:155,2469843
DA:156,2469843
DA:157,2469843
DA:158,1
DA:159,1
DA:160,1661745
DA:161,1661745
DA:162,1661745
DA:163,1661745
DA:164,1661745
DA:165,1661745
DA:166,1661745
DA:167,1661745
DA:168,1
DA:169,1
DA:170,2469843
DA:171,1818649
DA:172,1818649
DA:173,2469843
DA:174,1
DA:175,1
DA:176,195140
DA:177,195140
DA:178,195140
DA:179,195140
DA:180,195140
DA:181,195140
DA:182,195140
DA:183,195140
DA:184,195140
DA:185,1
DA:186,1
DA:187,97435
DA:188,97435
DA:189,97435
DA:190,97435
DA:191,97435
DA:192,97435
DA:193,97435
DA:194,97435
DA:195,1
DA:196,1
DA:197,193
DA:198,193
DA:199,193
DA:200,193
DA:201,193
DA:202,193
DA:203,193
DA:204,193
DA:205,193
DA:206,193
DA:207,1
DA:208,1
DA:209,1289408
DA:210,1289408
DA:211,1289408
DA:212,1289408
DA:213,1289408
DA:214,1289408
DA:215,1289408
DA:216,0
DA:217,0
DA:218,1289408
DA:219,1
DA:220,1
DA:221,5268
DA:222,5268
DA:223,300
DA:224,300
DA:225,5268
DA:226,5268
DA:227,5268
DA:228,5268
DA:229,5268
DA:230,5268
DA:231,5268
DA:232,5268
DA:233,1
DA:234,1
DA:235,2484
DA:236,2484
DA:237,2484
DA:238,2484
DA:239,2484
DA:240,2484
DA:241,2484
DA:242,2484
DA:243,2484
DA:244,2484
DA:245,1
DA:246,1
DA:247,381
DA:248,381
DA:249,381
DA:250,381
DA:251,1
DA:252,1
DA:253,0
DA:254,0
DA:255,0
DA:256,0
DA:257,0
DA:258,0
DA:259,0
DA:260,0
DA:261,0
DA:262,0
DA:263,0
DA:264,0
DA:265,0
DA:266,0
DA:267,0
DA:268,0
DA:269,0
DA:270,0
DA:271,0
DA:272,0
DA:273,0
DA:274,0
DA:275,1
DA:276,1
DA:277,3515309
DA:278,0
DA:279,0
DA:280,3515309
DA:281,1
DA:282,1
DA:283,24
DA:284,0
DA:285,0
DA:286,24
DA:287,1
LF:287
LH:249
BRDA:26,0,0,394
BRDA:35,1,0,110
BRDA:51,2,0,5654400
BRDA:52,3,0,24
BRDA:52,4,0,24
BRDA:55,5,0,0
BRDA:61,6,0,5654376
BRDA:61,7,0,0
BRDA:67,8,0,348
BRDA:73,9,0,1268
BRDA:76,10,0,532
BRDA:80,11,0,898
BRDA:84,12,0,120668
BRDA:89,13,0,338
BRDA:94,14,0,238
BRDA:98,15,0,164
BRDA:100,16,0,397935
BRDA:110,17,0,30319
BRDA:126,18,0,92150
BRDA:132,19,0,185633
BRDA:133,20,0,1333
BRDA:141,21,0,2469843
BRDA:142,22,0,2098577
BRDA:149,23,0,2469843
BRDA:151,24,0,0
BRDA:159,25,0,1661745
BRDA:169,26,0,2469843
BRDA:170,27,0,1818649
BRDA:175,28,0,195140
BRDA:186,29,0,97435
BRDA:196,30,0,193
BRDA:208,31,0,1289408
BRDA:215,32,0,0
BRDA:220,33,0,5268
BRDA:222,34,0,300
BRDA:234,35,0,2484
BRDA:246,36,0,381
BRDA:276,37,0,3515309
BRDA:277,38,0,0
BRDA:282,39,0,24
BRDA:283,40,0,0
BRF:41
BRH:35
end_of_record
TN:
SF:src/classes/objectStructureRecord.ts
FN:29,ObjectStructureRecord
FN:36,get length
FN:40,get memoryLength
FN:44,nextLong
FN:51,nextWord
FN:58,nextByte
FN:69,peekByte
FN:81,peekWord
FN:88,skipToName
FN:102,recordWithinStructureRecord
FN:119,readString
FN:131,readLong
FN:138,readWord
FN:145,readByte
FN:156,logMessage
FN:162,dumpBytes
FNF:16
FNH:13
FNDA:4146,ObjectStructureRecord
FNDA:0,get length
FNDA:2200,get memoryLength
FNDA:3730,nextLong
FNDA:10332,nextWord
FNDA:24588,nextByte
FNDA:0,peekByte
FNDA:294,peekWord
FNDA:1510,skipToName
FNDA:294,recordWithinStructureRecord
FNDA:1510,readString
FNDA:2200,readLong
FNDA:4400,readWord
FNDA:9388,readByte
FNDA:1510,logMessage
FNDA:0,dumpBytes
DA:1,1
DA:2,1
DA:3,1
DA:4,1
DA:5,1
DA:6,1
DA:7,1
DA:8,1
DA:9,1
DA:10,1
DA:11,1
DA:12,1
DA:13,1
DA:14,1
DA:15,1
DA:16,1
DA:17,1
DA:18,1
DA:19,1
DA:20,1
DA:21,1
DA:22,1
DA:23,1
DA:24,1
DA:25,1
DA:26,1
DA:27,1
DA:28,1
DA:29,1
DA:30,4146
DA:31,4146
DA:32,4146
DA:33,4146
DA:34,4146
DA:35,1
DA:36,1
DA:37,0
DA:38,0
DA:39,1
DA:40,1
DA:41,2200
DA:42,2200
DA:43,1
DA:44,1
DA:45,3730
DA:46,3730
DA:47,3730
DA:48,3730
DA:49,3730
DA:50,1
DA:51,1
DA:52,10332
DA:53,10332
DA:54,10332
DA:55,10332
DA:56,10332
DA:57,1
DA:58,1
DA:59,24588
DA:60,24588
DA:61,24588
DA:62,24588
DA:63,0
DA:64,0
DA:65,0
DA:66,24588
DA:67,24588
DA:68,1
DA:69,1
DA:70,0
DA:71,0
DA:72,0
DA:73,0
DA:74,0
DA:75,0
DA:76,0
DA:77,0
DA:78,0
DA:79,0
DA:80,1
DA:81,1
DA:82,294
DA:83,294
DA:84,294
DA:85,294
DA:86,294
DA:87,1
DA:88,1
DA:89,1510
DA:90,1510
DA:91,1510
DA:92,1510
DA:93,1510
DA:94,652
DA:95,652
DA:96,652
DA:97,652
DA:98,652
DA:99,1510
DA:100,1510
DA:101,1
DA:102,1
DA:103,294
DA:104,294
DA:105,294
DA:106,294
DA:107,294
DA:108,0
DA:109,0
DA:110,0
DA:111,294
DA:112,294
DA:113,294
DA:114,294
DA:115,294
DA:116,294
DA:117,294
DA:118,1
DA:119,1
DA:120,1510
DA:121,1510
DA:122,1510
DA:123,1510
DA:124,1510
DA:125,1510
DA:126,1510
DA:127,1510
DA:128,1510
DA:129,1510
DA:130,1
DA:131,1
DA:132,2200
DA:133,2200
DA:134,2200
DA:135,2200
DA:136,2200
DA:137,1
DA:138,1
DA:139,4400
DA:140,4400
DA:141,4400
DA:142,4400
DA:143,4400
DA:144,1
DA:145,1
DA:146,9388
DA:147,9388
DA:148,9388
DA:149,9388
DA:150,0
DA:151,0
DA:152,0
DA:153,9388
DA:154,9388
DA:155,1
DA:156,1
DA:157,1510
DA:158,0
DA:159,0
DA:160,1510
DA:161,1
DA:162,1
DA:163,0
DA:164,0
DA:165,0
DA:166,0
DA:167,0
DA:168,0
DA:169,0
DA:170,0
DA:171,0
DA:172,0
DA:173,0
DA:174,0
DA:175,0
DA:176,0
DA:177,0
DA:178,0
DA:179,0
DA:180,0
DA:181,0
DA:182,0
DA:183,0
DA:184,0
DA:185,1
LF:185
LH:140
BRDA:29,0,0,4146
BRDA:40,1,0,2200
BRDA:44,2,0,3730
BRDA:51,3,0,10332
BRDA:58,4,0,24588
BRDA:62,5,0,0
BRDA:81,6,0,294
BRDA:88,7,0,1510
BRDA:93,8,0,652
BRDA:102,9,0,294
BRDA:107,10,0,0
BRDA:119,11,0,1510
BRDA:131,12,0,2200
BRDA:138,13,0,4400
BRDA:145,14,0,9388
BRDA:149,15,0,0
BRDA:156,16,0,1510
BRDA:157,17,0,0
BRF:18
BRH:14
end_of_record
TN:
SF:src/classes/objectStructures.ts
FN:67,ObjectStructures
FN:75,ensureCapacity
FN:88,Object.<anonymous>
FN:92,get length
FN:96,get haveMaxStructures
FN:100,setOffset
FN:104,readNext
FN:111,getStructureSizeForID
FN:121,getStructureRecord
FN:127,readRecord
FN:147,beginRecord
FN:160,endRecord
FN:173,beginMemberRecord
FN:179,endMemberRecord
FN:186,enterSymbolName
FN:199,readLongAt
FN:208,enterAssignedStructure
FN:222,enterStructureAsNew
FN:236,recordStructElementName
FN:245,recordStructWithinStruct
FN:258,recordStructElement
FN:267,finalizeStructElement
FN:288,enterLong
FN:296,enterWord
FN:301,enterByte
FN:309,read
FN:321,reset
FN:329,replaceLong
FN:336,replaceWord
FN:341,replaceByte
FN:351,logMessage
FN:357,logMessageOutline
FNF:32
FNH:25
FNDA:116,ObjectStructures
FNDA:1016,ensureCapacity
FNDA:0,Object.<anonymous>
FNDA:0,get length
FNDA:21,get haveMaxStructures
FNDA:0,setOffset
FNDA:0,readNext
FNDA:358,getStructureSizeForID
FNDA:1926,getStructureRecord
FNDA:2318,readRecord
FNDA:18,beginRecord
FNDA:18,endRecord
FNDA:39,beginMemberRecord
FNDA:39,endMemberRecord
FNDA:0,enterSymbolName
FNDA:372,readLongAt
FNDA:1,enterAssignedStructure
FNDA:2,enterStructureAsNew
FNDA:39,recordStructElementName
FNDA:14,recordStructWithinStruct
FNDA:25,recordStructElement
FNDA:39,finalizeStructElement
FNDA:57,enterLong
FNDA:18,enterWord
FNDA:1016,enterByte
FNDA:0,read
FNDA:381,reset
FNDA:18,replaceLong
FNDA:18,replaceWord
FNDA:108,replaceByte
FNDA:8638,logMessage
FNDA:0,logMessageOutline
DA:1,1
DA:2,1
DA:3,1
DA:4,1
DA:5,1
DA:6,1
DA:7,1
DA:8,1
DA:9,1
DA:10,1
DA:11,1
DA:12,1
DA:13,1
DA:14,1
DA:15,1
DA:16,1
DA:17,1
DA:18,1
DA:19,1
DA:20,1
DA:21,1
DA:22,1
DA:23,1
DA:24,1
DA:25,1
DA:26,1
DA:27,1
DA:28,1
DA:29,1
DA:30,1
DA:31,1
DA:32,1
DA:33,1
DA:34,1
DA:35,1
DA:36,1
DA:37,3
DA:38,3
DA:39,3
DA:40,3
DA:41,3
DA:42,3
DA:43,3
DA:44,1
DA:45,1
DA:46,1
DA:47,1
DA:48,1
DA:49,1
DA:50,1
DA:51,1
DA:52,1
DA:53,1
DA:54,1
DA:55,1
DA:56,1
DA:57,1
DA:58,1
DA:59,1
DA:60,1
DA:61,1
DA:62,1
DA:63,1
DA:64,1
DA:65,1
DA:66,1
DA:67,1
DA:68,116
DA:69,116
DA:70,116
DA:71,116
DA:72,116
DA:73,116
DA:74,1
DA:75,1
DA:76,1016
DA:77,0
DA:78,0
DA:79,0
DA:80,0
DA:81,0
DA:82,0
DA:83,0
DA:84,0
DA:85,0
DA:86,1016
DA:87,1
DA:88,1
DA:89,0
DA:90,0
DA:91,1
DA:92,1
DA:93,0
DA:94,0
DA:95,1
DA:96,1
DA:97,21
DA:98,21
DA:99,1
DA:100,1
DA:101,0
DA:102,0
DA:103,1
DA:104,1
DA:105,0
DA:106,0
DA:107,0
DA:108,0
DA:109,0
DA:110,1
DA:111,1
DA:112,358
DA:113,358
DA:114,358
DA:115,358
DA:116,358
DA:117,358
DA:118,358
DA:119,358
DA:120,1
DA:121,1
DA:122,1926
DA:123,1926
DA:124,1926
DA:125,1926
DA:126,1
DA:127,1
DA:128,2318
DA:129,2318
DA:130,2318
DA:131,2318
DA:132,2318
DA:133,2318
DA:134,2318
DA:135,2318
DA:136,2318
DA:137,2318
DA:138,2318
DA:139,2318
DA:140,0
DA:141,0
DA:142,0
DA:143,2318
DA:144,2318
DA:145,2318
DA:146,1
DA:147,1
DA:148,18
DA:149,18
DA:150,18
DA:151,18
DA:152,18
DA:153,18
DA:154,18
DA:155,18
DA:156,18
DA:157,18
DA:158,18
DA:159,1
DA:160,1
DA:161,18
DA:162,18
DA:163,18
DA:164,18
DA:165,18
DA:166,18
DA:167,18
DA:168,18
DA:169,18
DA:170,18
DA:171,18
DA:172,1
DA:173,1
DA:174,39
DA:175,39
DA:176,39
DA:177,39
DA:178,1
DA:179,1
DA:180,39
DA:181,39
DA:182,39
DA:183,39
DA:184,39
DA:185,1
DA:186,1
DA:187,0
DA:188,0
DA:189,0
DA:190,0
DA:191,0
DA:192,0
DA:193,0
DA:194,0
DA:195,0
DA:196,0
DA:197,0
DA:198,1
DA:199,1
DA:200,372
DA:201,372
DA:202,372
DA:203,372
DA:204,372
DA:205,372
DA:206,372
DA:207,1
DA:208,1
DA:209,1
DA:210,1
DA:211,1
DA:212,1
DA:213,1
DA:214,22
DA:215,22
DA:216,1
DA:217,1
DA:218,1
DA:219,1
DA:220,1
DA:221,1
DA:222,1
DA:223,2
DA:224,2
DA:225,2
DA:226,2
DA:227,2
DA:228,36
DA:229,36
DA:230,2
DA:231,2
DA:232,2
DA:233,2
DA:234,2
DA:235,1
DA:236,1
DA:237,39
DA:238,39
DA:239,39
DA:240,39
DA:241,106
DA:242,106
DA:243,39
DA:244,1
DA:245,1
DA:246,14
DA:247,14
DA:248,14
DA:249,14
DA:250,14
DA:251,14
DA:252,14
DA:253,14
DA:254,471
DA:255,471
DA:256,14
DA:257,1
DA:258,1
DA:259,25
DA:260,25
DA:261,25
DA:262,25
DA:263,25
DA:264,25
DA:265,25
DA:266,1
DA:267,1
DA:268,39
DA:269,39
DA:270,39
DA:271,0
DA:272,0
DA:273,0
DA:274,39
DA:275,39
DA:276,39
DA:277,0
DA:278,0
DA:279,0
DA:280,39
DA:281,39
DA:282,0
DA:283,0
DA:284,0
DA:285,39
DA:286,39
DA:287,1
DA:288,1
DA:289,57
DA:290,57
DA:291,57
DA:292,57
DA:293,57
DA:294,57
DA:295,1
DA:296,1
DA:297,18
DA:298,18
DA:299,18
DA:300,1
DA:301,1
DA:302,1016
DA:303,1016
DA:304,1016
DA:305,1016
DA:306,1016
DA:307,1016
DA:308,1
DA:309,1
DA:310,0
DA:311,0
DA:312,0
DA:313,0
DA:314,0
DA:315,0
DA:316,0
DA:317,0
DA:318,0
DA:319,0
DA:320,1
DA:321,1
DA:322,381
DA:323,381
DA:324,381
DA:325,381
DA:326,381
DA:327,381
DA:328,1
DA:329,1
DA:330,18
DA:331,18
DA:332,18
DA:333,18
DA:334,18
DA:335,1
DA:336,1
DA:337,18
DA:338,18
DA:339,18
DA:340,1
DA:341,1
DA:342,108
DA:343,108
DA:344,108
DA:345,108
DA:346,0
DA:347,0
DA:348,0
DA:349,108
DA:350,1
DA:351,1
DA:352,8638
DA:353,0
DA:354,0
DA:355,8638
DA:356,1
DA:357,1
DA:358,0
DA:359,0
DA:360,0
DA:361,0
DA:362,1
LF:362
LH:300
BRDA:37,0,0,3
BRDA:67,1,0,116
BRDA:75,2,0,1016
BRDA:76,3,0,0
BRDA:76,4,0,0
BRDA:96,5,0,21
BRDA:97,6,0,0
BRDA:111,7,0,358
BRDA:121,8,0,1926
BRDA:127,9,0,2318
BRDA:139,10,0,0
BRDA:147,11,0,18
BRDA:160,12,0,18
BRDA:173,13,0,39
BRDA:179,14,0,39
BRDA:199,15,0,372
BRDA:208,16,0,1
BRDA:213,17,0,22
BRDA:222,18,0,2
BRDA:227,19,0,36
BRDA:236,20,0,39
BRDA:240,21,0,106
BRDA:245,22,0,14
BRDA:253,23,0,471
BRDA:258,24,0,25
BRDA:267,25,0,39
BRDA:270,26,0,7
BRDA:270,27,0,0
BRDA:276,28,0,0
BRDA:281,29,0,0
BRDA:288,30,0,57
BRDA:296,31,0,18
BRDA:301,32,0,1016
BRDA:321,33,0,381
BRDA:329,34,0,18
BRDA:336,35,0,18
BRDA:341,36,0,108
BRDA:345,37,0,0
BRDA:351,38,0,8638
BRDA:352,39,0,0
BRF:40
BRH:31
end_of_record
TN:
SF:src/classes/objectSymbols.ts
FN:70,ObjectSymbols
FN:77,ensureCapacity
FN:93,Object.<anonymous>
FN:97,get length
FN:101,setReadOffset
FN:105,readNext
FN:112,writeSymbolName
FN:121,writePubMethod
FN:131,writePubConstant
FN:140,writePubStructure
FN:151,writeLong
FN:159,writeByte
FN:166,read
FN:175,reset
FN:182,logMessage
FN:188,logMessageOutline
FNF:16
FNH:14
FNDA:116,ObjectSymbols
FNDA:101916,ensureCapacity
FNDA:0,Object.<anonymous>
FNDA:36175,get length
FNDA:164,setReadOffset
FNDA:35847,readNext
FNDA:6977,writeSymbolName
FNDA:246,writePubMethod
FNDA:6712,writePubConstant
FNDA:19,writePubStructure
FNDA:6712,writeLong
FNDA:101916,writeByte
FNDA:0,read
FNDA:381,reset
FNDA:145121,logMessage
FNDA:9,logMessageOutline
DA:1,1
DA:2,1
DA:3,1
DA:4,1
DA:5,1
DA:6,1
DA:7,1
DA:8,1
DA:9,1
DA:10,1
DA:11,1
DA:12,1
DA:13,1
DA:14,1
DA:15,1
DA:16,1
DA:17,1
DA:18,1
DA:19,1
DA:20,1
DA:21,1
DA:22,1
DA:23,1
DA:24,1
DA:25,1
DA:26,1
DA:27,1
DA:28,1
DA:29,1
DA:30,1
DA:31,1
DA:32,1
DA:33,1
DA:34,1
DA:35,1
DA:36,1
DA:37,1
DA:38,1
DA:39,1
DA:40,1
DA:41,1
DA:42,1
DA:43,1
DA:44,1
DA:45,1
DA:46,1
DA:47,1
DA:48,1
DA:49,1
DA:50,1
DA:51,1
DA:52,1
DA:53,1
DA:54,1
DA:55,1
DA:56,1
DA:57,1
DA:58,1
DA:59,1
DA:60,1
DA:61,1
DA:62,1
DA:63,1
DA:64,1
DA:65,1
DA:66,1
DA:67,1
DA:68,1
DA:69,1
DA:70,1
DA:71,116
DA:72,116
DA:73,116
DA:74,116
DA:75,116
DA:76,1
DA:77,1
DA:78,101916
DA:79,9
DA:80,9
DA:81,9
DA:82,9
DA:83,9
DA:84,9
DA:85,9
DA:86,9
DA:87,101916
DA:88,0
DA:89,0
DA:90,0
DA:91,101916
DA:92,1
DA:93,1
DA:94,0
DA:95,0
DA:96,1
DA:97,1
DA:98,36175
DA:99,36175
DA:100,1
DA:101,1
DA:102,164
DA:103,164
DA:104,1
DA:105,1
DA:106,35847
DA:107,35847
DA:108,35847
DA:109,35847
DA:110,35847
DA:111,1
DA:112,1
DA:113,6977
DA:114,6977
DA:115,66619
DA:116,66619
DA:117,66619
DA:118,6977
DA:119,6977
DA:120,1
DA:121,1
DA:122,246
DA:123,246
DA:124,246
DA:125,246
DA:126,246
DA:127,246
DA:128,246
DA:129,246
DA:130,1
DA:131,1
DA:132,6712
DA:133,6712
DA:134,6712
DA:135,6712
DA:136,6712
DA:137,6712
DA:138,6712
DA:139,1
DA:140,1
DA:141,19
DA:142,19
DA:143,19
DA:144,19
DA:145,19
DA:146,19
DA:147,980
DA:148,980
DA:149,19
DA:150,1
DA:151,1
DA:152,6712
DA:153,6712
DA:154,6712
DA:155,6712
DA:156,6712
DA:157,6712
DA:158,1
DA:159,1
DA:160,101916
DA:161,101916
DA:162,101916
DA:163,101916
DA:164,101916
DA:165,1
DA:166,1
DA:167,0
DA:168,0
DA:169,0
DA:170,0
DA:171,0
DA:172,0
DA:173,0
DA:174,1
DA:175,1
DA:176,381
DA:177,381
DA:178,381
DA:179,381
DA:180,381
DA:181,1
DA:182,1
DA:183,145121
DA:184,0
DA:185,0
DA:186,145121
DA:187,1
DA:188,1
DA:189,9
DA:190,0
DA:191,0
DA:192,9
DA:193,1
LF:193
LH:177
BRDA:70,0,0,116
BRDA:77,1,0,101916
BRDA:78,2,0,9
BRDA:78,3,0,9
BRDA:81,4,0,0
BRDA:87,5,0,101907
BRDA:87,6,0,0
BRDA:97,7,0,36175
BRDA:101,8,0,164
BRDA:105,9,0,35847
BRDA:112,10,0,6977
BRDA:114,11,0,66619
BRDA:121,12,0,246
BRDA:131,13,0,6712
BRDA:134,14,0,99
BRDA:134,15,0,6613
BRDA:140,16,0,19
BRDA:146,17,0,980
BRDA:151,18,0,6712
BRDA:159,19,0,101916
BRDA:175,20,0,381
BRDA:182,21,0,145121
BRDA:183,22,0,0
BRDA:188,23,0,9
BRDA:189,24,0,0
BRF:25
BRH:21
end_of_record
TN:
SF:src/classes/parseUtils.ts
FN:1007,setAsmcodeValue
FN:1016,setFlexcodeValue
FN:1028,setOpcodeValue
FN:1078,SpinSymbolTables
FN:2893,getFlexcodeFromBytecode
FN:2910,dumpFlexCodeMap
FN:2922,enableLogging
FN:2927,logMessage
FN:2933,setLangaugeVersion
FN:2938,builtInSymbol
FN:3027,operatorSymbol
FN:3048,regressionInternalTableValuePairString
FN:3104,addPairsToResultStrings
FN:3112,addStringArPairsToResultStrings
FN:3119,regressionAcValuePairStrings
FN:3137,regressionFcValuePairStrings
FN:3155,regressionOpValuePairStrings
FN:3172,regressionFilterAndGetValue
FN:3203,regressionString
FN:3208,opcodeValue
FN:3221,asmcodeValue
FN:3233,flexValue
FNF:22
FNH:13
FNDA:124932,setAsmcodeValue
FNDA:25752,setFlexcodeValue
FNDA:26100,setOpcodeValue
FNDA:348,SpinSymbolTables
FNDA:508,getFlexcodeFromBytecode
FNDA:0,dumpFlexCodeMap
FNDA:116,enableLogging
FNDA:142389,logMessage
FNDA:381,setLangaugeVersion
FNDA:27959,builtInSymbol
FNDA:28565,operatorSymbol
FNDA:0,regressionInternalTableValuePairString
FNDA:0,addPairsToResultStrings
FNDA:0,addStringArPairsToResultStrings
FNDA:0,regressionAcValuePairStrings
FNDA:0,regressionFcValuePairStrings
FNDA:0,regressionOpValuePairStrings
FNDA:0,regressionFilterAndGetValue
FNDA:0,regressionString
FNDA:25525,opcodeValue
FNDA:112540,asmcodeValue
FNDA:26961,flexValue
DA:1,1
DA:2,1
DA:3,1
DA:4,1
DA:5,1
DA:6,1
DA:7,1
DA:8,1
DA:9,1
DA:10,1
DA:11,1
DA:12,1
DA:13,1
DA:14,1
DA:15,1
DA:16,1
DA:17,1
DA:18,1
DA:19,1
DA:20,1
DA:21,1
DA:22,1
DA:23,3
DA:24,3
DA:25,3
DA:26,3
DA:27,3
DA:28,3
DA:29,3
DA:30,3
DA:31,3
DA:32,3
DA:33,3
DA:34,3
DA:35,3
DA:36,3
DA:37,3
DA:38,3
DA:39,3
DA:40,3
DA:41,3
DA:42,3
DA:43,3
DA:44,3
DA:45,3
DA:46,3
DA:47,3
DA:48,3
DA:49,3
DA:50,3
DA:51,3
DA:52,3
DA:53,3
DA:54,3
DA:55,3
DA:56,3
DA:57,3
DA:58,3
DA:59,3
DA:60,3
DA:61,3
DA:62,3
DA:63,3
DA:64,3
DA:65,3
DA:66,3
DA:67,3
DA:68,3
DA:69,3
DA:70,3
DA:71,3
DA:72,3
DA:73,3
DA:74,3
DA:75,3
DA:76,3
DA:77,3
DA:78,3
DA:79,3
DA:80,3
DA:81,3
DA:82,3
DA:83,3
DA:84,3
DA:85,3
DA:86,3
DA:87,3
DA:88,3
DA:89,3
DA:90,3
DA:91,3
DA:92,3
DA:93,3
DA:94,3
DA:95,3
DA:96,3
DA:97,3
DA:98,3
DA:99,3
DA:100,3
DA:101,3
DA:102,3
DA:103,3
DA:104,3
DA:105,3
DA:106,3
DA:107,3
DA:108,3
DA:109,3
DA:110,3
DA:111,3
DA:112,3
DA:113,3
DA:114,3
DA:115,3
DA:116,3
DA:117,3
DA:118,3
DA:119,3
DA:120,3
DA:121,3
DA:122,3
DA:123,3
DA:124,3
DA:125,3
DA:126,3
DA:127,3
DA:128,3
DA:129,3
DA:130,3
DA:131,3
DA:132,3
DA:133,3
DA:134,3
DA:135,3
DA:136,3
DA:137,3
DA:138,3
DA:139,3
DA:140,3
DA:141,3
DA:142,3
DA:143,3
DA:144,3
DA:145,3
DA:146,3
DA:147,3
DA:148,3
DA:149,3
DA:150,3
DA:151,3
DA:152,3
DA:153,3
DA:154,3
DA:155,3
DA:156,3
DA:157,3
DA:158,3
DA:159,3
DA:160,3
DA:161,3
DA:162,3
DA:163,3
DA:164,3
DA:165,3
DA:166,3
DA:167,3
DA:168,3
DA:169,3
DA:170,3
DA:171,3
DA:172,3
DA:173,3
DA:174,3
DA:175,3
DA:176,3
DA:177,3
DA:178,3
DA:179,3
DA:180,3
DA:181,3
DA:182,3
DA:183,3
DA:184,3
DA:185,3
DA:186,3
DA:187,3
DA:188,3
DA:189,3
DA:190,3
DA:191,3
DA:192,3
DA:193,3
DA:194,3
DA:195,3
DA:196,3
DA:197,3
DA:198,3
DA:199,3
DA:200,3
DA:201,3
DA:202,3
DA:203,3
DA:204,3
DA:205,3
DA:206,3
DA:207,3
DA:208,3
DA:209,3
DA:210,3
DA:211,3
DA:212,3
DA:213,3
DA:214,3
DA:215,3
DA:216,3
DA:217,3
DA:218,3
DA:219,3
DA:220,3
DA:221,3
DA:222,3
DA:223,3
DA:224,3
DA:225,3
DA:226,3
DA:227,3
DA:228,3
DA:229,3
DA:230,3
DA:231,3
DA:232,3
DA:233,3
DA:234,3
DA:235,3
DA:236,3
DA:237,3
DA:238,3
DA:239,3
DA:240,3
DA:241,3
DA:242,3
DA:243,3
DA:244,3
DA:245,3
DA:246,3
DA:247,3
DA:248,3
DA:249,3
DA:250,3
DA:251,3
DA:252,3
DA:253,3
DA:254,3
DA:255,3
DA:256,3
DA:257,3
DA:258,3
DA:259,3
DA:260,3
DA:261,3
DA:262,3
DA:263,3
DA:264,3
DA:265,3
DA:266,3
DA:267,3
DA:268,3
DA:269,3
DA:270,3
DA:271,3
DA:272,3
DA:273,3
DA:274,3
DA:275,3
DA:276,3
DA:277,3
DA:278,3
DA:279,3
DA:280,3
DA:281,3
DA:282,3
DA:283,3
DA:284,3
DA:285,3
DA:286,3
DA:287,3
DA:288,3
DA:289,3
DA:290,3
DA:291,3
DA:292,3
DA:293,3
DA:294,3
DA:295,3
DA:296,3
DA:297,3
DA:298,3
DA:299,3
DA:300,3
DA:301,3
DA:302,3
DA:303,3
DA:304,3
DA:305,3
DA:306,3
DA:307,3
DA:308,3
DA:309,3
DA:310,3
DA:311,3
DA:312,3
DA:313,3
DA:314,3
DA:315,3
DA:316,3
DA:317,3
DA:318,3
DA:319,3
DA:320,3
DA:321,3
DA:322,3
DA:323,3
DA:324,3
DA:325,3
DA:326,3
DA:327,3
DA:328,3
DA:329,3
DA:330,3
DA:331,3
DA:332,3
DA:333,3
DA:334,3
DA:335,3
DA:336,3
DA:337,3
DA:338,3
DA:339,3
DA:340,3
DA:341,3
DA:342,3
DA:343,3
DA:344,3
DA:345,3
DA:346,3
DA:347,3
DA:348,3
DA:349,3
DA:350,3
DA:351,3
DA:352,3
DA:353,3
DA:354,3
DA:355,3
DA:356,3
DA:357,3
DA:358,3
DA:359,3
DA:360,3
DA:361,3
DA:362,3
DA:363,3
DA:364,3
DA:365,3
DA:366,3
DA:367,3
DA:368,3
DA:369,3
DA:370,3
DA:371,3
DA:372,3
DA:373,3
DA:374,3
DA:375,3
DA:376,3
DA:377,3
DA:378,3
DA:379,3
DA:380,3
DA:381,3
DA:382,3
DA:383,3
DA:384,3
DA:385,3
DA:386,3
DA:387,3
DA:388,3
DA:389,3
DA:390,3
DA:391,3
DA:392,3
DA:393,3
DA:394,3
DA:395,3
DA:396,3
DA:397,3
DA:398,3
DA:399,3
DA:400,3
DA:401,3
DA:402,3
DA:403,3
DA:404,3
DA:405,3
DA:406,3
DA:407,3
DA:408,3
DA:409,3
DA:410,3
DA:411,3
DA:412,3
DA:413,3
DA:414,3
DA:415,3
DA:416,3
DA:417,3
DA:418,3
DA:419,3
DA:420,3
DA:421,3
DA:422,3
DA:423,3
DA:424,3
DA:425,3
DA:426,3
DA:427,3
DA:428,3
DA:429,3
DA:430,3
DA:431,3
DA:432,3
DA:433,3
DA:434,3
DA:435,3
DA:436,3
DA:437,3
DA:438,3
DA:439,3
DA:440,3
DA:441,3
DA:442,3
DA:443,3
DA:444,3
DA:445,3
DA:446,3
DA:447,3
DA:448,3
DA:449,3
DA:450,3
DA:451,3
DA:452,3
DA:453,3
DA:454,3
DA:455,3
DA:456,3
DA:457,3
DA:458,3
DA:459,3
DA:460,3
DA:461,3
DA:462,3
DA:463,3
DA:464,3
DA:465,3
DA:466,3
DA:467,3
DA:468,3
DA:469,3
DA:470,3
DA:471,3
DA:472,3
DA:473,3
DA:474,3
DA:475,3
DA:476,3
DA:477,3
DA:478,3
DA:479,3
DA:480,3
DA:481,3
DA:482,3
DA:483,3
DA:484,3
DA:485,3
DA:486,3
DA:487,3
DA:488,3
DA:489,3
DA:490,3
DA:491,3
DA:492,3
DA:493,3
DA:494,3
DA:495,3
DA:496,3
DA:497,3
DA:498,3
DA:499,3
DA:500,3
DA:501,3
DA:502,3
DA:503,3
DA:504,3
DA:505,3
DA:506,3
DA:507,3
DA:508,3
DA:509,3
DA:510,3
DA:511,3
DA:512,3
DA:513,3
DA:514,3
DA:515,3
DA:516,3
DA:517,3
DA:518,3
DA:519,3
DA:520,3
DA:521,3
DA:522,3
DA:523,3
DA:524,3
DA:525,3
DA:526,3
DA:527,3
DA:528,3
DA:529,3
DA:530,3
DA:531,3
DA:532,3
DA:533,3
DA:534,3
DA:535,3
DA:536,3
DA:537,3
DA:538,3
DA:539,3
DA:540,3
DA:541,3
DA:542,3
DA:543,3
DA:544,3
DA:545,3
DA:546,3
DA:547,3
DA:548,3
DA:549,3
DA:550,3
DA:551,3
DA:552,3
DA:553,3
DA:554,3
DA:555,3
DA:556,3
DA:557,3
DA:558,3
DA:559,3
DA:560,3
DA:561,3
DA:562,3
DA:563,3
DA:564,3
DA:565,3
DA:566,3
DA:567,3
DA:568,3
DA:569,3
DA:570,3
DA:571,3
DA:572,3
DA:573,3
DA:574,3
DA:575,3
DA:576,3
DA:577,3
DA:578,3
DA:579,3
DA:580,3
DA:581,3
DA:582,3
DA:583,3
DA:584,3
DA:585,3
DA:586,3
DA:587,3
DA:588,3
DA:589,3
DA:590,3
DA:591,3
DA:592,3
DA:593,3
DA:594,3
DA:595,3
DA:596,3
DA:597,3
DA:598,3
DA:599,3
DA:600,3
DA:601,3
DA:602,3
DA:603,3
DA:604,3
DA:605,3
DA:606,3
DA:607,3
DA:608,3
DA:609,3
DA:610,3
DA:611,3
DA:612,3
DA:613,3
DA:614,3
DA:615,3
DA:616,3
DA:617,3
DA:618,3
DA:619,3
DA:620,3
DA:621,3
DA:622,3
DA:623,3
DA:624,3
DA:625,3
DA:626,3
DA:627,3
DA:628,3
DA:629,3
DA:630,3
DA:631,3
DA:632,3
DA:633,3
DA:634,3
DA:635,3
DA:636,3
DA:637,3
DA:638,3
DA:639,3
DA:640,3
DA:641,3
DA:642,3
DA:643,3
DA:644,3
DA:645,3
DA:646,3
DA:647,3
DA:648,3
DA:649,3
DA:650,3
DA:651,3
DA:652,3
DA:653,3
DA:654,3
DA:655,3
DA:656,3
DA:657,3
DA:658,3
DA:659,3
DA:660,3
DA:661,3
DA:662,3
DA:663,3
DA:664,3
DA:665,3
DA:666,3
DA:667,3
DA:668,3
DA:669,3
DA:670,3
DA:671,3
DA:672,3
DA:673,3
DA:674,3
DA:675,3
DA:676,3
DA:677,3
DA:678,3
DA:679,3
DA:680,3
DA:681,3
DA:682,3
DA:683,3
DA:684,3
DA:685,3
DA:686,3
DA:687,3
DA:688,3
DA:689,3
DA:690,3
DA:691,3
DA:692,3
DA:693,3
DA:694,3
DA:695,3
DA:696,3
DA:697,3
DA:698,3
DA:699,3
DA:700,3
DA:701,3
DA:702,3
DA:703,3
DA:704,3
DA:705,3
DA:706,3
DA:707,3
DA:708,3
DA:709,3
DA:710,3
DA:711,3
DA:712,3
DA:713,3
DA:714,3
DA:715,3
DA:716,3
DA:717,3
DA:718,3
DA:719,3
DA:720,3
DA:721,3
DA:722,3
DA:723,3
DA:724,3
DA:725,3
DA:726,3
DA:727,3
DA:728,3
DA:729,3
DA:730,3
DA:731,3
DA:732,3
DA:733,3
DA:734,3
DA:735,3
DA:736,3
DA:737,3
DA:738,3
DA:739,3
DA:740,3
DA:741,3
DA:742,3
DA:743,3
DA:744,3
DA:745,3
DA:746,3
DA:747,3
DA:748,3
DA:749,3
DA:750,3
DA:751,3
DA:752,3
DA:753,3
DA:754,3
DA:755,3
DA:756,3
DA:757,3
DA:758,3
DA:759,3
DA:760,3
DA:761,3
DA:762,3
DA:763,3
DA:764,3
DA:765,3
DA:766,3
DA:767,3
DA:768,3
DA:769,3
DA:770,3
DA:771,3
DA:772,3
DA:773,3
DA:774,3
DA:775,3
DA:776,3
DA:777,3
DA:778,3
DA:779,3
DA:780,3
DA:781,3
DA:782,3
DA:783,3
DA:784,3
DA:785,3
DA:786,3
DA:787,3
DA:788,3
DA:789,3
DA:790,3
DA:791,3
DA:792,3
DA:793,3
DA:794,3
DA:795,3
DA:796,3
DA:797,3
DA:798,3
DA:799,3
DA:800,3
DA:801,3
DA:802,3
DA:803,3
DA:804,3
DA:805,3
DA:806,3
DA:807,3
DA:808,3
DA:809,3
DA:810,3
DA:811,3
DA:812,3
DA:813,3
DA:814,3
DA:815,3
DA:816,3
DA:817,3
DA:818,3
DA:819,3
DA:820,3
DA:821,3
DA:822,3
DA:823,3
DA:824,3
DA:825,3
DA:826,3
DA:827,3
DA:828,3
DA:829,3
DA:830,3
DA:831,3
DA:832,3
DA:833,3
DA:834,3
DA:835,3
DA:836,3
DA:837,3
DA:838,3
DA:839,3
DA:840,3
DA:841,3
DA:842,3
DA:843,3
DA:844,3
DA:845,3
DA:846,3
DA:847,3
DA:848,3
DA:849,3
DA:850,3
DA:851,3
DA:852,3
DA:853,3
DA:854,3
DA:855,3
DA:856,3
DA:857,3
DA:858,3
DA:859,3
DA:860,3
DA:861,3
DA:862,3
DA:863,3
DA:864,3
DA:865,3
DA:866,3
DA:867,3
DA:868,3
DA:869,3
DA:870,3
DA:871,3
DA:872,3
DA:873,3
DA:874,3
DA:875,3
DA:876,3
DA:877,3
DA:878,3
DA:879,3
DA:880,3
DA:881,3
DA:882,3
DA:883,3
DA:884,3
DA:885,3
DA:886,3
DA:887,3
DA:888,3
DA:889,3
DA:890,3
DA:891,3
DA:892,3
DA:893,3
DA:894,3
DA:895,3
DA:896,3
DA:897,3
DA:898,3
DA:899,3
DA:900,3
DA:901,3
DA:902,3
DA:903,3
DA:904,3
DA:905,3
DA:906,3
DA:907,3
DA:908,3
DA:909,3
DA:910,3
DA:911,3
DA:912,3
DA:913,3
DA:914,3
DA:915,3
DA:916,3
DA:917,3
DA:918,3
DA:919,3
DA:920,3
DA:921,3
DA:922,3
DA:923,3
DA:924,3
DA:925,3
DA:926,3
DA:927,3
DA:928,3
DA:929,3
DA:930,3
DA:931,3
DA:932,3
DA:933,3
DA:934,3
DA:935,3
DA:936,3
DA:937,3
DA:938,3
DA:939,3
DA:940,3
DA:941,3
DA:942,3
DA:943,3
DA:944,3
DA:945,3
DA:946,3
DA:947,3
DA:948,3
DA:949,3
DA:950,3
DA:951,3
DA:952,3
DA:953,3
DA:954,3
DA:955,1
DA:956,3
DA:957,3
DA:958,3
DA:959,1
DA:960,3
DA:961,3
DA:962,3
DA:963,3
DA:964,3
DA:965,3
DA:966,3
DA:967,3
DA:968,3
DA:969,3
DA:970,1
DA:971,3
DA:972,3
DA:973,3
DA:974,3
DA:975,1
DA:976,3
DA:977,3
DA:978,3
DA:979,1
DA:980,3
DA:981,3
DA:982,3
DA:983,3
DA:984,3
DA:985,3
DA:986,3
DA:987,3
DA:988,3
DA:989,3
DA:990,3
DA:991,3
DA:992,1
DA:993,3
DA:994,3
DA:995,3
DA:996,1
DA:997,3
DA:998,3
DA:999,3
DA:1000,3
DA:1001,3
DA:1002,3
DA:1003,3
DA:1004,3
DA:1005,3
DA:1006,1
DA:1007,124932
DA:1008,124932
DA:1009,124932
DA:1010,124932
DA:1011,124932
DA:1012,124932
DA:1013,124932
DA:1014,124932
DA:1015,1
DA:1016,25752
DA:1017,25752
DA:1018,25752
DA:1019,25752
DA:1020,25752
DA:1021,25752
DA:1022,25752
DA:1023,25752
DA:1024,25752
DA:1025,25752
DA:1026,25752
DA:1027,1
DA:1028,26100
DA:1029,26100
DA:1030,26100
DA:1031,26100
DA:1032,26100
DA:1033,26100
DA:1034,26100
DA:1035,26100
DA:1036,26100
DA:1037,26100
DA:1038,26100
DA:1039,26100
DA:1040,26100
DA:1041,26100
DA:1042,26100
DA:1043,26100
DA:1044,26100
DA:1045,26100
DA:1046,26100
DA:1047,26100
DA:1048,1
DA:1049,1
DA:1050,1
DA:1051,1
DA:1052,1
DA:1053,1
DA:1054,1
DA:1055,1
DA:1056,1
DA:1057,1
DA:1058,1
DA:1059,1
DA:1060,1
DA:1061,1
DA:1062,1
DA:1063,1
DA:1064,1
DA:1065,1
DA:1066,1
DA:1067,1
DA:1068,1
DA:1069,1
DA:1070,1
DA:1071,1
DA:1072,1
DA:1073,1
DA:1074,1
DA:1075,1
DA:1076,1
DA:1077,1
DA:1078,1
DA:1079,348
DA:1080,348
DA:1081,348
DA:1082,348
DA:1083,348
DA:1084,348
DA:1085,348
DA:1086,348
DA:1087,348
DA:1088,348
DA:1089,348
DA:1090,348
DA:1091,348
DA:1092,348
DA:1093,348
DA:1094,348
DA:1095,348
DA:1096,348
DA:1097,348
DA:1098,348
DA:1099,348
DA:1100,348
DA:1101,348
DA:1102,348
DA:1103,348
DA:1104,348
DA:1105,348
DA:1106,348
DA:1107,348
DA:1108,348
DA:1109,348
DA:1110,348
DA:1111,348
DA:1112,348
DA:1113,348
DA:1114,348
DA:1115,348
DA:1116,348
DA:1117,348
DA:1118,348
DA:1119,348
DA:1120,348
DA:1121,348
DA:1122,348
DA:1123,348
DA:1124,348
DA:1125,348
DA:1126,348
DA:1127,348
DA:1128,348
DA:1129,348
DA:1130,348
DA:1131,348
DA:1132,348
DA:1133,348
DA:1134,348
DA:1135,348
DA:1136,348
DA:1137,348
DA:1138,348
DA:1139,348
DA:1140,348
DA:1141,348
DA:1142,348
DA:1143,348
DA:1144,348
DA:1145,348
DA:1146,348
DA:1147,348
DA:1148,348
DA:1149,348
DA:1150,348
DA:1151,348
DA:1152,348
DA:1153,348
DA:1154,348
DA:1155,348
DA:1156,348
DA:1157,348
DA:1158,348
DA:1159,348
DA:1160,348
DA:1161,348
DA:1162,348
DA:1163,348
DA:1164,348
DA:1165,348
DA:1166,348
DA:1167,348
DA:1168,348
DA:1169,348
DA:1170,348
DA:1171,348
DA:1172,348
DA:1173,348
DA:1174,348
DA:1175,348
DA:1176,348
DA:1177,348
DA:1178,348
DA:1179,348
DA:1180,348
DA:1181,348
DA:1182,348
DA:1183,348
DA:1184,348
DA:1185,348
DA:1186,348
DA:1187,348
DA:1188,348
DA:1189,348
DA:1190,348
DA:1191,348
DA:1192,348
DA:1193,348
DA:1194,348
DA:1195,348
DA:1196,348
DA:1197,348
DA:1198,348
DA:1199,348
DA:1200,348
DA:1201,348
DA:1202,348
DA:1203,348
DA:1204,348
DA:1205,348
DA:1206,348
DA:1207,348
DA:1208,348
DA:1209,348
DA:1210,348
DA:1211,348
DA:1212,348
DA:1213,348
DA:1214,348
DA:1215,348
DA:1216,348
DA:1217,348
DA:1218,348
DA:1219,348
DA:1220,348
DA:1221,348
DA:1222,348
DA:1223,348
DA:1224,348
DA:1225,348
DA:1226,348
DA:1227,348
DA:1228,348
DA:1229,348
DA:1230,348
DA:1231,348
DA:1232,348
DA:1233,348
DA:1234,348
DA:1235,348
DA:1236,348
DA:1237,348
DA:1238,348
DA:1239,348
DA:1240,348
DA:1241,348
DA:1242,348
DA:1243,348
DA:1244,348
DA:1245,348
DA:1246,348
DA:1247,348
DA:1248,348
DA:1249,348
DA:1250,348
DA:1251,348
DA:1252,348
DA:1253,348
DA:1254,348
DA:1255,348
DA:1256,348
DA:1257,348
DA:1258,348
DA:1259,348
DA:1260,348
DA:1261,348
DA:1262,348
DA:1263,348
DA:1264,348
DA:1265,348
DA:1266,348
DA:1267,348
DA:1268,348
DA:1269,348
DA:1270,348
DA:1271,348
DA:1272,348
DA:1273,348
DA:1274,348
DA:1275,348
DA:1276,348
DA:1277,348
DA:1278,348
DA:1279,348
DA:1280,348
DA:1281,348
DA:1282,348
DA:1283,348
DA:1284,348
DA:1285,348
DA:1286,348
DA:1287,348
DA:1288,348
DA:1289,348
DA:1290,348
DA:1291,348
DA:1292,348
DA:1293,348
DA:1294,348
DA:1295,348
DA:1296,348
DA:1297,348
DA:1298,348
DA:1299,348
DA:1300,348
DA:1301,348
DA:1302,348
DA:1303,348
DA:1304,348
DA:1305,348
DA:1306,348
DA:1307,348
DA:1308,348
DA:1309,348
DA:1310,348
DA:1311,348
DA:1312,348
DA:1313,348
DA:1314,348
DA:1315,348
DA:1316,348
DA:1317,348
DA:1318,348
DA:1319,348
DA:1320,348
DA:1321,348
DA:1322,348
DA:1323,348
DA:1324,348
DA:1325,348
DA:1326,348
DA:1327,348
DA:1328,348
DA:1329,348
DA:1330,348
DA:1331,348
DA:1332,348
DA:1333,348
DA:1334,348
DA:1335,348
DA:1336,348
DA:1337,348
DA:1338,348
DA:1339,348
DA:1340,348
DA:1341,348
DA:1342,348
DA:1343,348
DA:1344,348
DA:1345,348
DA:1346,348
DA:1347,348
DA:1348,348
DA:1349,348
DA:1350,348
DA:1351,348
DA:1352,348
DA:1353,348
DA:1354,348
DA:1355,348
DA:1356,348
DA:1357,348
DA:1358,348
DA:1359,348
DA:1360,348
DA:1361,348
DA:1362,348
DA:1363,348
DA:1364,348
DA:1365,348
DA:1366,348
DA:1367,348
DA:1368,348
DA:1369,348
DA:1370,348
DA:1371,348
DA:1372,348
DA:1373,348
DA:1374,348
DA:1375,348
DA:1376,348
DA:1377,348
DA:1378,348
DA:1379,348
DA:1380,348
DA:1381,348
DA:1382,348
DA:1383,348
DA:1384,348
DA:1385,348
DA:1386,348
DA:1387,348
DA:1388,348
DA:1389,348
DA:1390,348
DA:1391,348
DA:1392,348
DA:1393,348
DA:1394,348
DA:1395,348
DA:1396,348
DA:1397,348
DA:1398,348
DA:1399,348
DA:1400,348
DA:1401,348
DA:1402,348
DA:1403,348
DA:1404,348
DA:1405,348
DA:1406,348
DA:1407,348
DA:1408,348
DA:1409,348
DA:1410,348
DA:1411,348
DA:1412,348
DA:1413,348
DA:1414,348
DA:1415,348
DA:1416,348
DA:1417,348
DA:1418,348
DA:1419,348
DA:1420,348
DA:1421,348
DA:1422,348
DA:1423,348
DA:1424,348
DA:1425,348
DA:1426,348
DA:1427,348
DA:1428,348
DA:1429,348
DA:1430,348
DA:1431,348
DA:1432,348
DA:1433,348
DA:1434,348
DA:1435,348
DA:1436,348
DA:1437,348
DA:1438,348
DA:1439,348
DA:1440,348
DA:1441,348
DA:1442,348
DA:1443,348
DA:1444,348
DA:1445,348
DA:1446,348
DA:1447,348
DA:1448,348
DA:1449,348
DA:1450,348
DA:1451,348
DA:1452,348
DA:1453,348
DA:1454,348
DA:1455,348
DA:1456,348
DA:1457,348
DA:1458,348
DA:1459,348
DA:1460,348
DA:1461,348
DA:1462,348
DA:1463,348
DA:1464,348
DA:1465,348
DA:1466,348
DA:1467,348
DA:1468,348
DA:1469,348
DA:1470,348
DA:1471,348
DA:1472,348
DA:1473,348
DA:1474,348
DA:1475,348
DA:1476,348
DA:1477,348
DA:1478,348
DA:1479,348
DA:1480,348
DA:1481,348
DA:1482,348
DA:1483,348
DA:1484,348
DA:1485,348
DA:1486,348
DA:1487,348
DA:1488,348
DA:1489,348
DA:1490,348
DA:1491,348
DA:1492,348
DA:1493,348
DA:1494,348
DA:1495,348
DA:1496,348
DA:1497,348
DA:1498,348
DA:1499,348
DA:1500,348
DA:1501,348
DA:1502,348
DA:1503,348
DA:1504,348
DA:1505,348
DA:1506,348
DA:1507,348
DA:1508,348
DA:1509,348
DA:1510,348
DA:1511,348
DA:1512,348
DA:1513,348
DA:1514,348
DA:1515,348
DA:1516,348
DA:1517,348
DA:1518,348
DA:1519,348
DA:1520,348
DA:1521,348
DA:1522,348
DA:1523,348
DA:1524,348
DA:1525,348
DA:1526,348
DA:1527,348
DA:1528,348
DA:1529,348
DA:1530,348
DA:1531,348
DA:1532,348
DA:1533,348
DA:1534,348
DA:1535,348
DA:1536,348
DA:1537,348
DA:1538,348
DA:1539,348
DA:1540,348
DA:1541,348
DA:1542,348
DA:1543,348
DA:1544,348
DA:1545,348
DA:1546,348
DA:1547,348
DA:1548,348
DA:1549,348
DA:1550,348
DA:1551,348
DA:1552,348
DA:1553,348
DA:1554,348
DA:1555,348
DA:1556,348
DA:1557,348
DA:1558,348
DA:1559,348
DA:1560,348
DA:1561,348
DA:1562,348
DA:1563,348
DA:1564,348
DA:1565,348
DA:1566,348
DA:1567,348
DA:1568,348
DA:1569,348
DA:1570,348
DA:1571,348
DA:1572,348
DA:1573,348
DA:1574,348
DA:1575,348
DA:1576,348
DA:1577,348
DA:1578,348
DA:1579,348
DA:1580,348
DA:1581,348
DA:1582,348
DA:1583,348
DA:1584,348
DA:1585,348
DA:1586,348
DA:1587,348
DA:1588,348
DA:1589,348
DA:1590,348
DA:1591,348
DA:1592,348
DA:1593,348
DA:1594,348
DA:1595,348
DA:1596,348
DA:1597,348
DA:1598,348
DA:1599,348
DA:1600,348
DA:1601,348
DA:1602,348
DA:1603,348
DA:1604,348
DA:1605,348
DA:1606,348
DA:1607,348
DA:1608,348
DA:1609,348
DA:1610,348
DA:1611,348
DA:1612,348
DA:1613,348
DA:1614,348
DA:1615,348
DA:1616,348
DA:1617,348
DA:1618,348
DA:1619,348
DA:1620,348
DA:1621,348
DA:1622,348
DA:1623,348
DA:1624,348
DA:1625,348
DA:1626,348
DA:1627,348
DA:1628,348
DA:1629,348
DA:1630,348
DA:1631,348
DA:1632,348
DA:1633,348
DA:1634,348
DA:1635,348
DA:1636,348
DA:1637,348
DA:1638,348
DA:1639,348
DA:1640,348
DA:1641,348
DA:1642,348
DA:1643,348
DA:1644,348
DA:1645,348
DA:1646,348
DA:1647,348
DA:1648,348
DA:1649,348
DA:1650,348
DA:1651,348
DA:1652,348
DA:1653,348
DA:1654,348
DA:1655,348
DA:1656,348
DA:1657,348
DA:1658,348
DA:1659,348
DA:1660,348
DA:1661,348
DA:1662,348
DA:1663,348
DA:1664,348
DA:1665,348
DA:1666,348
DA:1667,348
DA:1668,348
DA:1669,348
DA:1670,348
DA:1671,348
DA:1672,348
DA:1673,348
DA:1674,348
DA:1675,348
DA:1676,348
DA:1677,348
DA:1678,348
DA:1679,348
DA:1680,348
DA:1681,348
DA:1682,348
DA:1683,348
DA:1684,348
DA:1685,348
DA:1686,348
DA:1687,348
DA:1688,348
DA:1689,348
DA:1690,348
DA:1691,348
DA:1692,348
DA:1693,348
DA:1694,348
DA:1695,348
DA:1696,348
DA:1697,348
DA:1698,348
DA:1699,348
DA:1700,348
DA:1701,348
DA:1702,348
DA:1703,348
DA:1704,348
DA:1705,348
DA:1706,348
DA:1707,348
DA:1708,348
DA:1709,348
DA:1710,348
DA:1711,348
DA:1712,348
DA:1713,348
DA:1714,348
DA:1715,348
DA:1716,348
DA:1717,348
DA:1718,348
DA:1719,348
DA:1720,348
DA:1721,348
DA:1722,348
DA:1723,348
DA:1724,348
DA:1725,348
DA:1726,348
DA:1727,348
DA:1728,348
DA:1729,348
DA:1730,348
DA:1731,348
DA:1732,348
DA:1733,348
DA:1734,348
DA:1735,348
DA:1736,348
DA:1737,348
DA:1738,348
DA:1739,348
DA:1740,348
DA:1741,348
DA:1742,348
DA:1743,348
DA:1744,348
DA:1745,348
DA:1746,348
DA:1747,348
DA:1748,348
DA:1749,348
DA:1750,348
DA:1751,348
DA:1752,348
DA:1753,348
DA:1754,348
DA:1755,348
DA:1756,348
DA:1757,348
DA:1758,348
DA:1759,348
DA:1760,348
DA:1761,348
DA:1762,348
DA:1763,348
DA:1764,348
DA:1765,348
DA:1766,348
DA:1767,348
DA:1768,348
DA:1769,348
DA:1770,348
DA:1771,348
DA:1772,348
DA:1773,348
DA:1774,348
DA:1775,348
DA:1776,348
DA:1777,348
DA:1778,348
DA:1779,348
DA:1780,348
DA:1781,348
DA:1782,348
DA:1783,348
DA:1784,348
DA:1785,348
DA:1786,348
DA:1787,348
DA:1788,348
DA:1789,348
DA:1790,348
DA:1791,348
DA:1792,348
DA:1793,348
DA:1794,348
DA:1795,348
DA:1796,348
DA:1797,348
DA:1798,348
DA:1799,348
DA:1800,348
DA:1801,348
DA:1802,348
DA:1803,348
DA:1804,348
DA:1805,348
DA:1806,348
DA:1807,348
DA:1808,348
DA:1809,348
DA:1810,348
DA:1811,348
DA:1812,348
DA:1813,348
DA:1814,348
DA:1815,348
DA:1816,348
DA:1817,348
DA:1818,348
DA:1819,348
DA:1820,348
DA:1821,348
DA:1822,348
DA:1823,348
DA:1824,348
DA:1825,348
DA:1826,348
DA:1827,348
DA:1828,348
DA:1829,348
DA:1830,348
DA:1831,348
DA:1832,348
DA:1833,348
DA:1834,348
DA:1835,348
DA:1836,348
DA:1837,348
DA:1838,348
DA:1839,348
DA:1840,348
DA:1841,348
DA:1842,348
DA:1843,348
DA:1844,348
DA:1845,348
DA:1846,348
DA:1847,348
DA:1848,348
DA:1849,348
DA:1850,348
DA:1851,348
DA:1852,348
DA:1853,348
DA:1854,348
DA:1855,348
DA:1856,348
DA:1857,348
DA:1858,348
DA:1859,348
DA:1860,348
DA:1861,348
DA:1862,348
DA:1863,348
DA:1864,348
DA:1865,348
DA:1866,348
DA:1867,348
DA:1868,348
DA:1869,348
DA:1870,348
DA:1871,348
DA:1872,348
DA:1873,348
DA:1874,348
DA:1875,348
DA:1876,348
DA:1877,348
DA:1878,348
DA:1879,348
DA:1880,348
DA:1881,348
DA:1882,348
DA:1883,348
DA:1884,348
DA:1885,348
DA:1886,348
DA:1887,348
DA:1888,348
DA:1889,348
DA:1890,348
DA:1891,348
DA:1892,348
DA:1893,348
DA:1894,348
DA:1895,348
DA:1896,348
DA:1897,348
DA:1898,348
DA:1899,348
DA:1900,348
DA:1901,348
DA:1902,348
DA:1903,348
DA:1904,348
DA:1905,348
DA:1906,348
DA:1907,348
DA:1908,348
DA:1909,348
DA:1910,348
DA:1911,348
DA:1912,348
DA:1913,348
DA:1914,348
DA:1915,348
DA:1916,348
DA:1917,348
DA:1918,348
DA:1919,348
DA:1920,348
DA:1921,348
DA:1922,348
DA:1923,348
DA:1924,348
DA:1925,348
DA:1926,348
DA:1927,348
DA:1928,348
DA:1929,348
DA:1930,348
DA:1931,348
DA:1932,348
DA:1933,348
DA:1934,348
DA:1935,348
DA:1936,348
DA:1937,348
DA:1938,348
DA:1939,348
DA:1940,348
DA:1941,348
DA:1942,348
DA:1943,348
DA:1944,348
DA:1945,348
DA:1946,348
DA:1947,348
DA:1948,348
DA:1949,348
DA:1950,348
DA:1951,348
DA:1952,348
DA:1953,348
DA:1954,348
DA:1955,348
DA:1956,348
DA:1957,348
DA:1958,348
DA:1959,348
DA:1960,348
DA:1961,348
DA:1962,348
DA:1963,348
DA:1964,348
DA:1965,348
DA:1966,348
DA:1967,348
DA:1968,348
DA:1969,348
DA:1970,348
DA:1971,348
DA:1972,348
DA:1973,348
DA:1974,348
DA:1975,348
DA:1976,348
DA:1977,348
DA:1978,348
DA:1979,348
DA:1980,348
DA:1981,348
DA:1982,348
DA:1983,348
DA:1984,348
DA:1985,348
DA:1986,348
DA:1987,348
DA:1988,348
DA:1989,348
DA:1990,348
DA:1991,348
DA:1992,348
DA:1993,348
DA:1994,348
DA:1995,348
DA:1996,348
DA:1997,348
DA:1998,348
DA:1999,348
DA:2000,348
DA:2001,348
DA:2002,348
DA:2003,348
DA:2004,348
DA:2005,348
DA:2006,348
DA:2007,348
DA:2008,348
DA:2009,348
DA:2010,348
DA:2011,348
DA:2012,348
DA:2013,348
DA:2014,348
DA:2015,348
DA:2016,348
DA:2017,348
DA:2018,348
DA:2019,348
DA:2020,348
DA:2021,348
DA:2022,348
DA:2023,348
DA:2024,348
DA:2025,348
DA:2026,348
DA:2027,348
DA:2028,348
DA:2029,348
DA:2030,348
DA:2031,348
DA:2032,348
DA:2033,348
DA:2034,348
DA:2035,348
DA:2036,348
DA:2037,348
DA:2038,348
DA:2039,348
DA:2040,348
DA:2041,348
DA:2042,348
DA:2043,348
DA:2044,348
DA:2045,348
DA:2046,348
DA:2047,348
DA:2048,348
DA:2049,348
DA:2050,348
DA:2051,348
DA:2052,348
DA:2053,348
DA:2054,348
DA:2055,348
DA:2056,348
DA:2057,348
DA:2058,348
DA:2059,348
DA:2060,348
DA:2061,348
DA:2062,348
DA:2063,348
DA:2064,348
DA:2065,348
DA:2066,348
DA:2067,348
DA:2068,348
DA:2069,348
DA:2070,348
DA:2071,348
DA:2072,348
DA:2073,348
DA:2074,348
DA:2075,348
DA:2076,348
DA:2077,348
DA:2078,348
DA:2079,348
DA:2080,348
DA:2081,348
DA:2082,348
DA:2083,348
DA:2084,348
DA:2085,348
DA:2086,348
DA:2087,348
DA:2088,348
DA:2089,348
DA:2090,348
DA:2091,348
DA:2092,348
DA:2093,348
DA:2094,348
DA:2095,348
DA:2096,348
DA:2097,348
DA:2098,348
DA:2099,348
DA:2100,348
DA:2101,348
DA:2102,348
DA:2103,348
DA:2104,348
DA:2105,348
DA:2106,348
DA:2107,348
DA:2108,348
DA:2109,348
DA:2110,348
DA:2111,348
DA:2112,348
DA:2113,348
DA:2114,348
DA:2115,348
DA:2116,348
DA:2117,348
DA:2118,348
DA:2119,348
DA:2120,348
DA:2121,348
DA:2122,348
DA:2123,348
DA:2124,348
DA:2125,348
DA:2126,348
DA:2127,348
DA:2128,348
DA:2129,348
DA:2130,348
DA:2131,348
DA:2132,348
DA:2133,348
DA:2134,348
DA:2135,348
DA:2136,348
DA:2137,348
DA:2138,348
DA:2139,348
DA:2140,348
DA:2141,348
DA:2142,348
DA:2143,348
DA:2144,348
DA:2145,348
DA:2146,348
DA:2147,348
DA:2148,348
DA:2149,348
DA:2150,348
DA:2151,348
DA:2152,348
DA:2153,348
DA:2154,348
DA:2155,348
DA:2156,348
DA:2157,348
DA:2158,348
DA:2159,348
DA:2160,348
DA:2161,348
DA:2162,348
DA:2163,348
DA:2164,348
DA:2165,348
DA:2166,348
DA:2167,348
DA:2168,348
DA:2169,348
DA:2170,348
DA:2171,348
DA:2172,348
DA:2173,348
DA:2174,348
DA:2175,348
DA:2176,348
DA:2177,348
DA:2178,348
DA:2179,348
DA:2180,348
DA:2181,348
DA:2182,348
DA:2183,348
DA:2184,348
DA:2185,348
DA:2186,348
DA:2187,348
DA:2188,348
DA:2189,348
DA:2190,348
DA:2191,348
DA:2192,348
DA:2193,348
DA:2194,348
DA:2195,348
DA:2196,348
DA:2197,348
DA:2198,348
DA:2199,348
DA:2200,348
DA:2201,348
DA:2202,348
DA:2203,348
DA:2204,348
DA:2205,348
DA:2206,348
DA:2207,348
DA:2208,348
DA:2209,348
DA:2210,348
DA:2211,348
DA:2212,348
DA:2213,348
DA:2214,348
DA:2215,348
DA:2216,348
DA:2217,348
DA:2218,348
DA:2219,348
DA:2220,348
DA:2221,348
DA:2222,348
DA:2223,348
DA:2224,348
DA:2225,348
DA:2226,348
DA:2227,348
DA:2228,348
DA:2229,348
DA:2230,348
DA:2231,348
DA:2232,348
DA:2233,348
DA:2234,348
DA:2235,348
DA:2236,348
DA:2237,348
DA:2238,348
DA:2239,348
DA:2240,348
DA:2241,348
DA:2242,348
DA:2243,348
DA:2244,348
DA:2245,348
DA:2246,348
DA:2247,348
DA:2248,348
DA:2249,348
DA:2250,348
DA:2251,348
DA:2252,348
DA:2253,348
DA:2254,348
DA:2255,348
DA:2256,348
DA:2257,348
DA:2258,348
DA:2259,348
DA:2260,348
DA:2261,348
DA:2262,348
DA:2263,348
DA:2264,348
DA:2265,348
DA:2266,348
DA:2267,348
DA:2268,348
DA:2269,348
DA:2270,348
DA:2271,348
DA:2272,348
DA:2273,348
DA:2274,348
DA:2275,348
DA:2276,348
DA:2277,348
DA:2278,348
DA:2279,348
DA:2280,348
DA:2281,348
DA:2282,348
DA:2283,348
DA:2284,348
DA:2285,348
DA:2286,348
DA:2287,348
DA:2288,348
DA:2289,348
DA:2290,348
DA:2291,348
DA:2292,348
DA:2293,348
DA:2294,348
DA:2295,348
DA:2296,348
DA:2297,348
DA:2298,348
DA:2299,348
DA:2300,348
DA:2301,348
DA:2302,348
DA:2303,348
DA:2304,348
DA:2305,348
DA:2306,348
DA:2307,348
DA:2308,348
DA:2309,348
DA:2310,348
DA:2311,348
DA:2312,348
DA:2313,348
DA:2314,348
DA:2315,348
DA:2316,348
DA:2317,348
DA:2318,348
DA:2319,348
DA:2320,348
DA:2321,348
DA:2322,348
DA:2323,348
DA:2324,348
DA:2325,348
DA:2326,348
DA:2327,348
DA:2328,348
DA:2329,348
DA:2330,348
DA:2331,348
DA:2332,348
DA:2333,348
DA:2334,348
DA:2335,348
DA:2336,348
DA:2337,348
DA:2338,348
DA:2339,348
DA:2340,348
DA:2341,348
DA:2342,348
DA:2343,348
DA:2344,348
DA:2345,348
DA:2346,348
DA:2347,348
DA:2348,348
DA:2349,348
DA:2350,348
DA:2351,348
DA:2352,348
DA:2353,348
DA:2354,348
DA:2355,348
DA:2356,348
DA:2357,348
DA:2358,348
DA:2359,348
DA:2360,348
DA:2361,348
DA:2362,348
DA:2363,348
DA:2364,348
DA:2365,348
DA:2366,348
DA:2367,348
DA:2368,348
DA:2369,348
DA:2370,348
DA:2371,348
DA:2372,348
DA:2373,348
DA:2374,348
DA:2375,348
DA:2376,348
DA:2377,348
DA:2378,348
DA:2379,348
DA:2380,348
DA:2381,348
DA:2382,348
DA:2383,348
DA:2384,348
DA:2385,348
DA:2386,348
DA:2387,348
DA:2388,348
DA:2389,348
DA:2390,348
DA:2391,348
DA:2392,348
DA:2393,348
DA:2394,348
DA:2395,348
DA:2396,348
DA:2397,348
DA:2398,348
DA:2399,348
DA:2400,348
DA:2401,348
DA:2402,348
DA:2403,348
DA:2404,348
DA:2405,348
DA:2406,348
DA:2407,348
DA:2408,348
DA:2409,348
DA:2410,348
DA:2411,348
DA:2412,348
DA:2413,348
DA:2414,348
DA:2415,348
DA:2416,348
DA:2417,348
DA:2418,348
DA:2419,348
DA:2420,348
DA:2421,348
DA:2422,348
DA:2423,348
DA:2424,348
DA:2425,348
DA:2426,348
DA:2427,348
DA:2428,348
DA:2429,348
DA:2430,348
DA:2431,348
DA:2432,348
DA:2433,348
DA:2434,348
DA:2435,348
DA:2436,348
DA:2437,348
DA:2438,348
DA:2439,348
DA:2440,348
DA:2441,348
DA:2442,348
DA:2443,348
DA:2444,348
DA:2445,348
DA:2446,348
DA:2447,348
DA:2448,348
DA:2449,348
DA:2450,348
DA:2451,348
DA:2452,348
DA:2453,348
DA:2454,348
DA:2455,348
DA:2456,348
DA:2457,348
DA:2458,348
DA:2459,348
DA:2460,348
DA:2461,348
DA:2462,348
DA:2463,348
DA:2464,348
DA:2465,348
DA:2466,348
DA:2467,348
DA:2468,348
DA:2469,348
DA:2470,348
DA:2471,348
DA:2472,348
DA:2473,348
DA:2474,348
DA:2475,348
DA:2476,348
DA:2477,348
DA:2478,348
DA:2479,348
DA:2480,348
DA:2481,348
DA:2482,348
DA:2483,348
DA:2484,348
DA:2485,348
DA:2486,348
DA:2487,348
DA:2488,348
DA:2489,348
DA:2490,348
DA:2491,348
DA:2492,348
DA:2493,348
DA:2494,348
DA:2495,348
DA:2496,348
DA:2497,348
DA:2498,348
DA:2499,348
DA:2500,348
DA:2501,348
DA:2502,348
DA:2503,348
DA:2504,348
DA:2505,348
DA:2506,348
DA:2507,348
DA:2508,348
DA:2509,348
DA:2510,348
DA:2511,348
DA:2512,348
DA:2513,348
DA:2514,348
DA:2515,348
DA:2516,348
DA:2517,348
DA:2518,348
DA:2519,348
DA:2520,348
DA:2521,348
DA:2522,348
DA:2523,348
DA:2524,348
DA:2525,348
DA:2526,348
DA:2527,348
DA:2528,348
DA:2529,348
DA:2530,348
DA:2531,348
DA:2532,348
DA:2533,348
DA:2534,348
DA:2535,348
DA:2536,348
DA:2537,348
DA:2538,348
DA:2539,348
DA:2540,348
DA:2541,348
DA:2542,348
DA:2543,348
DA:2544,348
DA:2545,348
DA:2546,348
DA:2547,348
DA:2548,348
DA:2549,348
DA:2550,348
DA:2551,348
DA:2552,348
DA:2553,348
DA:2554,348
DA:2555,348
DA:2556,348
DA:2557,348
DA:2558,348
DA:2559,348
DA:2560,348
DA:2561,348
DA:2562,348
DA:2563,348
DA:2564,348
DA:2565,348
DA:2566,348
DA:2567,348
DA:2568,348
DA:2569,348
DA:2570,348
DA:2571,348
DA:2572,348
DA:2573,348
DA:2574,348
DA:2575,348
DA:2576,348
DA:2577,348
DA:2578,348
DA:2579,348
DA:2580,348
DA:2581,348
DA:2582,348
DA:2583,348
DA:2584,348
DA:2585,348
DA:2586,348
DA:2587,348
DA:2588,348
DA:2589,348
DA:2590,348
DA:2591,348
DA:2592,348
DA:2593,348
DA:2594,348
DA:2595,348
DA:2596,348
DA:2597,348
DA:2598,348
DA:2599,348
DA:2600,348
DA:2601,348
DA:2602,348
DA:2603,348
DA:2604,348
DA:2605,348
DA:2606,348
DA:2607,348
DA:2608,348
DA:2609,348
DA:2610,348
DA:2611,348
DA:2612,348
DA:2613,348
DA:2614,348
DA:2615,348
DA:2616,348
DA:2617,348
DA:2618,348
DA:2619,348
DA:2620,348
DA:2621,348
DA:2622,348
DA:2623,348
DA:2624,348
DA:2625,348
DA:2626,348
DA:2627,348
DA:2628,348
DA:2629,348
DA:2630,348
DA:2631,348
DA:2632,348
DA:2633,348
DA:2634,348
DA:2635,348
DA:2636,348
DA:2637,348
DA:2638,348
DA:2639,348
DA:2640,348
DA:2641,348
DA:2642,348
DA:2643,348
DA:2644,348
DA:2645,348
DA:2646,348
DA:2647,348
DA:2648,348
DA:2649,348
DA:2650,348
DA:2651,348
DA:2652,348
DA:2653,348
DA:2654,348
DA:2655,348
DA:2656,348
DA:2657,348
DA:2658,348
DA:2659,348
DA:2660,348
DA:2661,348
DA:2662,348
DA:2663,348
DA:2664,348
DA:2665,348
DA:2666,348
DA:2667,348
DA:2668,348
DA:2669,348
DA:2670,348
DA:2671,348
DA:2672,348
DA:2673,348
DA:2674,348
DA:2675,348
DA:2676,348
DA:2677,348
DA:2678,348
DA:2679,348
DA:2680,348
DA:2681,348
DA:2682,348
DA:2683,348
DA:2684,348
DA:2685,348
DA:2686,348
DA:2687,348
DA:2688,348
DA:2689,348
DA:2690,348
DA:2691,348
DA:2692,348
DA:2693,348
DA:2694,348
DA:2695,348
DA:2696,348
DA:2697,348
DA:2698,348
DA:2699,348
DA:2700,348
DA:2701,348
DA:2702,348
DA:2703,348
DA:2704,348
DA:2705,348
DA:2706,348
DA:2707,348
DA:2708,348
DA:2709,348
DA:2710,348
DA:2711,348
DA:2712,348
DA:2713,348
DA:2714,348
DA:2715,348
DA:2716,348
DA:2717,348
DA:2718,348
DA:2719,348
DA:2720,348
DA:2721,348
DA:2722,348
DA:2723,348
DA:2724,348
DA:2725,348
DA:2726,348
DA:2727,348
DA:2728,348
DA:2729,348
DA:2730,348
DA:2731,348
DA:2732,348
DA:2733,348
DA:2734,348
DA:2735,348
DA:2736,348
DA:2737,348
DA:2738,348
DA:2739,348
DA:2740,348
DA:2741,348
DA:2742,348
DA:2743,348
DA:2744,348
DA:2745,348
DA:2746,348
DA:2747,348
DA:2748,348
DA:2749,348
DA:2750,348
DA:2751,348
DA:2752,348
DA:2753,348
DA:2754,348
DA:2755,348
DA:2756,348
DA:2757,348
DA:2758,348
DA:2759,348
DA:2760,348
DA:2761,348
DA:2762,348
DA:2763,348
DA:2764,348
DA:2765,348
DA:2766,348
DA:2767,348
DA:2768,348
DA:2769,348
DA:2770,348
DA:2771,348
DA:2772,348
DA:2773,348
DA:2774,348
DA:2775,348
DA:2776,348
DA:2777,348
DA:2778,348
DA:2779,348
DA:2780,348
DA:2781,348
DA:2782,348
DA:2783,348
DA:2784,348
DA:2785,348
DA:2786,348
DA:2787,348
DA:2788,348
DA:2789,348
DA:2790,348
DA:2791,348
DA:2792,348
DA:2793,348
DA:2794,348
DA:2795,348
DA:2796,348
DA:2797,348
DA:2798,348
DA:2799,348
DA:2800,348
DA:2801,348
DA:2802,348
DA:2803,348
DA:2804,348
DA:2805,348
DA:2806,348
DA:2807,348
DA:2808,348
DA:2809,348
DA:2810,348
DA:2811,348
DA:2812,348
DA:2813,348
DA:2814,348
DA:2815,348
DA:2816,348
DA:2817,348
DA:2818,348
DA:2819,348
DA:2820,348
DA:2821,348
DA:2822,348
DA:2823,348
DA:2824,348
DA:2825,348
DA:2826,348
DA:2827,348
DA:2828,348
DA:2829,348
DA:2830,348
DA:2831,348
DA:2832,348
DA:2833,348
DA:2834,348
DA:2835,348
DA:2836,348
DA:2837,348
DA:2838,348
DA:2839,348
DA:2840,348
DA:2841,348
DA:2842,348
DA:2843,348
DA:2844,348
DA:2845,348
DA:2846,348
DA:2847,348
DA:2848,348
DA:2849,348
DA:2850,348
DA:2851,348
DA:2852,348
DA:2853,348
DA:2854,348
DA:2855,348
DA:2856,348
DA:2857,348
DA:2858,348
DA:2859,348
DA:2860,348
DA:2861,348
DA:2862,348
DA:2863,348
DA:2864,348
DA:2865,348
DA:2866,348
DA:2867,348
DA:2868,348
DA:2869,348
DA:2870,348
DA:2871,348
DA:2872,348
DA:2873,348
DA:2874,348
DA:2875,348
DA:2876,348
DA:2877,348
DA:2878,348
DA:2879,348
DA:2880,348
DA:2881,348
DA:2882,348
DA:2883,348
DA:2884,348
DA:2885,348
DA:2886,348
DA:2887,25752
DA:2888,25752
DA:2889,25752
DA:2890,348
DA:2891,1
DA:2892,1
DA:2893,1
DA:2894,508
DA:2895,508
DA:2896,508
DA:2897,508
DA:2898,508
DA:2899,508
DA:2900,508
DA:2901,508
DA:2902,0
DA:2903,0
DA:2904,0
DA:2905,0
DA:2906,508
DA:2907,508
DA:2908,508
DA:2909,1
DA:2910,1
DA:2911,0
DA:2912,0
DA:2913,0
DA:2914,0
DA:2915,0
DA:2916,0
DA:2917,0
DA:2918,0
DA:2919,0
DA:2920,0
DA:2921,1
DA:2922,1
DA:2923,116
DA:2924,116
DA:2925,116
DA:2926,1
DA:2927,1
DA:2928,142389
DA:2929,0
DA:2930,0
DA:2931,142389
DA:2932,1
DA:2933,1
DA:2934,381
DA:2935,381
DA:2936,381
DA:2937,1
DA:2938,1
DA:2939,27959
DA:2940,27959
DA:2941,27959
DA:2942,4150
DA:2943,1
DA:2944,1
DA:2945,1
DA:2946,1
DA:2947,1
DA:2948,1
DA:2949,4150
DA:2950,27959
DA:2951,27959
DA:2952,0
DA:2953,0
DA:2954,0
DA:2955,27959
DA:2956,27959
DA:2957,3760
DA:2958,8
DA:2959,8
DA:2960,8
DA:2961,8
DA:2962,8
DA:2963,8
DA:2964,3760
DA:2965,27959
DA:2966,27959
DA:2967,3760
DA:2968,37
DA:2969,37
DA:2970,37
DA:2971,37
DA:2972,37
DA:2973,37
DA:2974,3760
DA:2975,27959
DA:2976,27959
DA:2977,3473
DA:2978,4
DA:2979,4
DA:2980,4
DA:2981,4
DA:2982,4
DA:2983,4
DA:2984,3473
[...]
BRDA:77,7,0,602
BRDA:97,8,0,1
BRDA:107,9,0,13782
BRDA:110,10,0,41530
BRDA:126,11,0,783713
BRDA:130,12,0,314425
BRDA:136,13,0,9488
BRDA:140,14,0,330
BRDA:151,15,0,21986
BRDA:161,16,0,1892
BRF:17
BRH:17
end_of_record
TN:
SF:src/classes/textLine.ts
FN:28,Position
FN:53,Range
FN:88,TextLine
FN:99,get text
FN:107,get sourceLineNumber
FN:111,get range
FN:122,get firstNonWhitespaveCharacterIndex
FN:130,get isEmptyOrWhiteSpace
FN:140,_skipWhite
FNF:9
FNH:4
FNDA:0,Position
FNDA:0,Range
FNDA:175551,TextLine
FNDA:265594,get text
FNDA:269226582,get sourceLineNumber
FNDA:0,get range
FNDA:0,get firstNonWhitespaveCharacterIndex
FNDA:0,get isEmptyOrWhiteSpace
FNDA:175551,_skipWhite
DA:1,1
DA:2,1
DA:3,1
DA:4,1
DA:5,1
DA:6,1
DA:7,1
DA:8,1
DA:9,1
DA:10,1
DA:11,1
DA:12,1
DA:13,1
DA:14,1
DA:15,1
DA:16,1
DA:17,1
DA:18,1
DA:19,1
DA:20,1
DA:21,1
DA:22,1
DA:23,1
DA:24,1
DA:25,1
DA:26,1
DA:27,1
DA:28,1
DA:29,0
DA:30,0
DA:31,0
DA:32,1
DA:33,1
DA:34,1
DA:35,1
DA:36,1
DA:37,1
DA:38,1
DA:39,1
DA:40,1
DA:41,1
DA:42,1
DA:43,1
DA:44,1
DA:45,1
DA:46,1
DA:47,1
DA:48,1
DA:49,1
DA:50,1
DA:51,1
DA:52,1
DA:53,1
DA:54,0
DA:55,0
DA:56,0
DA:57,1
DA:58,1
DA:59,1
DA:60,1
DA:61,1
DA:62,1
DA:63,1
DA:64,1
DA:65,1
DA:66,1
DA:67,1
DA:68,1
DA:69,1
DA:70,1
DA:71,1
DA:72,1
DA:73,1
DA:74,1
DA:75,1
DA:76,1
DA:77,1
DA:78,1
DA:79,1
DA:80,1
DA:81,1
DA:82,1
DA:83,1
DA:84,1
DA:85,1
DA:86,1
DA:87,1
DA:88,1
DA:89,175551
DA:90,175551
DA:91,175551
DA:92,175551
DA:93,175551
DA:94,1
DA:95,1
DA:96,1
DA:97,1
DA:98,1
DA:99,1
DA:100,265594
DA:101,265594
DA:102,1
DA:103,1
DA:104,1
DA:105,1
DA:106,1
DA:107,1
DA:108,269226582
DA:109,269226582
DA:110,1
DA:111,1
DA:112,0
DA:113,0
DA:114,0
DA:115,0
DA:116,0
DA:117,1
DA:118,1
DA:119,1
DA:120,1
DA:121,1
DA:122,1
DA:123,0
DA:124,0
DA:125,1
DA:126,1
DA:127,1
DA:128,1
DA:129,1
DA:130,1
DA:131,0
DA:132,0
DA:133,1
DA:134,1
DA:135,1
DA:136,1
DA:137,1
DA:138,1
DA:139,1
DA:140,1
DA:141,175551
DA:142,175551
DA:143,25741
DA:144,12996
DA:145,12996
DA:146,12996
DA:147,25741
DA:148,175551
DA:149,175551
DA:150,1
LF:150
LH:135
BRDA:88,0,0,175551
BRDA:99,1,0,265594
BRDA:107,2,0,269226582
BRDA:140,3,0,175551
BRDA:142,4,0,25741
BRDA:143,5,0,16921
BRDA:143,6,0,12996
BRF:7
BRH:7
end_of_record
TN:
SF:src/classes/types.ts
FNF:0
FNH:0
DA:1,1
DA:2,1
DA:3,1
DA:4,1
DA:5,1
DA:6,1
DA:7,1
DA:8,3
DA:9,3
DA:10,3
DA:11,3
DA:12,3
DA:13,3
DA:14,3
DA:15,3
DA:16,3
DA:17,3
DA:18,3
DA:19,3
DA:20,3
DA:21,3
DA:22,3
DA:23,3
DA:24,3
DA:25,3
DA:26,3
DA:27,3
DA:28,3
DA:29,3
DA:30,3
DA:31,3
DA:32,3
DA:33,3
DA:34,3
DA:35,3
DA:36,3
DA:37,3
DA:38,3
DA:39,3
DA:40,3
DA:41,3
DA:42,3
DA:43,3
DA:44,3
DA:45,3
DA:46,3
DA:47,3
DA:48,3
DA:49,3
DA:50,3
DA:51,3
DA:52,3
DA:53,3
DA:54,3
DA:55,3
DA:56,3
DA:57,3
DA:58,3
DA:59,3
DA:60,3
DA:61,3
DA:62,3
DA:63,3
DA:64,3
DA:65,3
DA:66,3
DA:67,3
DA:68,3
DA:69,3
DA:70,3
DA:71,3
DA:72,3
DA:73,3
DA:74,3
DA:75,3
DA:76,3
DA:77,3
DA:78,3
DA:79,3
DA:80,3
DA:81,3
DA:82,3
DA:83,3
DA:84,3
DA:85,3
DA:86,3
DA:87,3
DA:88,3
DA:89,3
DA:90,3
DA:91,3
DA:92,3
DA:93,3
DA:94,3
DA:95,3
DA:96,3
DA:97,3
DA:98,3
DA:99,3
DA:100,3
DA:101,3
DA:102,3
DA:103,3
DA:104,3
DA:105,3
DA:106,3
DA:107,3
DA:108,3
DA:109,3
DA:110,3
DA:111,3
DA:112,3
DA:113,3
DA:114,3
DA:115,3
DA:116,3
DA:117,3
DA:118,3
DA:119,3
DA:120,3
DA:121,3
DA:122,3
DA:123,3
DA:124,3
DA:125,3
DA:126,3
DA:127,3
DA:128,3
DA:129,3
DA:130,3
DA:131,3
DA:132,3
DA:133,1
DA:134,3
DA:135,3
DA:136,3
DA:137,3
DA:138,3
DA:139,3
DA:140,3
DA:141,3
DA:142,3
DA:143,3
DA:144,3
DA:145,3
DA:146,3
DA:147,3
DA:148,3
DA:149,3
DA:150,3
DA:151,3
DA:152,3
DA:153,3
DA:154,3
DA:155,3
DA:156,3
DA:157,3
DA:158,3
DA:159,3
DA:160,3
DA:161,3
DA:162,3
DA:163,3
DA:164,3
DA:165,3
DA:166,3
DA:167,3
DA:168,3
DA:169,3
DA:170,3
DA:171,3
DA:172,3
DA:173,3
DA:174,3
DA:175,3
DA:176,3
DA:177,3
DA:178,3
DA:179,3
DA:180,3
DA:181,3
DA:182,3
DA:183,3
DA:184,3
DA:185,3
DA:186,3
DA:187,3
DA:188,3
DA:189,3
DA:190,3
DA:191,3
DA:192,3
DA:193,3
DA:194,3
DA:195,3
DA:196,3
DA:197,3
DA:198,3
DA:199,3
DA:200,3
DA:201,3
DA:202,3
DA:203,3
DA:204,3
DA:205,3
DA:206,3
DA:207,3
DA:208,3
DA:209,3
DA:210,3
DA:211,3
DA:212,3
DA:213,3
DA:214,3
DA:215,3
DA:216,3
DA:217,3
DA:218,3
DA:219,3
DA:220,3
DA:221,3
DA:222,3
DA:223,3
DA:224,3
DA:225,3
DA:226,3
DA:227,3
DA:228,3
DA:229,3
DA:230,3
DA:231,3
DA:232,1
DA:233,3
DA:234,3
DA:235,3
DA:236,3
DA:237,3
DA:238,3
DA:239,3
DA:240,3
DA:241,3
DA:242,3
DA:243,3
DA:244,1
DA:245,3
DA:246,3
DA:247,3
DA:248,3
DA:249,3
DA:250,3
DA:251,3
DA:252,3
DA:253,3
DA:254,3
DA:255,3
DA:256,3
DA:257,3
DA:258,3
DA:259,3
DA:260,3
DA:261,3
DA:262,3
DA:263,3
DA:264,3
DA:265,3
DA:266,3
DA:267,3
DA:268,3
DA:269,3
DA:270,3
DA:271,3
DA:272,3
DA:273,3
DA:274,3
DA:275,3
DA:276,3
DA:277,3
DA:278,3
DA:279,3
DA:280,3
DA:281,3
DA:282,3
DA:283,3
DA:284,3
DA:285,3
DA:286,3
DA:287,3
DA:288,3
DA:289,3
DA:290,3
DA:291,3
DA:292,3
DA:293,3
DA:294,3
DA:295,3
DA:296,3
DA:297,3
DA:298,3
DA:299,3
DA:300,3
DA:301,3
DA:302,3
DA:303,3
DA:304,3
DA:305,3
DA:306,3
DA:307,3
DA:308,3
DA:309,3
DA:310,3
DA:311,3
DA:312,3
DA:313,3
DA:314,3
DA:315,3
DA:316,3
DA:317,3
DA:318,3
DA:319,3
DA:320,3
DA:321,3
DA:322,3
DA:323,3
DA:324,3
DA:325,3
DA:326,3
DA:327,3
DA:328,3
DA:329,3
DA:330,3
DA:331,3
DA:332,3
DA:333,3
DA:334,3
DA:335,3
DA:336,3
DA:337,3
DA:338,3
DA:339,3
DA:340,3
DA:341,3
DA:342,3
DA:343,3
DA:344,3
DA:345,3
DA:346,3
DA:347,3
DA:348,3
DA:349,3
DA:350,3
DA:351,3
DA:352,3
DA:353,3
DA:354,3
DA:355,3
DA:356,3
DA:357,3
DA:358,3
DA:359,3
DA:360,3
DA:361,3
DA:362,3
DA:363,3
DA:364,3
DA:365,3
DA:366,3
DA:367,3
DA:368,3
DA:369,3
DA:370,3
DA:371,3
DA:372,3
DA:373,3
DA:374,3
DA:375,3
DA:376,3
DA:377,3
DA:378,3
DA:379,3
DA:380,3
DA:381,3
DA:382,3
DA:383,3
DA:384,3
DA:385,3
DA:386,3
DA:387,3
DA:388,3
DA:389,3
DA:390,3
DA:391,3
DA:392,3
DA:393,3
DA:394,3
DA:395,3
DA:396,3
DA:397,3
DA:398,3
DA:399,3
DA:400,3
DA:401,3
DA:402,3
DA:403,3
DA:404,3
DA:405,3
DA:406,3
DA:407,3
DA:408,3
DA:409,3
DA:410,3
DA:411,3
DA:412,3
DA:413,3
DA:414,3
DA:415,3
DA:416,3
DA:417,3
DA:418,3
DA:419,3
DA:420,3
DA:421,3
DA:422,3
DA:423,3
DA:424,3
DA:425,3
DA:426,3
DA:427,3
DA:428,3
DA:429,3
DA:430,3
DA:431,3
DA:432,3
DA:433,3
DA:434,3
DA:435,3
DA:436,3
DA:437,3
DA:438,3
DA:439,3
DA:440,3
DA:441,3
DA:442,3
DA:443,3
DA:444,3
DA:445,3
DA:446,3
DA:447,3
DA:448,3
DA:449,3
DA:450,3
DA:451,3
DA:452,3
DA:453,3
DA:454,3
DA:455,3
DA:456,3
DA:457,3
DA:458,3
DA:459,3
DA:460,3
DA:461,3
DA:462,3
DA:463,3
DA:464,3
DA:465,3
DA:466,3
DA:467,3
DA:468,3
DA:469,3
DA:470,3
DA:471,3
DA:472,3
DA:473,3
DA:474,3
DA:475,3
DA:476,3
DA:477,3
DA:478,3
DA:479,3
DA:480,3
DA:481,3
DA:482,3
DA:483,3
DA:484,3
DA:485,3
DA:486,3
DA:487,3
DA:488,3
DA:489,3
DA:490,3
DA:491,3
DA:492,3
DA:493,3
DA:494,3
DA:495,3
DA:496,3
DA:497,3
DA:498,3
DA:499,3
DA:500,3
DA:501,3
DA:502,3
DA:503,3
DA:504,3
DA:505,3
DA:506,3
DA:507,3
DA:508,3
DA:509,3
DA:510,3
DA:511,3
DA:512,3
DA:513,3
DA:514,3
DA:515,3
DA:516,3
DA:517,3
DA:518,1
DA:519,3
DA:520,3
DA:521,3
DA:522,3
DA:523,3
DA:524,3
DA:525,3
DA:526,3
DA:527,3
DA:528,3
DA:529,3
DA:530,3
DA:531,3
DA:532,3
DA:533,3
DA:534,3
DA:535,3
DA:536,3
DA:537,3
DA:538,3
DA:539,3
DA:540,3
DA:541,3
DA:542,3
DA:543,3
DA:544,3
DA:545,3
DA:546,3
DA:547,3
DA:548,3
DA:549,3
DA:550,3
DA:551,3
DA:552,3
DA:553,3
DA:554,3
DA:555,3
DA:556,3
DA:557,3
DA:558,3
DA:559,3
DA:560,3
DA:561,3
DA:562,3
DA:563,3
DA:564,3
DA:565,3
DA:566,3
DA:567,3
DA:568,3
DA:569,3
DA:570,3
DA:571,3
DA:572,3
DA:573,3
DA:574,3
DA:575,3
DA:576,3
DA:577,3
DA:578,3
DA:579,3
DA:580,3
DA:581,3
DA:582,3
DA:583,3
DA:584,3
DA:585,3
DA:586,3
DA:587,3
DA:588,3
DA:589,3
DA:590,3
DA:591,3
DA:592,3
DA:593,3
DA:594,3
DA:595,3
DA:596,3
DA:597,3
DA:598,3
DA:599,3
DA:600,3
DA:601,3
DA:602,3
DA:603,3
DA:604,3
DA:605,3
DA:606,3
DA:607,3
DA:608,3
DA:609,3
DA:610,3
DA:611,3
DA:612,3
DA:613,3
DA:614,3
DA:615,3
DA:616,3
DA:617,3
DA:618,3
DA:619,3
DA:620,3
DA:621,3
DA:622,3
DA:623,3
DA:624,3
DA:625,3
DA:626,3
DA:627,3
DA:628,3
DA:629,3
DA:630,3
DA:631,3
DA:632,3
DA:633,3
DA:634,3
DA:635,3
DA:636,3
DA:637,3
DA:638,3
DA:639,3
DA:640,3
DA:641,3
DA:642,3
DA:643,3
DA:644,3
DA:645,3
DA:646,3
DA:647,3
DA:648,3
DA:649,3
DA:650,3
DA:651,3
DA:652,3
DA:653,3
DA:654,3
DA:655,3
DA:656,3
DA:657,3
DA:658,3
DA:659,3
DA:660,3
DA:661,3
DA:662,3
DA:663,3
DA:664,3
DA:665,3
DA:666,3
DA:667,3
DA:668,3
DA:669,3
DA:670,3
DA:671,3
DA:672,3
DA:673,3
DA:674,3
DA:675,3
DA:676,3
DA:677,3
DA:678,3
DA:679,3
DA:680,3
DA:681,3
DA:682,3
DA:683,3
DA:684,3
DA:685,3
DA:686,3
DA:687,3
DA:688,3
DA:689,3
DA:690,3
DA:691,3
DA:692,3
DA:693,3
DA:694,3
DA:695,3
DA:696,3
DA:697,3
DA:698,3
DA:699,3
DA:700,3
DA:701,3
DA:702,3
DA:703,3
DA:704,3
DA:705,3
DA:706,3
DA:707,3
DA:708,3
DA:709,3
DA:710,3
DA:711,3
DA:712,3
DA:713,3
DA:714,3
DA:715,3
DA:716,3
DA:717,3
DA:718,3
DA:719,3
DA:720,3
DA:721,3
DA:722,3
DA:723,3
DA:724,3
DA:725,3
DA:726,3
DA:727,3
DA:728,3
DA:729,3
DA:730,3
DA:731,3
DA:732,3
DA:733,3
DA:734,3
DA:735,3
DA:736,3
DA:737,3
DA:738,3
DA:739,3
DA:740,3
DA:741,3
DA:742,3
DA:743,3
DA:744,3
DA:745,3
DA:746,3
DA:747,3
DA:748,3
DA:749,3
DA:750,3
DA:751,3
DA:752,3
DA:753,3
DA:754,3
DA:755,3
DA:756,3
DA:757,3
DA:758,3
DA:759,3
DA:760,3
DA:761,3
DA:762,3
DA:763,3
DA:764,3
DA:765,3
DA:766,3
DA:767,3
DA:768,3
DA:769,3
DA:770,3
DA:771,3
DA:772,3
DA:773,3
DA:774,3
DA:775,3
DA:776,3
DA:777,3
DA:778,3
DA:779,3
DA:780,3
DA:781,3
DA:782,3
DA:783,3
DA:784,3
DA:785,3
DA:786,3
DA:787,3
DA:788,3
DA:789,3
DA:790,3
DA:791,3
DA:792,3
DA:793,3
DA:794,3
DA:795,3
DA:796,3
DA:797,3
DA:798,3
DA:799,3
DA:800,3
DA:801,3
DA:802,3
DA:803,3
DA:804,3
DA:805,3
DA:806,3
DA:807,3
DA:808,3
DA:809,3
DA:810,3
DA:811,3
DA:812,3
DA:813,3
DA:814,3
DA:815,3
DA:816,3
DA:817,3
DA:818,3
DA:819,3
DA:820,3
DA:821,3
DA:822,3
DA:823,3
DA:824,3
DA:825,3
DA:826,3
DA:827,3
DA:828,3
DA:829,3
DA:830,3
DA:831,3
DA:832,3
DA:833,3
DA:834,3
DA:835,3
DA:836,3
DA:837,3
DA:838,3
DA:839,3
DA:840,3
DA:841,3
DA:842,3
DA:843,3
DA:844,3
DA:845,3
DA:846,3
DA:847,3
DA:848,3
DA:849,3
DA:850,3
DA:851,3
DA:852,3
DA:853,3
DA:854,3
DA:855,3
DA:856,3
DA:857,3
DA:858,3
DA:859,3
DA:860,3
DA:861,3
DA:862,3
DA:863,1
DA:864,3
DA:865,3
DA:866,3
DA:867,3
DA:868,3
DA:869,3
DA:870,3
DA:871,3
DA:872,3
DA:873,3
DA:874,3
DA:875,3
DA:876,3
DA:877,3
DA:878,3
DA:879,3
DA:880,3
DA:881,3
DA:882,3
DA:883,3
DA:884,3
DA:885,3
DA:886,3
DA:887,3
DA:888,3
DA:889,3
DA:890,3
DA:891,3
DA:892,3
DA:893,3
DA:894,3
DA:895,3
DA:896,3
DA:897,3
DA:898,3
DA:899,3
DA:900,3
DA:901,3
DA:902,3
DA:903,3
DA:904,3
DA:905,3
DA:906,3
DA:907,3
DA:908,3
DA:909,3
DA:910,3
DA:911,3
DA:912,3
DA:913,3
DA:914,3
DA:915,3
DA:916,3
DA:917,3
DA:918,3
DA:919,3
DA:920,3
DA:921,3
DA:922,3
DA:923,3
DA:924,3
DA:925,3
DA:926,3
DA:927,3
DA:928,3
DA:929,3
DA:930,3
DA:931,3
DA:932,3
DA:933,3
DA:934,3
DA:935,3
DA:936,3
DA:937,3
DA:938,3
DA:939,3
LF:939
LH:939
BRDA:8,0,0,3
BRDA:134,1,0,3
BRDA:233,2,0,3
BRDA:245,3,0,3
BRDA:519,4,0,3
BRDA:864,5,0,3
BRF:6
BRH:6
end_of_record
TN:
SF:src/utils/context.ts
FN:78,SourceFiles
FN:81,addFile
FN:87,getFile
FN:99,getTopFile
FN:106,getFileHavingID
FN:110,hasFile
FN:115,logContextState
FN:144,Context
FNF:8
FNH:7
FNDA:120,SourceFiles
FNDA:154,addFile
FNDA:76,getFile
FNDA:116,getTopFile
FNDA:235925,getFileHavingID
FNDA:154,hasFile
FNDA:0,logContextState
FNDA:120,Context
DA:1,1
DA:2,1
DA:3,1
DA:4,1
DA:5,1
DA:6,1
DA:7,1
DA:8,1
DA:9,1
DA:10,1
DA:11,1
DA:12,1
DA:13,1
DA:14,1
DA:15,1
DA:16,1
DA:17,1
DA:18,1
DA:19,1
DA:20,1
DA:21,1
DA:22,1
DA:23,1
DA:24,1
DA:25,1
DA:26,1
DA:27,1
DA:28,1
DA:29,1
DA:30,1
DA:31,1
DA:32,1
DA:33,1
DA:34,1
DA:35,1
DA:36,1
DA:37,1
DA:38,1
DA:39,1
DA:40,1
DA:41,1
DA:42,1
DA:43,1
DA:44,1
DA:45,1
DA:46,1
DA:47,1
DA:48,1
DA:49,1
DA:50,1
DA:51,1
DA:52,1
DA:53,1
DA:54,1
DA:55,1
DA:56,1
DA:57,1
DA:58,1
DA:59,1
DA:60,1
DA:61,1
DA:62,1
DA:63,1
DA:64,1
DA:65,1
DA:66,1
DA:67,1
DA:68,1
DA:69,1
DA:70,1
DA:71,1
DA:72,1
DA:73,1
DA:74,1
DA:75,1
DA:76,1
DA:77,1
DA:78,120
DA:79,120
DA:80,120
DA:81,120
DA:82,154
DA:83,154
DA:84,154
DA:85,154
DA:86,120
DA:87,120
DA:88,76
DA:89,76
DA:90,76
DA:91,188
DA:92,188
DA:93,39
DA:94,39
DA:95,188
DA:96,76
DA:97,76
DA:98,120
DA:99,120
DA:100,116
DA:101,0
DA:102,0
DA:103,116
DA:104,116
DA:105,120
DA:106,120
DA:107,235925
DA:108,235925
DA:109,120
DA:110,120
DA:111,154
DA:112,154
DA:113,120
DA:114,1
DA:115,0
DA:116,0
DA:117,0
DA:118,0
DA:119,0
DA:120,0
DA:121,0
DA:122,0
DA:123,0
DA:124,0
DA:125,0
DA:126,0
DA:127,0
DA:128,0
DA:129,1
DA:130,1
DA:131,1
DA:132,1
DA:133,1
DA:134,1
DA:135,1
DA:136,1
DA:137,1
DA:138,1
DA:139,1
DA:140,1
DA:141,1
DA:142,1
DA:143,1
DA:144,1
DA:145,120
DA:146,120
DA:147,120
DA:148,120
DA:149,120
DA:150,120
DA:151,120
DA:152,120
DA:153,120
DA:154,120
DA:155,120
DA:156,120
DA:157,120
DA:158,120
DA:159,120
DA:160,120
DA:161,120
DA:162,120
DA:163,120
DA:164,120
DA:165,120
DA:166,120
DA:167,120
DA:168,120
DA:169,120
DA:170,120
DA:171,120
DA:172,120
DA:173,120
DA:174,120
DA:175,120
DA:176,120
DA:177,120
DA:178,120
DA:179,120
DA:180,120
DA:181,120
DA:182,120
DA:183,120
DA:184,120
DA:185,120
DA:186,120
DA:187,120
DA:188,120
DA:189,120
DA:190,120
DA:191,120
DA:192,120
DA:193,120
DA:194,0
DA:195,0
DA:196,120
DA:197,120
DA:198,120
DA:199,120
DA:200,120
DA:201,1
LF:201
LH:183
BRDA:78,0,0,120
BRDA:81,1,0,154
BRDA:87,2,0,76
BRDA:90,3,0,188
BRDA:92,4,0,39
BRDA:99,5,0,116
BRDA:100,6,0,0
BRDA:106,7,0,235925
BRDA:107,8,0,251673
BRDA:110,9,0,154
BRDA:111,10,0,54
BRDA:144,11,0,120
BRDA:193,12,0,0
BRF:13
BRH:11
end_of_record
TN:
SF:src/utils/dumpUtils.ts
FN:10,dumpBytes
FN:52,debugMessage
FNF:2
FNH:0
FNDA:0,dumpBytes
FNDA:0,debugMessage
DA:1,1
DA:2,1
DA:3,1
DA:4,1
DA:5,1
DA:6,1
DA:7,1
DA:8,1
DA:9,1
DA:10,0
DA:11,0
DA:12,0
DA:13,0
DA:14,0
DA:15,0
DA:16,0
DA:17,0
DA:18,0
DA:19,0
DA:20,0
DA:21,0
DA:22,0
DA:23,0
DA:24,0
DA:25,0
DA:26,0
DA:27,0
DA:28,0
DA:29,0
DA:30,0
DA:31,0
DA:32,0
DA:33,0
DA:34,0
DA:35,0
DA:36,0
DA:37,0
DA:38,0
DA:39,0
DA:40,0
DA:41,0
DA:42,0
DA:43,0
DA:44,0
DA:45,0
DA:46,0
DA:47,0
DA:48,0
DA:49,0
DA:50,0
DA:51,1
DA:52,0
DA:53,0
DA:54,0
LF:54
LH:10
BRF:0
BRH:0
end_of_record
TN:
SF:src/utils/fileUtils.ts
FN:12,getSourceSymbol
FNF:1
FNH:1
FNDA:235919,getSourceSymbol
DA:1,1
DA:2,1
DA:3,1
DA:4,1
DA:5,1
DA:6,1
DA:7,1
DA:8,1
DA:9,1
DA:10,1
DA:11,1
DA:12,235919
DA:13,235919
DA:14,235919
DA:15,235919
DA:16,142901
DA:17,142901
DA:18,142901
DA:19,142901
DA:20,142901
DA:21,142901
DA:22,235919
DA:23,235919
LF:23
LH:23
BRDA:12,0,0,235919
BRDA:15,1,0,142901
BRF:2
BRH:2
end_of_record
TN:
SF:src/utils/files.ts
FN:14,libraryDir
FN:24,fileSpecFromURI
FN:35,isSpin1File
FN:45,isSpin2File
FN:55,isSpinExt
FN:64,fileExists
FN:73,fileSize
FN:92,locateIncludeFile
FN:122,locateSpin2File
FN:153,locateDataFile
FN:175,dirExists
FN:189,loadFileAsString
FN:210,loadFileAsUint8Array
FN:237,loadUint8ArrayFailed
FN:247,dumpUniqueChildObjectFile
FN:268,dumpUniqueObjectFile
FNF:16
FNH:12
FNDA:0,libraryDir
FNDA:308,fileSpecFromURI
FNDA:154,isSpin1File
FNDA:269,isSpin2File
FNDA:0,isSpinExt
FNDA:1203,fileExists
FNDA:406,fileSize
FNDA:1,locateIncludeFile
FNDA:114,locateSpin2File
FNDA:12,locateDataFile
FNDA:2,dirExists
FNDA:154,loadFileAsString
FNDA:406,loadFileAsUint8Array
FNDA:406,loadUint8ArrayFailed
FNDA:0,dumpUniqueChildObjectFile
FNDA:0,dumpUniqueObjectFile
DA:1,1
DA:2,1
DA:3,1
DA:4,1
DA:5,1
DA:6,1
DA:7,1
DA:8,1
DA:9,1
DA:10,1
DA:11,1
DA:12,1
DA:13,1
DA:14,0
DA:15,0
DA:16,0
DA:17,1
DA:18,1
DA:19,1
DA:20,1
DA:21,1
DA:22,1
DA:23,1
DA:24,308
DA:25,308
DA:26,308
DA:27,308
DA:28,308
DA:29,1
DA:30,1
DA:31,1
DA:32,1
DA:33,1
DA:34,1
DA:35,154
DA:36,154
DA:37,154
DA:38,154
DA:39,1
DA:40,1
DA:41,1
DA:42,1
DA:43,1
DA:44,1
DA:45,269
DA:46,269
DA:47,269
DA:48,269
DA:49,1
DA:50,1
DA:51,1
DA:52,1
DA:53,1
DA:54,1
DA:55,0
DA:56,0
DA:57,0
DA:58,1
DA:59,1
DA:60,1
DA:61,1
DA:62,1
DA:63,1
DA:64,1203
DA:65,1203
DA:66,1203
DA:67,1087
DA:68,1087
DA:69,1087
DA:70,1203
DA:71,1203
DA:72,1
DA:73,406
DA:74,406
DA:75,406
DA:76,406
DA:77,406
DA:78,406
DA:79,406
DA:80,406
DA:81,1
DA:82,1
DA:83,1
DA:84,1
DA:85,1
DA:86,1
DA:87,1
DA:88,1
DA:89,1
DA:90,1
DA:91,1
DA:92,1
DA:93,1
DA:94,1
DA:95,1
DA:96,1
DA:97,1
DA:98,1
DA:99,1
DA:100,1
DA:101,1
DA:102,1
DA:103,1
DA:104,1
DA:105,0
DA:106,0
DA:107,0
DA:108,0
DA:109,0
DA:110,1
DA:111,1
DA:112,1
DA:113,1
DA:114,1
DA:115,1
DA:116,1
DA:117,1
DA:118,1
DA:119,1
DA:120,1
DA:121,1
DA:122,114
DA:123,114
DA:124,114
DA:125,114
DA:126,114
DA:127,114
DA:128,114
DA:129,114
DA:130,114
DA:131,0
DA:132,0
DA:133,0
DA:134,0
DA:135,0
DA:136,0
DA:137,0
DA:138,114
DA:139,114
DA:140,114
DA:141,114
DA:142,114
DA:143,114
DA:144,1
DA:145,1
DA:146,1
DA:147,1
DA:148,1
DA:149,1
DA:150,1
DA:151,1
DA:152,1
DA:153,12
DA:154,12
DA:155,12
DA:156,12
DA:157,12
DA:158,12
DA:159,12
DA:160,12
DA:161,12
DA:162,12
DA:163,12
DA:164,0
DA:165,0
DA:166,0
DA:167,0
DA:168,0
DA:169,0
DA:170,0
DA:171,12
DA:172,12
DA:173,12
DA:174,1
DA:175,2
DA:176,2
DA:177,2
DA:178,2
DA:179,2
DA:180,2
DA:181,2
DA:182,2
DA:183,1
DA:184,1
DA:185,1
DA:186,1
DA:187,1
DA:188,1
DA:189,154
DA:190,154
DA:191,154
DA:192,154
DA:193,154
DA:194,154
DA:195,154
DA:196,154
DA:197,0
DA:198,0
DA:199,154
DA:200,0
DA:201,0
DA:202,154
DA:203,0
DA:204,0
DA:205,154
DA:206,154
DA:207,1
DA:208,1
DA:209,1
DA:210,406
DA:211,406
DA:212,406
DA:213,406
DA:214,406
DA:215,406
DA:216,406
DA:217,406
DA:218,0
DA:219,0
DA:220,406
DA:221,0
DA:222,0
DA:223,406
DA:224,406
DA:225,0
DA:226,0
DA:227,406
DA:228,406
DA:229,406
DA:230,0
DA:231,0
DA:232,0
DA:233,406
DA:234,406
DA:235,406
DA:236,1
DA:237,406
DA:238,406
DA:239,406
DA:240,406
DA:241,406
DA:242,406
DA:243,406
DA:244,406
DA:245,406
DA:246,1
DA:247,0
DA:248,0
DA:249,0
DA:250,0
DA:251,0
DA:252,0
DA:253,0
DA:254,0
DA:255,0
DA:256,0
DA:257,0
DA:258,0
DA:259,0
DA:260,0
DA:261,0
DA:262,0
DA:263,0
DA:264,0
DA:265,0
DA:266,0
DA:267,1
DA:268,0
DA:269,0
DA:270,0
DA:271,0
DA:272,0
DA:273,0
DA:274,0
DA:275,0
DA:276,0
DA:277,0
DA:278,0
DA:279,0
DA:280,0
DA:281,0
DA:282,0
LF:282
LH:207
BRDA:24,0,0,308
BRDA:35,1,0,154
BRDA:45,2,0,269
BRDA:64,3,0,1203
BRDA:66,4,0,1087
BRDA:73,5,0,406
BRDA:92,6,0,1
BRDA:104,7,0,0
BRDA:104,8,0,0
BRDA:104,9,0,0
BRDA:122,10,0,114
BRDA:130,11,0,0
BRDA:153,12,0,12
BRDA:163,13,0,0
BRDA:175,14,0,2
BRDA:189,15,0,154
BRDA:196,16,0,0
BRDA:199,17,0,0
BRDA:202,18,0,0
BRDA:210,19,0,406
BRDA:217,20,0,0
BRDA:220,21,0,0
BRDA:224,22,0,0
BRDA:229,23,0,0
BRDA:237,24,0,406
BRDA:240,25,0,0
BRF:26
BRH:13
end_of_record
TN:
SF:src/utils/float32.ts
FN:7,hexString
FN:16,stringToFloat32
FN:38,float32ToHexString
FN:45,float32ToString
FN:52,hexStringToFloat64
FN:63,bigIntFloat32ToNumber
FN:77,numberToBigIntFloat32
FNF:7
FNH:6
FNDA:30337,hexString
FNDA:207,stringToFloat32
FNDA:6002888,float32ToHexString
FNDA:207,float32ToString
FNDA:0,hexStringToFloat64
FNDA:419,bigIntFloat32ToNumber
FNDA:135,numberToBigIntFloat32
DA:1,1
DA:2,1
DA:3,1
DA:4,1
DA:5,1
DA:6,1
DA:7,30337
DA:8,30337
DA:9,30337
DA:10,1011
DA:11,30337
DA:12,29326
DA:13,29326
DA:14,30337
DA:15,1
DA:16,207
DA:17,207
DA:18,207
DA:19,207
DA:20,207
DA:21,207
DA:22,207
DA:23,207
DA:24,207
DA:25,207
DA:26,207
DA:27,207
DA:28,207
DA:29,207
DA:30,207
DA:31,207
DA:32,207
DA:33,207
DA:34,207
DA:35,207
DA:36,207
DA:37,1
DA:38,6002888
DA:39,6002888
DA:40,6002888
DA:41,6002888
DA:42,6002888
DA:43,1
DA:44,1
DA:45,207
DA:46,207
DA:47,207
DA:48,207
DA:49,207
DA:50,207
DA:51,1
DA:52,0
DA:53,0
DA:54,0
DA:55,0
DA:56,0
DA:57,0
DA:58,0
DA:59,1
DA:60,1
DA:61,1
DA:62,1
DA:63,419
DA:64,419
DA:65,419
DA:66,419
DA:67,419
DA:68,419
DA:69,419
DA:70,419
DA:71,419
DA:72,419
DA:73,419
DA:74,419
DA:75,419
DA:76,1
DA:77,135
DA:78,135
DA:79,135
DA:80,135
DA:81,135
DA:82,135
DA:83,135
DA:84,135
DA:85,135
DA:86,135
DA:87,135
DA:88,135
DA:89,135
LF:89
LH:82
BRDA:7,0,0,30337
BRDA:9,1,0,1011
BRDA:11,2,0,29326
BRDA:16,3,0,207
BRDA:38,4,0,6002888
BRDA:45,5,0,207
BRDA:63,6,0,419
BRDA:77,7,0,135
BRF:8
BRH:8
end_of_record
TN:
SF:src/utils/formatUtils.ts
FN:7,hexByte
FN:11,hexWord
FN:15,hexLong
FN:20,hexAddress
FNF:4
FNH:4
FNDA:13477726,hexByte
FNDA:4387,hexWord
FNDA:119416,hexLong
FNDA:4333553,hexAddress
DA:1,1
DA:2,1
DA:3,1
DA:4,1
DA:5,1
DA:6,1
DA:7,13477726
DA:8,13477726
DA:9,13477726
DA:10,1
DA:11,4387
DA:12,4387
DA:13,4387
DA:14,1
DA:15,119416
DA:16,119416
DA:17,119416
DA:18,119416
DA:19,1
DA:20,4333553
DA:21,4333553
DA:22,4333553
DA:23,4333553
LF:23
LH:23
BRDA:7,0,0,13477726
BRDA:11,1,0,4387
BRDA:15,2,0,119416
BRDA:20,3,0,4333553
BRF:4
BRH:4
end_of_record
